0.1659967441359107 0.5063544797383549
2.221641101230642 3.7415482966454405
0 0
3.769394965789091 -2.3097051685902414
0 0
0 0
0.11960468560073867 1.3835766054965044
0 0
1.0705253461093958 -4.272858651797858
0 0
0 0
-0.8528214318719732 -1.427162514820968
-2.135707377773442 3.88746460709131
0 0
-0.1454955731873544 1.5470176185659024
-0.646528680065934 -2.0078295061748612
-0.9985252127326891 -3.552487186897763
0 0
0.03129415951744796 3.5795284136549115
-2.062510316306349 -4.068519797802291
1.2990770032070218 0.43404281293025304
-0.5778585109696615 -1.9568399850866487
-1.7706069577713388 -3.264195650803556
5.705974651634791 0.05435774311032626
0 0
2.482014302468553 0.98763505370724
0 0
0 0
0 0
0 0
0 0
0 0
0.5475052735250301 4.7442999940661155
1.9124070616060864 -0.002160140968690105
0.15231398121297335 2.8557838515629803
1.0192978573120177 -0.4566523359124467
0 0
0.5162356802131055 0.7850931849120438
2.9992310547989756 1.7841670926034028
0 0
0 0
0 0
0 0
0.8156615714701764 1.981491187760045
0.2721952288634424 4.678310723713171
0.37974276657818606 -3.5861011787119192
0.8929523954366704 -0.4587866437505699
0 0
1.6679053538785067 4.298790317803946
6.327703764624361 3.721193601059079
0 0
-1.8140101838941882 -3.931066705077459
2.006256896648383 -0.8113511325649864
-1.1072758943136605 6.3645660101811465
0.8502084827350102 2.400882970403046
0 0
6.05267818928689 1.3619094209611609
0 0
-2.2633970822480833 1.7914202096547918
0 0
-0.748022711823095 -1.6622874272481198
0.3828197496026573 1.6075023116049683
2.987752749559738 4.255232325094515
-0.32463236786920063 1.550744639689762
2.6169137862256773 -2.1914691985629497
0.19678349083126612 -1.5539382079583948
0 0
0 0
1.8408922910491752 1.3861669056760024
2.2637669101714164 -4.301071468055943
1.341307753260678 3.2842517378108957
0 0
-1.2913251678836257 -5.77736150335035
0 0
0 0
0 0
0 0
0 0
0 0
0 0
2.825422194923975 1.4593871146528326
0 0
0 0
1.3936779646320319 -1.4978733730830074
0 0
-0.22981138909837784 -1.5662792834770545
0 0
0 0
0 0
1.2155664781777653 0.36551131591792485
3.5073302970879214 -0.3945493787610149
0 0
1.8143018966055515 2.866254495919965
-0.8540830707273687 2.6662944794401993
-2.03031508964476 -3.132435954443511
2.091535940259269 1.4623007204105893
0 0
3.765881125149324 4.035174280769965
0.5413365432893684 -1.2085585497301814
2.401404583784147 2.2803013911742767
0 0
-0.9781477531250654 4.883279031677576
0 0
1.4855862051083975 6.4772781143072695
0 0
0 0
2.4160922515269667 -0.19778722805364943
2.825422194923975 1.4593871146528326
-0.8528214318719732 -1.427162514820968
0 0
0 0
0.8929523954366704 -0.4587866437505699
1.0705253461093958 -4.272858651797858
0 0
0 0
-1.1072758943136605 6.3645660101811465
0 0
0 0
0 0
0 0
0 0
-0.8565780988694419 1.9894598162852013
0 0
0.5475052735250301 4.7442999940661155
0 0
0.3828197496026573 1.6075023116049683
-1.2913251678836257 -5.77736150335035
-2.03031508964476 -3.132435954443511
0 0
-3.7419901187843903 -1.2182245722530278
0 0
0.8156615714701764 1.981491187760045
-2.062510316306349 -4.068519797802291
-0.5382347015851787 0.19836479077211555
-3.697478216204067 -4.343238398923347
-1.2913251678836257 -5.77736150335035
-1.3427664024089214 6.313882594312689
1.2990770032070218 0.43404281293025304
0.04564837942761024 2.8014002435726786
0 0
0 0
1.341307753260678 3.2842517378108957
-2.062510316306349 -4.068519797802291
0 0
1.341307753260678 3.2842517378108957
-2.630300327492547 3.127322830895303
0 0
0 0
0 0
3.765881125149324 4.035174280769965
0.44242776290225455 -0.4261523808187735
3.5142404073990785 -0.22503151799915555
0.5475052735250301 4.7442999940661155
6.327703764624361 3.721193601059079
0.1659967441359107 0.5063544797383549
0 0
0.2721952288634424 4.678310723713171
0.09744709604330193 1.3793745185107515
-2.2633970822480833 1.7914202096547918
2.9992640324958133 4.390760537820038
3.7499098551816403 -3.8811323766487367
-1.2892745101961676 1.0231096223842349
0 0
1.8408922910491752 1.3861669056760024
-0.8784646307296229 -1.6065667961005659
2.2637669101714164 -4.301071468055943
0 0
0.5475052735250301 4.7442999940661155
0 0
0 0
0.6109491083645604 1.4251576700126634
0 0
0.9320925396283748 -3.448055924199397
-2.03031508964476 -3.132435954443511
0 0
0 0
2.2637669101714164 -4.301071468055943
4.205747141169799 4.2845981491178335
0 0
0 0
3.546132954321036 0.49190717106001947
0.3828197496026573 1.6075023116049683
1.9124070616060864 -0.002160140968690105
0 0
0 0
-0.5778585109696615 -1.9568399850866487
2.6850707712244954 4.0073312110920405
0 0
0.5162356802131055 0.7850931849120438
0 0
0.5475052735250301 4.7442999940661155
0 0
0 0
1.2411230563534237 0.3791205957821671
3.885594856414871 2.24464567510685
-0.748022711823095 -1.6622874272481198
0.15231398121297335 2.8557838515629803
2.223338229932255 -2.202792399674598
0 0
-0.8540830707273687 2.6662944794401993
-0.9985252127326891 -3.552487186897763
-0.8540830707273687 2.6662944794401993
-1.7706069577713388 -3.264195650803556
-3.191209341755567 3.838130369141637
4.095485099040581 4.471352037818564
0 0
3.4427994262895303 2.0377828792946375
0 0
0 0
1.6679053538785067 4.298790317803946
6.050964714378859 4.112251663109771
-1.3777687661584306 3.3256068185790655
1.9124070616060864 -0.002160140968690105
0 0
1.1020408988769947 3.650024920970732
2.203624600477861 3.7751664446372204
0 0
0 0
3.8767277009060717 4.050283661200672
-0.7654731495797397 4.964813934429287
-1.8140101838941882 -3.931066705077459
0 0
0 0
0.5525401327543926 -2.688677651652617
0 0
2.308422905489783 1.9908164642712194
-0.6366005358742302 -2.317524576909607
1.6816938067141012 1.4674457603566262
3.4841287011991 3.501462865317289
3.769394965789091 -2.3097051685902414
3.765881125149324 4.035174280769965
3.0857793387203247 2.8703546201932126
-2.135707377773442 3.88746460709131
5.053099408858566 1.8324066921145432
0 0
0 0
3.769394965789091 -2.3097051685902414
0 0
1.9558060117835732 0.25608282900924884
1.3769221115049493 -3.656772015211098
2.459746426703864 0.44925591840196266
0 0
-0.2292155401671101 2.2127401301953564
0 0
1.2086748198688548 0.061483391975276414
0 0
1.6679053538785067 4.298790317803946
0 0
-1.26685279427205 -5.8095446259409425
0 0
0.11232792263274538 3.492947912460838
5.376445423171605 -0.9892550485599869
0 0
0 0
0 0
0 0
0.29759538695510146 0.8983749744303262
0 0
0 0
0.03129415951744796 3.5795284136549115
0.5274401686955139 0.7428628510625155
-0.9985252127326891 -3.552487186897763
2.9992310547989756 1.7841670926034028
0 0
0 0
-0.9985252127326891 -3.552487186897763
-0.18254788001592648 4.247756718550846
0 0
-1.7706069577713388 -3.264195650803556
0.6871227267153291 -1.9374503355776893
0.5413365432893684 -1.2085585497301814
0 0
1.9124070616060864 -0.002160140968690105
0.828007452996689 -0.8855950215974545
3.8913197183439623 -1.8799426919548965
0 0
1.6679053538785067 4.298790317803946
0 0
-2.062510316306349 -4.068519797802291
-0.8528214318719732 -1.427162514820968
0 0
0 0
3.6473418645673914 -0.10719855845183845
-0.5778585109696615 -1.9568399850866487
0 0
-2.2633970822480833 1.7914202096547918
0 0
1.5509870417226779 -2.2593709419461723
0.19678349083126612 -1.5539382079583948
0 0
0 0
0.5537682382497401 0.927658368902102
0 0
-1.9493972543516866 2.4487767802042186
0 0
0 0
0 0
1.8644835765657901 -4.136628163666177
2.828680779117746 0.9842191987791002
0.504418023010971 3.1384402603293684
