## Generation 0 
-2.224395817915163
-5.641049303430193
-1000000
-6.214551973962804
-1000000
-1000000
-2.5312068754840715
-1000000
-5.261696205535249
-1000000
-1000000
-1.8310684069368843
-3.8898325881417746
-1000000
-2.4150466209208084
-2.421417754075172
-3.6909506854745278
-1000000
-4.115723463335764
-4.068999985838524
-3.32750691006733
-2.4190306203219802
-3.272246080988985
-7.7061663682971435
-1000000
-4.58953975980642
-1000000
-1000000
-1000000
-1000000
-1000000
-1000000
-5.3849944802509855
-3.9124076579408458
-3.5760252908183867
-3.053635686695981
-1000000
-2.635870502769976
-5.308065876908025
-1000000
-1000000
-1000000
-1000000
-3.4430012216414645
-5.2009097651929554
-4.303870037424482
-2.9291054516262607
-1000000
-5.650940442214514
-9.121290029809478
-1000000
-3.9354640960709606
-4.0875891405885225
-6.4268699089702
-3.7266509673735158
-1000000
-8.167032710300575
-1000000
-1.8106806428789208
-1000000
-2.0810205719545327
-2.874350994731121
-6.556270253068432
-2.282907278081633
-5.1106193516726375
-2.6908328933142154
-1000000
-1000000
-4.083370211214306
-6.0563127427171075
-4.685151756273623
-1000000
-5.820663704258285
-1000000
-1000000
-1000000
-1000000
-1000000
-1000000
-1000000
-5.041280602156523
-1000000
-1000000
-3.7095383499055616
-1000000
-2.3636409439708075
-1000000
-1000000
-1000000
-3.2362735202149726
-5.5214451200300125
-1000000
-4.771196264442506
-2.9021116208524615
-3.1325826427008434
-4.3449959433061185
-1000000
-7.037614412962722
-2.814072705951976
-4.957029023996879
## Generation 1 
-1000000
-4.989047616095204
-1000000
-7.355572239012128
-1000000
-1000000
-4.420519263794432
-5.041280602156523
-1.8310684069368843
-1000000
-1000000
-2.9291054516262607
-5.261696205535249
-1000000
-1000000
-6.4268699089702
-1000000
-1000000
-1000000
-1000000
-1000000
-2.2946380988292177
-1000000
-5.3849944802509855
-1000000
-2.874350994731121
-5.820663704258285
-3.1325826427008434
-1000000
-2.125700045251805
-1000000
-3.4430012216414645
-4.068999985838524
-1.4751631699130223
-4.66316974646748
-5.820663704258285
-6.3479972760365335
-3.32750691006733
-3.4687923859671783
-1000000
-1000000
-4.685151756273623
-4.068999985838524
-1000000
-4.685151756273623
-3.1902079229223013
-1000000
-1000000
-1000000
-7.037614412962722
-2.479326365905308
-5.518830170850138
-5.3849944802509855
-9.121290029809478
-2.224395817915163
-1000000
-5.2009097651929554
-2.510370168524405
-1.8106806428789208
-6.653677101203815
-6.937193371082142
-1.2457463711655392
-1000000
-4.083370211214306
-1.9593107091161621
-6.0563127427171075
-1000000
-5.3849944802509855
-1000000
-1000000
-2.974580580664376
-1000000
-4.526174578753114
-3.1325826427008434
-1000000
-1000000
-6.0563127427171075
-7.541158987818855
-1000000
-1000000
-5.5679047595972815
-2.874350994731121
-3.9124076579408458
-1000000
-1000000
-2.4190306203219802
-6.165110831669978
-1000000
-2.635870502769976
-1000000
-5.3849944802509855
-1000000
-1000000
-3.263220969007766
-6.299100016719299
-2.0810205719545327
-3.5760252908183867
-4.7632845978874165
-1000000
-2.9021116208524615
-3.6909506854745278
-2.9021116208524615
-3.272246080988985
-4.018734182104241
-7.559624834522543
-1000000
-5.8117660532719295
-1000000
-1000000
-5.650940442214514
-9.040389735676364
-3.3833167779780204
-3.9124076579408458
-1000000
-4.790129399297371
-5.649985970465545
-1000000
-1000000
-7.137277226420863
-5.11599784479155
-3.9354640960709606
-1000000
-1000000
-3.70735062326428
-1000000
-4.746141393486121
-2.6888246992614615
-3.963365532724127
-6.506605090868177
-6.214551973962804
-7.037614412962722
-5.839870471835747
-3.8898325881417746
-7.287244030259122
-1000000
-1000000
-6.214551973962804
-1000000
-3.964086227389162
-4.977507862213989
-4.482317377285669
-1000000
-2.834060071163387
-1000000
-3.2092638263547633
-1000000
-5.650940442214514
-1000000
-5.855622391007295
-1000000
-4.08198657174402
-7.442484305131637
-1000000
-1000000
-1000000
-1000000
-2.466986452504361
-1000000
-1000000
-4.115723463335764
-2.634349829051627
-3.6909506854745278
-5.308065876908025
-1000000
-1000000
-3.6909506854745278
-4.6202347720033075
-1000000
-3.272246080988985
-3.312754496074245
-2.814072705951976
-1000000
-3.9124076579408458
-2.96342786254078
-6.183998103879318
-1000000
-5.650940442214514
-1000000
-4.068999985838524
-1.8310684069368843
-1000000
-1000000
-5.6483592012397414
-2.4190306203219802
-1000000
-1.8106806428789208
-1000000
-4.208831907286522
-2.6908328933142154
-1000000
-1000000
-2.7170355654807485
-1000000
-2.4492995645968847
-1000000
-1000000
-1000000
-5.660912106541041
-4.927965655102168
-4.015210692060687
