1.0500431177285434 -0.26137872090484326
0 0
0 0
1.3608502841982806 5.175727274015714
0 0
0 0
2.7680459169529437 3.9390979127663757
3.9106985489233326 -1.7323501572760116
0 0
2.6706500635446027 -0.8728896225903275
4.2246911467007635 0.6686093023857737
0 0
-2.060283016888228 -2.403096873803675
3.393981287344925 3.735621979419251
-3.1555476310594615 4.637660292685211
2.6809295126536163 -2.07596990867883
0 0
1.387790960307709 -4.387577463877126
0.14359808846217836 5.060817514236319
-1.1880221989545552 2.9564898750788595
-0.9484336949300876 0.9127545343086667
2.7293540352661365 -2.1718683303671606
2.6104377934004424 1.4144056952801316
3.1587493223959733 -1.6653284928493872
0 0
0.03618254530019488 1.9803787011695557
0 0
0.7423560894441887 0.42774640966787303
3.0964106470894244 -2.686364162064749
0.7926388312779571 -4.583327724238628
4.196301659169936 1.0601782670786521
0.16159776688753869 -2.809932658014185
0 0
0 0
0.3370085723873387 3.844729491824883
0 0
-4.057478781740359 0.5495694658554742
1.37398547269343 -5.126460482319118
-1.8379629692045865 4.113636815419414
2.4333837650863295 0.11998669106737048
3.734448235904948 -0.050888755157323655
2.044104866964266 -0.9760852807395355
2.716910711235404 -0.9474277683330092
0 0
-0.2428164074679955 2.878079387884867
3.192708678710045 3.4248182671527942
0 0
-0.24697294125298855 -0.29012332269161034
0.5943672978527089 -2.6748069908524705
1.8639983708853334 -0.7529577316282127
-1.0245936175100532 1.013268313265234
0.045977302699532374 -0.9875764332627728
1.3007071049750776 -1.352779963844862
4.284361650665764 -2.4244452131119214
2.759322909633493 -0.31730102766255885
0 0
0 0
0 0
1.2080103707696794 -2.4183378463765224
0 0
1.3206909154322322 4.159359570233886
-1.826516842139211 2.7036152137671716
0 0
0 0
0 0
0 0
3.7256531291790944 -1.1532559445397323
3.414785718730959 4.068158606218155
1.4027550228208003 0.10020687974574771
0 0
-0.10314555928449107 0.9124142374577917
-1.5575900506190998 -3.347597890478567
0 0
-1.1992532021628959 -5.347057934769859
5.210184368559473 1.2382594760529408
1.1768041852003335 0.15654412759983827
-0.1445829397590882 0.8757453060940149
0.0037986897945437303 1.1468552573424735
5.270911398733195 -0.05515707213140255
2.4076281889737197 -0.18872235473234855
1.1706153143292322 -0.022531188568515104
-2.08458689377976 3.18871682670077
0 0
1.4736954189091507 -1.0305747593854604
0 0
0 0
0 0
0 0
0.21169094422841583 -0.14232059920366946
0.24371315503757973 -1.6269570091058025
1.3266049509928017 -0.006639230936587914
0 0
0 0
0 0
0 0
1.5870179717315156 -0.9114239085148376
1.4164312213219474 -3.652139666619153
5.864098097554635 3.412553697354791
-3.45839596495056 -5.4430835482667606
0 0
