## Generation 0 
-3.06122228133553
-1000000
-1000000
-6.171180393391997
-1000000
-1000000
-6.1847194142121
-6.159333925324931
-1000000
-4.751516422082016
-6.260496647315743
-1000000
-2.4038528713318
-6.561242694897622
-4.779454290815658
-5.1206202909580805
-1000000
-5.543280941127291
-5.496079209514705
-3.065964828701466
-1.3924483954026516
-5.204209991472282
-4.822518026680254
-5.420886787271702
-1000000
-2.8404117937072426
-1000000
-2.7755150715309367
-5.761072286909121
-5.367096484109071
-6.286344900609414
-3.545169452704321
-1000000
-1000000
-4.499283713294809
-1000000
-2.1296115925474446
-6.137130848102056
-4.116826915055207
-4.435007149325053
-5.734674030463704
-4.16023156209849
-4.811119000188599
-1000000
-3.3720965497493416
-6.220418280547868
-1000000
-1.7768723676924063
-3.726303008946107
-3.936677375125274
-1.4064601969730592
-2.271856143046402
-3.5671670865566507
-6.7358099696873746
-4.769888311094709
-1000000
-1000000
-1000000
-4.01742311415948
-1000000
-5.322335971200086
-2.709175452084021
-1000000
-1000000
-1000000
-1000000
-5.840642347318879
-6.772726099962968
-3.404230186706029
-1000000
-2.1048887167681407
-3.3767052284213026
-1000000
-5.406683270918659
-7.315739549673312
-3.1806588774957225
-2.05170716930529
-2.308784565635434
-7.271120606263825
-4.411666621517481
-3.1706953694603595
-3.1898385450495668
-1000000
-3.623347098751763
-1000000
-1000000
-1000000
-1000000
-2.2162653238589627
-2.771504615108405
-3.3266115762675463
-1000000
-1000000
-1000000
-1000000
-3.7009987125825026
-5.0010125409277295
-8.572605299749446
-5.635075625401699
-1000000
