0.8625006100604048 -1.645986551059345
1.4796396278859731 -1.9125798991277412
3.8577872067120147 0.2800935199682313
1.7747291125372042 2.781840366084616
0.7091608332683732 0.42467063821464046
-1.844086702680775 1.4204678150118508
-0.681591374303211 -0.889952090040868
1.6402807607282353 1.4599871103140765
0 0
4.53444897404154 2.5805908322398117
0.2035115827461239 -0.3072813095781939
0 0
2.5547114649320894 3.6445320516809065
-0.5058353233356256 -1.0820245776486141
2.186781563009848 -0.10813902213300663
0 0
0 0
0 0
0 0
4.410185303028962 0.37819347953606686
1.887474905454789 1.4951532804417886
-2.6150596095996566 4.355969696459146
0 0
0.8056879969282273 -2.8768381748735155
0.5461927217018359 0.696346082142144
-1.7954367640679838 -1.2749494858271069
3.192115019262665 1.4079202296599473
1.5984956410941873 -1.0986908881004087
3.658992762649272 3.114416081930862
-3.0900358626737434 -2.9278317145382102
0 0
0.8633793418913605 -1.6246117444247195
-0.575113148498924 2.1886683807543412
-0.9891630926720334 -1.0836027620201574
-1.7950054442361216 1.2111715095418472
0 0
6.358395839934319 -0.205021864667136
-0.7373444314276167 -2.449176942800554
0 0
3.4042905976742697 -1.9421142385047805
-2.50484896861991 -3.874887820597901
0 0
3.2529107235533408 -0.2835209086587211
-0.1068300055669461 -2.9435674951003743
0 0
0 0
2.0146757126848382 -0.5977914424673437
3.9907404056104467 -1.1847441316498222
0 0
0 0
3.0449265856298595 3.8430214430484924
2.2087505532868565 -4.6973409867200955
0 0
0 0
0.7336350669926205 -2.0021827744380483
-3.842718915149039 0.13406428006344906
1.1349405324908033 -1.5184673431662872
0 0
0.1863126976626266 -0.4440773271631929
0.7564939200991255 -3.5040512276989895
0.037914241383949054 -1.2168916040254991
0.9674784329483969 1.9244556963868589
0.6158614961187215 -4.424673289479726
0 0
4.2373462551084975 0.16810247837382708
2.9123349058322994 -1.9080598927948773
2.000722967455255 1.497286352602519
0 0
-0.3139551389575777 -3.1596938459224586
0 0
0 0
0 0
3.3065174286914925 0.3722261173423703
-0.2173710574156572 -4.606221200627141
2.674209163562277 -2.4350973703393777
0 0
2.0375827723391575 -2.077130240212548
-0.9706830339106388 -2.7708873856634963
0.21672926023336547 1.958576307254266
0 0
0.46154350627651913 -0.3838939646341071
0 0
0 0
0 0
0.6646803244938715 2.9961387857017887
2.312547411622476 -0.9717535666000464
0.5985955037269307 2.839456176760458
3.918080432580558 3.3113381688894044
1.9376984462090616 0.18624882344744043
-0.27132549003809203 -3.9590481681374947
1.9169557672071056 -0.8652215770022459
0 0
1.60680237902755 1.0376353134401866
0 0
-0.7649987993825799 -2.0715304742623757
-0.8948233592348354 1.024768621889251
0.44151896445841854 2.874668234530101
4.32692886513086 0.495349011966158
2.359675253702613 1.9072920727029503
-0.7381558277406899 1.8655057996397666
3.9907404056104467 -1.1847441316498222
3.192115019262665 1.4079202296599473
0.7336350669926205 -2.0021827744380483
4.410185303028962 0.37819347953606686
0 0
0 0
0.025540319106368115 -1.2038079596535416
-2.50484896861991 -3.874887820597901
3.658992762649272 3.114416081930862
0 0
-0.27132549003809203 -3.9590481681374947
4.32692886513086 0.495349011966158
0 0
-0.9706830339106388 -2.7708873856634963
-0.681591374303211 -0.889952090040868
0 0
0 0
2.312547411622476 -0.9717535666000464
0.7336350669926205 -2.0021827744380483
0 0
6.358395839934319 -0.205021864667136
-0.7381558277406899 1.8655057996397666
0.3218534481473143 -1.9910348001577542
0 0
0 0
0 0
-4.715518535978754 -3.00357141527274
0 0
-1.4987881563007486 4.837802441009611
0.975283862365586 -5.062045523491585
3.9902131087637804 1.7933621132328388
1.2266350567499287 -4.03797455541544
2.2702276347287405 -0.6249604681232577
2.3560296695046876 1.9117935427094739
0 0
0 0
0 0
2.674209163562277 -2.4350973703393777
0.7564939200991255 -3.5040512276989895
0.8625006100604048 -1.645986551059345
0 0
3.658992762649272 3.114416081930862
-0.7373444314276167 -2.449176942800554
0.8056879969282273 -2.8768381748735155
1.0057849470789293 -1.4698287401687398
0.8625006100604048 -1.645986551059345
1.4796396278859731 -1.9125798991277412
-0.9891630926720334 -1.0836027620201574
0 0
-3.842718915149039 0.13406428006344906
0 0
0 0
-0.9706830339106388 -2.7708873856634963
0 0
4.2373462551084975 0.16810247837382708
-0.17684039900842213 3.5017044065045266
-0.8948233592348354 1.024768621889251
3.681704532067347 2.452916214504492
-0.5058353233356256 -1.0820245776486141
2.503759059825326 1.8434773107526319
0 0
0.6646803244938715 2.9961387857017887
0 0
0.9674784329483969 1.9244556963868589
4.32692886513086 0.495349011966158
-1.5801508608499832 -1.46055850839333
-0.11646358595622114 -3.273490926659992
-3.4728071023487352 -0.008786713062199802
0 0
0.5985955037269307 2.839456176760458
0 0
-0.9706830339106388 -2.7708873856634963
4.2100588093079265 -3.5702529750198226
0.16696048974670752 -3.1337928412102793
1.4796396278859731 -1.9125798991277412
0 0
0.6646803244938715 2.9961387857017887
1.608349730602097 1.2873797092645778
0 0
1.5984956410941873 -1.0986908881004087
3.192115019262665 1.4079202296599473
1.4796396278859731 -1.9125798991277412
2.2159787098314876 -1.2971965007921225
1.4506338588151415 -1.1635229063707035
-1.080885551377568 -2.866544332759368
0.8056879969282273 -2.8768381748735155
4.32692886513086 0.495349011966158
2.550805326583607 -1.4618265328954958
0 0
0 0
-1.7954367640679838 -1.2749494858271069
1.4796396278859731 -1.9125798991277412
3.93448333088446 0.16698343349015243
-2.50484896861991 -3.874887820597901
1.3101447375926933 -2.1396793886604577
0 0
2.2988084634833763 1.772622772083424
-1.7950054442361216 1.2111715095418472
3.0412017811018215 2.683035146630013
-1.4893484350679551 3.513585783577347
0 0
3.520465646196543 3.489498878327784
2.9123349058322994 -1.9080598927948773
0.8056879969282273 -2.8768381748735155
-3.0900358626737434 -2.9278317145382102
-3.188875456223939 3.8587899231416585
2.5454311795317803 2.3142142422661163
0 0
1.6411174941834568 -6.31909026501971
1.6196425387726237 1.2896708052817871
0.8633793418913605 -1.6246117444247195
2.312547411622476 -0.9717535666000464
1.5984956410941873 -1.0986908881004087
3.2822845862870227 1.68464528424436
1.9273844977968393 3.7901353719953046
0.44151896445841854 2.874668234530101
3.059315840884913 6.0834488164041245
0.2035115827461239 -0.3072813095781939
0 0
1.5285868526693065 -1.644468048746228
-1.844086702680775 1.4204678150118508
4.32692886513086 0.495349011966158
2.703244695402358 1.055128463081263
1.9592034419995419 1.8240133920773771
-0.2173710574156572 -4.606221200627141
3.9907404056104467 -1.1847441316498222
5.0789102425933725 -1.7427450992059736
0.5461927217018359 0.696346082142144
0.5985955037269307 2.839456176760458
3.9335464085575294 -0.5885381132790541
-0.17652813945889412 2.7602758789644644
2.000722967455255 1.497286352602519
0 0
0 0
2.9123349058322994 -1.9080598927948773
2.8076580523608623 -1.0814832328730684
0 0
0.7564939200991255 -3.5040512276989895
-1.844086702680775 1.4204678150118508
3.968346511634792 2.438221488945382
3.4042905976742697 -1.9421142385047805
-0.47953917257722334 -0.5121824950295184
0.7749508062205449 1.806325825087037
0 0
1.358649200176743 2.4167218639464227
0 0
1.7747291125372042 2.781840366084616
3.918080432580558 3.3113381688894044
-0.05733719562317563 -2.9449473160481148
2.0146757126848382 -0.5977914424673437
4.32692886513086 0.495349011966158
3.918080432580558 3.3113381688894044
1.8471551254314051 -2.095001553369491
3.704138196150741 3.0605842240210404
1.4796396278859731 -1.9125798991277412
-0.27132549003809203 -3.9590481681374947
2.0146757126848382 -0.5977914424673437
0 0
4.2373462551084975 0.16810247837382708
0 0
3.9907404056104467 -1.1847441316498222
0.6646803244938715 2.9961387857017887
0 0
2.0375827723391575 -2.077130240212548
0.31131416534158507 1.5558002091906653
3.597341478350251 -0.17908083941122477
0 0
3.8577872067120147 0.2800935199682313
6.358379455976427 -0.30146461903996746
0.519391352278271 3.607382956136293
3.0449265856298595 3.8430214430484924
0 0
2.2087505532868565 -4.6973409867200955
0 0
2.312547411622476 -0.9717535666000464
0 0
0 0
0.1863126976626266 -0.4440773271631929
-0.9706830339106388 -2.7708873856634963
1.5984956410941873 -1.0986908881004087
2.0191559696698818 1.2209556078578876
0 0
-5.3421809242486455 2.189626727546974
1.4796396278859731 -1.9125798991277412
4.51174887042872 2.7340190194336733
0 0
2.9991786363890087 -1.0119400651940313
0 0
0 0
4.180761047349102 2.4702854985906
1.8049184626276111 1.9693228599039438
0 0
0 0
0.21672926023336547 1.958576307254266
0 0
0 0
3.0138700167594847 1.7715275971568887
0.8703324050357021 -0.5919862982522359
1.0173629052360538 -1.2233756927516037
-0.3139551389575777 -3.1596938459224586
