## Generation 0 
-3.3019965882575386
-3.9706238565875154
-5.864479801231064
-4.689052750333877
-2.742243164177279
-1.428998869756549
-1.5906652780770079
-3.922143084999754
-1000000
-7.0255585142956924
-2.2248337237898066
-1000000
-5.833353272733725
-1.8448049402652889
-4.188177874024344
-1000000
-1000000
-1000000
-1000000
-6.42133209911558
-4.1650863703597505
-4.399178368721968
-1000000
-4.018467745362243
-2.6396960510941625
-1.2912560973353744
-5.379618736150237
-3.762484889879125
-6.459395220847415
-3.124160164039393
-1000000
-3.2921580423322525
-2.6116224498373573
-1.4818860276937906
-1.2283970015506822
-1000000
-8.360909937442392
-2.755497556158001
-1000000
-5.742661802641134
-3.907637150930795
-1000000
-5.26055654615254
-3.4998117415131262
-1000000
-1000000
-4.0589377534902775
-6.106765859675014
-1000000
-1000000
-6.341931729853726
-6.30702731604303
-1000000
-1000000
-3.3884357071882283
-1.8475893026960784
-3.4833310515247047
-1000000
-2.230956719540125
-4.45832185220877
-2.373587923626017
-3.5368712130030553
-5.1400841515982805
-1000000
-6.239611105617995
-5.26988868777613
-4.271726897170948
-1000000
-3.5813981171335616
-1000000
-1000000
-1000000
-5.3195563258074765
-4.939133496479552
-5.270477256166021
-1000000
-4.540544535437946
-2.9558941660195637
-2.95802463892925
-1000000
-2.4912990606056495
-1000000
-1000000
-1000000
-4.009659443759701
-4.4206753072004314
-3.8490531266446477
-6.781492201222141
-3.9421006681099375
-4.319997448960462
-4.011377676006993
-1000000
-3.753093450083132
-1000000
-2.411735157790791
-1.5071715681042317
-3.7715689457341908
-6.346290216187873
-4.758627046569468
-2.2521906232720155
## Generation 1 
-6.106765859675014
-5.379618736150237
-3.3884357071882283
-6.42133209911558
-1000000
-1000000
-2.3562612732994515
-3.907637150930795
-6.459395220847415
-1000000
-4.319997448960462
-6.346290216187873
-1000000
-2.9558941660195637
-1.5906652780770079
-1000000
-1000000
-4.4206753072004314
-3.3884357071882283
-1000000
-8.360909937442392
-2.2521906232720155
-3.058630904524572
-1000000
-1000000
-1000000
-4.049133508034489
-1000000
-4.863696718598206
-5.87167939720437
-6.252903386234621
-5.168792150941082
-4.31571774321698
-4.757094599810977
-1000000
-1000000
-1000000
-5.270477256166021
-4.45832185220877
-3.3019965882575386
-1000000
-6.459395220847415
-2.755497556158001
-4.018467745362243
-3.3459138771809873
-3.3019965882575386
-3.9706238565875154
-1.4818860276937906
-1000000
-1.8475893026960784
-1000000
-1000000
-2.9558941660195637
-1000000
-6.239611105617995
-3.9478911688673723
-1.5071715681042317
-6.1885833875850516
-1.8448049402652889
-4.866441642948002
-1000000
-4.009659443759701
-1000000
-3.5368712130030553
-6.346290216187873
-1.5197053846338635
-3.776698594004318
-1.4728333127191668
-1000000
-3.8490531266446477
-1000000
-2.9558941660195637
-7.163207153272959
-3.81003613312841
-3.9706238565875154
-1000000
-4.009659443759701
-3.831127026628375
-1000000
-3.762484889879125
-5.379618736150237
-3.9706238565875154
-4.411031086199654
-3.641518856363482
-3.010290315125996
-4.018467745362243
-6.346290216187873
-4.779829069406039
-1000000
-1000000
-1.2912560973353744
-3.9706238565875154
-5.936832141100645
-3.907637150930795
-3.941482724822093
-1000000
-4.649940397233607
-1.2283970015506822
-5.71072613560098
-3.5504999759645663
-1000000
-6.53086084468863
-5.26988868777613
-4.018467745362243
-3.124160164039393
-4.037782129009846
-5.10064036832308
-1000000
-7.293054119085891
-3.8425333953641183
-3.2921580423322525
-4.4206753072004314
-3.762484889879125
-5.54441702834953
-5.4579735370909335
-3.7715689457341908
-7.912333807394488
-2.2248337237898066
-1000000
-3.8929680630821912
-1.428998869756549
-6.346290216187873
-4.820145925014578
-4.35916468484716
-4.939133496479552
-6.106765859675014
-7.290276449044974
-2.6396960510941625
-3.8490531266446477
-5.962663003498355
-3.308197780390146
-4.271726897170948
-1000000
-1000000
-5.26988868777613
-4.92779686385466
-1000000
-4.45832185220877
-1.428998869756549
-6.447176444932945
-5.742661802641134
-1.6044101831956243
-3.3110670430120286
-1000000
-4.1377613533799344
-1000000
-4.689052750333877
-6.781492201222141
-3.5279815002077637
-4.0589377534902775
-6.346290216187873
-6.781492201222141
-4.38059745557084
-6.473358351977148
-3.9706238565875154
-4.319997448960462
-4.0589377534902775
-1000000
-6.239611105617995
-1000000
-6.106765859675014
-4.009659443759701
-1000000
-4.540544535437946
-2.786159984966116
-5.6002054937568495
-1000000
-5.864479801231064
-8.363814204453712
-4.400061883446318
-6.341931729853726
-1000000
-6.30702731604303
-1000000
-4.4206753072004314
-1000000
-1000000
-2.230956719540125
-2.9558941660195637
-3.762484889879125
-4.200517504414506
-1000000
-3.9955773720952523
-3.9706238565875154
-7.062416962354657
-1000000
-5.100569549969216
-1000000
-1000000
-6.656133830458562
-4.284347912318129
-1000000
-1000000
-2.95802463892925
-1000000
-1000000
-5.317631293390716
-2.9307432321369307
-3.2559371903508865
-3.5813981171335616
