2.3825270053065335 0.6366203815076512
1.8930618447418452 -0.10482914464684912
0.9940620326805315 0.24678166774645527
0 0
-2.480407245122054 -5.154866070425573
0 0
0.8763240883571298 -0.6378637821370239
0 0
0 0
3.4834181725597766 0.6863686309793371
-0.4234763720924247 1.104544981146938
4.320894657872361 0.542044027527663
-1.3995420732999126 1.887707023197005
1.8192504779153111 -0.8419512620642027
3.070919571525817 -4.101915136669258
4.375217230959221 -1.0576879048776537
0 0
3.0048555404916657 1.329053097016462
0 0
0 0
0 0
-2.663638600033426 -5.0980796731902345
0 0
0 0
3.73127756334217 -3.4247454506943047
3.0589396354486658 -3.0876783322770542
0 0
-0.3206659734345905 -0.7483857696992069
0.10752732131286447 0.6543107528841088
-2.3287954880232284 1.432047119724188
0 0
0.10276989540324277 1.5017073618514851
0 0
-0.4569004074107317 -3.745286780524126
0 0
0 0
1.4696448865842526 1.1695688834617124
0 0
1.7014986554229359 1.3470771342695746
-0.871481578112053 3.803111167559625
0 0
1.156516082568153 -1.8010152852112373
4.193539091188729 -1.0389373755098703
0 0
0.3330885787813429 0.02954881758561967
0 0
-0.33639247600496897 2.157180584744089
0 0
1.5746928596682923 -1.7811607180563147
1.2476166382650564 3.4276365615862363
1.6668718000485234 2.720165804523882
0 0
0 0
0 0
0 0
3.504791219919087 0.5434408007479211
0 0
0.5377711749810113 0.010710481041115272
1.8458641609397224 0.16154658017513335
0 0
0 0
0.10484677330889322 1.483366098871305
5.692616180438456 -1.696703021213961
0 0
1.446553519512317 0.8370022951818404
1.3642268241598108 1.7455742964115317
0.4938453793468984 -0.2664139152497562
0.36518284212754515 2.7932537045277583
0 0
0 0
0 0
0 0
3.623935867805682 1.9759274176344293
3.163428640827364 -3.720686479948891
1.5799306489668377 2.0102751009266644
0 0
0 0
-1.7341813356683249 -5.759518972477339
0 0
0 0
2.4104789002524214 -2.4475902959398947
0 0
3.301994658648156 -0.4620175346052026
0 0
-1.0102755467076636 -3.6205355073950436
-1.9678653612190606 -5.950060090135343
1.192407175828679 -0.6472838480527201
3.409569051390663 -0.4771477423570917
0 0
-1.130403746157321 3.4031343527405964
0 0
-0.8184482303373084 -0.18773502079587812
0 0
0 0
0 0
1.0409915601166955 -0.30236786822894623
0 0
4.028159244489357 -2.010823700687855
0 0
0 0
-0.9032424613426204 -1.8112423083256304
1.8285587254086024 -0.9910982024141455
0 0
1.7912102230083369 -1.79549762106966
-1.0102755467076636 -3.6205355073950436
0 0
-0.4569004074107317 -3.745286780524126
0 0
4.375217230959221 -1.0576879048776537
0.8133915952842141 0.47561155621854956
2.049287128328055 -2.276998447273419
-0.4234763720924247 1.104544981146938
0 0
0 0
2.2789552909350856 0.3119995205303362
-0.7986799170676271 0.8810580417994478
-1.0545422163575653 1.6458311269744952
-2.451946880875103 -2.5309099005999656
0 0
0.10752732131286447 0.6543107528841088
0 0
-2.480407245122054 -5.154866070425573
-0.42336540222308483 -5.590700019367662
0 0
2.10738073751598 -0.9794563205934532
0 0
0 0
3.163428640827364 -3.720686479948891
0 0
0 0
0 0
1.7518935970984635 3.944747506523481
0 0
0 0
-0.871481578112053 3.803111167559625
3.5036132515378995 0.44219247223285185
0 0
0 0
0 0
1.414563880872712 2.4545433851493192
0.10484677330889322 1.483366098871305
0 0
0.7842416859098105 1.7026161087941265
0 0
2.0205594006913277 1.077688809657368
0 0
3.8872174826977735 -3.344518911202976
0 0
-0.871481578112053 3.803111167559625
0 0
2.811641186214087 -2.3190529599313
0 0
-0.8833455237326074 -5.379551953305865
0 0
-1.6698255525838464 3.488821236487732
0 0
2.4104789002524214 -2.4475902959398947
0 0
0 0
0 0
0 0
0 0
0 0
1.6468468480193184 -2.2483702874285743
-1.130403746157321 3.4031343527405964
0 0
0 0
3.070919571525817 -4.101915136669258
0 0
1.8189592821616791 -0.774363187960008
0 0
0 0
4.375217230959221 -1.0576879048776537
0 0
2.4104789002524214 -2.4475902959398947
-3.052875943428891 0.8768058274415311
0.5377711749810113 0.010710481041115272
0.29000561710063855 0.7169560321718713
2.130083329961094 -0.014651340867990914
0 0
0.38116408817391556 1.8680381045688486
0 0
0.29740448239746636 2.1953803829632057
0 0
0 0
1.0115293152415499 3.2488603672130374
3.070919571525817 -4.101915136669258
1.3642268241598108 1.7455742964115317
0.44233137128139166 0.6800812334178726
-1.9678653612190606 -5.950060090135343
0 0
-2.002368183081083 2.8032630057695784
2.045528380512709 -1.1740710179314378
0 0
0 0
0 0
0 0
-0.6883217635237604 -1.9708471854715028
4.686827121016125 1.5399610302416087
0 0
0.7628894423242022 -1.6891725282905465
0 0
0 0
0 0
3.30797752375767 1.108808280870912
-2.3287954880232284 1.432047119724188
4.320894657872361 0.542044027527663
-0.4569004074107317 -3.745286780524126
-0.41260875700073074 -1.4252974491980113
0 0
-0.8184482303373084 -0.18773502079587812
4.4260596554115885 -3.966684985034487
1.1648559763104962 2.774464707538247
0 0
2.9211847829413085 -1.9256699288643802
0 0
-0.8296727350445087 -5.969744805109976
0 0
1.0040796667072827 0.1603961662884838
0 0
0 0
1.819547455173359 0.28899626587782673
0 0
0 0
1.58024684319499 2.010503591366752
5.692523980155587 0.21509828844419773
4.100105349148414 -0.7788692260294987
-2.663638600033426 -5.0980796731902345
-4.110705033733026 4.477786506243842
0 0
1.8192504779153111 -0.8419512620642027
6.428245651884676 -1.559463922057343
0 0
1.0849535252988147 -0.2683392005942907
0 0
0 0
0 0
1.6436903188911343 0.7593846577466127
3.2520303572872815 2.24236350764202
-1.0863335190615158 -3.6684627309998126
1.8020249125047219 -0.5617720153046543
0 0
-0.25881081240358683 -0.2986272189334891
0 0
3.2383573393319245 2.145986517753532
1.9188454207698515 0.5862488263452681
-0.03701104022450802 -1.8436275221781626
2.4104789002524214 -2.4475902959398947
1.02102858445003 0.46771926032950156
1.4349303981528547 -5.570131210145805
0 0
3.436552302684238 0.9150259325964487
0 0
1.3642268241598108 1.7455742964115317
0 0
1.1577115454308602 2.501988476953661
0 0
0 0
1.8930618447418452 -0.10482914464684912
3.0048555404916657 1.329053097016462
1.191502243221054 1.5470895423287128
0 0
1.2476166382650564 3.4276365615862363
-2.356757510180713 1.7855010773172797
5.692616180438456 -1.696703021213961
0 0
0 0
3.409569051390663 -0.4771477423570917
-0.18602200726768692 -5.816731434954693
-0.41831116497545706 -0.42076554140606437
-0.4569004074107317 -3.745286780524126
1.5746928596682923 -1.7811607180563147
0 0
0 0
3.4129242794590646 -0.09377111845282204
1.8930618447418452 -0.10482914464684912
-4.673759627844396 4.384846888604436
0 0
0 0
0 0
1.151703238928083 -1.8051868439649752
0.36430087278341594 0.6457899400283322
-1.3655960960670246 -5.759926013706738
0 0
0 0
1.6668718000485234 2.720165804523882
0 0
1.192407175828679 -0.6472838480527201
0 0
0 0
-2.3287954880232284 1.432047119724188
0 0
0 0
0 0
0 0
1.2476166382650564 3.4276365615862363
0 0
-3.8307156929637713 -2.1124082442503966
0 0
0 0
0.9940620326805315 0.24678166774645527
1.6841371937899225 1.3381803336798435
-0.871481578112053 3.803111167559625
-0.871481578112053 3.803111167559625
1.8930618447418452 -0.10482914464684912
0.36518284212754515 2.7932537045277583
1.706316892384145 -1.9338505827454995
-1.0863335190615158 -3.6684627309998126
0.36430087278341594 0.6457899400283322
1.0115293152415499 3.2488603672130374
-0.7715700901959193 -3.0960712588525325
0.9570658454811728 -0.5317942747073074
-2.60129575617846 -2.9953395473988254
1.192407175828679 -0.6472838480527201
0 0
-0.3206659734345905 -0.7483857696992069
4.279399649183295 -3.589652928500621
0.8763240883571298 -0.6378637821370239
2.10738073751598 -0.9794563205934532
1.8525516750759494 -0.03693358067236363
0 0
-1.6698255525838464 3.488821236487732
2.5411771374420393 -1.8431806231715233
-0.6883217635237604 -1.9708471854715028
-0.42860656234488226 -0.7176930797806784
0.7842416859098105 1.7026161087941265
1.8930618447418452 -0.10482914464684912
-1.0863335190615158 -3.6684627309998126
0 0
1.739853787025031 -2.135296294305877
1.9188454207698515 0.5862488263452681
1.4684075487498274 0.9020689817493733
-0.25881081240358683 -0.2986272189334891
0.7169129225298121 0.2846324383106841
0.35692684940956143 -0.8299590595281486
-0.3206659734345905 -0.7483857696992069
3.7453414206437303 2.407305207961402
-1.130403746157321 3.4031343527405964
1.191502243221054 1.5470895423287128
1.0409915601166955 -0.30236786822894623
-2.356757510180713 1.7855010773172797
-0.41260875700073074 -1.4252974491980113
0.10484677330889322 1.483366098871305
-2.3287954880232284 1.432047119724188
1.414563880872712 2.4545433851493192
4.5033116101997255 -1.2305377594119393
-0.4234763720924247 1.104544981146938
1.3859107852270487 -0.4239125217544016
-0.7741161850167877 1.2328722087429678
2.3158255886014625 -0.7600263777516663
-0.8184482303373084 -0.18773502079587812
0.10276989540324277 1.5017073618514851
2.074177483727368 1.6180030491304143
2.155575462136929 -4.096174290746678
2.6845544356693236 -0.9844562642486715
2.130083329961094 -0.014651340867990914
-0.0008320210980374831 4.658232767909357
0.283687229032612 1.9213969515928495
0.10484677330889322 1.483366098871305
1.58024684319499 2.010503591366752
-0.41260875700073074 -1.4252974491980113
-3.8307156929637713 -2.1124082442503966
2.16894907867165 -2.4948877869863675
-0.09794944045724491 -2.7968488291289857
1.7227359583976927 -0.10077033683245773
2.806258222061452 0.7902665106567839
1.661770371019769 -4.627355380657879
-0.5654814315699375 -3.669716439591563
1.191502243221054 1.5470895423287128
0.015097679813807607 1.973671328811553
1.516156721589927 -1.9296323855732296
-3.052875943428891 0.8768058274415311
1.9188454207698515 0.5862488263452681
0 0
-4.295597344634683 -3.44009599719272
-0.41260875700073074 -1.4252974491980113
-2.3287954880232284 1.432047119724188
-2.3287954880232284 1.432047119724188
-2.3287954880232284 1.432047119724188
-0.7083732410597228 2.362731840242005
-5.959751522153354 4.477814730905311
1.4696448865842526 1.1695688834617124
0.38116408817391556 1.8680381045688486
-1.0545422163575653 1.6458311269744952
1.3642268241598108 1.7455742964115317
2.8457800151110337 0.8550161463927373
-2.356757510180713 1.7855010773172797
0 0
0.2974346213415889 -2.920007326572617
0.07702692893887769 1.4139204500319087
0.609076877660852 0.9620846057891205
1.5799306489668377 2.0102751009266644
-0.4234763720924247 1.104544981146938
-0.9465537515917606 -1.6113339830291054
0.13568325865819203 -1.8344569087757465
1.8020249125047219 -0.5617720153046543
-2.451946880875103 -2.5309099005999656
2.022145614980181 1.56074610587148
1.8192504779153111 -0.8419512620642027
5.607245233193955 0.8744089523694704
-3.052875943428891 0.8768058274415311
-2.002368183081083 2.8032630057695784
2.447646554832986 5.3512234083647945
1.58024684319499 2.010503591366752
1.4696448865842526 1.1695688834617124
6.112545386011125 -2.433955649987404
1.8294138841241345 1.2298458128988397
1.8487083195953042 -2.234812867071279
1.819547455173359 0.28899626587782673
-0.8214573013078456 -0.17409723117709963
1.446553519512317 0.8370022951818404
3.460379444322279 2.919159487151842
1.8020249125047219 -0.5617720153046543
0.10358073500819354 1.0475611476680482
0 0
1.9465576043762463 -0.9033481186539776
0.6398937705358658 0.19862896056098442
2.583202971754062 1.5754727371971016
1.8189592821616791 -0.774363187960008
2.104321605111011 -2.4961966769032773
-1.0863335190615158 -3.6684627309998126
1.893061844741845 -0.10482914464684912
-0.025935636728568356 0.4158343726688858
-3.8436344323264557 -2.050320293084894
3.1079515143423335 0.8525428303685239
1.8285587254086024 -0.9910982024141455
1.1577115454308602 2.501988476953661
1.3872558723254165 2.6621416876803656
-0.5572783800757343 -0.8950186111674245
2.10738073751598 -0.9794563205934532
-1.0863335190615158 -3.6684627309998126
1.3642268241598108 1.7455742964115317
0.7519790938419586 -1.773984285834396
1.8020249125047219 -0.5617720153046543
0.5377711749810113 0.010710481041115272
1.156516082568153 -1.8010152852112373
0.01027971345051848 1.9037321889442311
1.8192504779153111 -0.8419512620642027
1.0440879045180904 3.2285586483057793
-2.3287954880232284 1.432047119724188
1.8458641609397224 0.16154658017513335
3.5151503760951606 -0.5810304262247881
2.4192765127616958 -0.008220225939354259
-1.1761070274513792 1.8890576029376225
1.121756127877667 2.8212237686466506
1.5799306489668377 2.0102751009266644
1.7840341806583309 -0.9813119167744896
1.4665827127096265 -0.37182153806111773
1.3403227890668874 -5.817987668097286
-0.5565947756488138 1.4628281204181772
1.0409915601166955 -0.30236786822894623
1.446553519512317 0.8370022951818404
0 0
1.6997658962974707 1.342973946003455
1.6235750803269995 1.892609075826317
0.5065608847084266 1.8540562042028905
0.060996049756845444 1.4779694377584418
-0.42800718393347303 -2.683389511953124
-0.41831116497545706 -0.42076554140606437
0.1606723148874437 -4.569918030513949
0.29000561710063855 0.7169560321718713
2.163494619036909 -7.519775432063175
-0.4569004074107317 -3.7452867805241263
-2.870191075796493 1.439661843214812
-0.25881081240358683 -0.2986272189334891
0.832068831648383 1.305963473270399
0 0
1.151703238928083 -1.8051868439649752
1.1611820033483276 -3.399239527647731
1.0115293152415499 3.2488603672130374
-1.200320546180504 -1.8118427194328395
2.2789552909350856 0.3119995205303362
2.879527395972341 -1.6590789086540862
1.446553519512317 0.8370022951818404
-0.4569004074107317 -3.745286780524126
2.567646609577228 -5.225104957163336
1.9188454207698515 0.5862488263452681
2.0752099962687036 -3.7530521839700235
-1.3995420732999126 1.887707023197005
0.7628894423242022 -1.6891725282905465
1.8285587254086024 -0.9910982024141455
0.31189121601221537 0.48097107425071195
0 0
0.44233137128139166 0.6800812334178726
0.38116408817391556 1.8680381045688486
-1.3454236254096914 3.686970165558356
1.446553519512317 0.8370022951818404
-0.6883217635237604 -1.9708471854715028
-0.5487293881095119 -0.32705615873366156
2.558614276327242 -6.752258154412177
0.30137467595659173 0.09786870831934147
1.58024684319499 2.010503591366752
-0.871481578112053 3.803111167559625
1.0302179883231306 0.656727425087946
-0.4569004074107317 -3.745286780524126
1.319151396494685 -1.937684078114176
0.34011426618954355 -2.5919015910356706
0.29000561710063855 0.7169560321718713
1.1489840429282006 0.6559133949055341
1.165042601655592 -0.19972976160898687
2.460822041690591 1.2668837098975083
-1.3995420732999126 1.887707023197005
0 0
3.837951090412832 2.1251453174536805
0.10484677330889322 1.483366098871305
0.41083071463379106 0.611037441983923
-1.2158762317893066 1.6853032086433557
0 0
-3.052875943428891 0.8768058274415311
1.4163788063210754 -3.55219034113753
-1.1761070274513792 1.8890576029376225
-2.870191075796493 1.439661843214812
0.9940620326805315 0.24678166774645527
-2.451946880875103 -2.5309099005999656
-0.9032424613426204 -1.8112423083256304
-0.5224355509963137 -2.313063858515331
0.36430087278341594 0.6457899400283322
-2.2599808393509355 1.1609017015016105
0.20033679487604633 1.6963719190990092
0.8763240883571298 -0.6378637821370239
-0.6958799639958811 -1.9407748222687946
-2.002368183081083 2.8032630057695784
3.0461430899605175 -2.2123269616911014
0.5426278285642752 1.3412943359121363
-0.71408511204907 2.7161835324432584
3.976216491980127 2.203444285095607
0 0
-0.6883217635237604 -1.9708471854715028
0.10752732131286447 0.6543107528841088
0.8763240883571298 -0.6378637821370239
0 0
0.9940620326805315 0.24678166774645527
0 0
-0.11280652448664102 1.515069848351911
2.9704040863955186 2.0733331104731807
-0.8214573013078456 -0.17409723117709963
0.5335948431674568 -1.197390129246099
-0.9124278082341449 1.8335112189088725
0.29000561710063855 0.7169560321718713
2.9796344527688583 1.3196207433131155
0.10752732131286447 0.6543107528841088
-0.13662134813962268 0.7504908199615551
-3.8307156929637713 -2.1124082442503966
-3.052875943428891 0.8768058274415311
2.5856824677711305 0.7116856937100838
-2.002368183081083 2.8032630057695784
0.10752732131286447 0.6543107528841088
-0.25881081240358683 -0.2986272189334891
0 0
-0.17178059410749386 -0.3416793886985854
-0.48094368212540817 1.0939546311134571
3.1409830150487403 -3.756841843179111
0.4855581325693157 2.037625469084068
0.30137467595659173 0.09786870831934147
-0.0674828862785729 1.2089146800660417
5.12699722726698 1.2865555847229786
-0.8184482303373087 -0.1877350207958786
-3.3301147536002285 2.2986024604585706
-0.41260875700073074 -1.4252974491980113
0.31189121601221537 0.48097107425071195
-2.356757510180713 1.7855010773172797
-2.4398503346346336 0.39895465224243976
-3.8307156929637713 -2.1124082442503966
0.6655259100917579 -5.103119000106927
-2.870191075796493 1.439661843214812
0.35692684940956143 -0.8299590595281486
-0.9334511482642505 7.781446571237005
0.10484677330889322 1.483366098871305
-2.3287954880232284 1.432047119724188
0 0
-2.002368183081083 2.8032630057695784
-0.6330685430215595 -0.5208024578175705
-2.43281135475954 2.1708483071702487
2.3202819892381727 -6.095962106258617
-0.7407578923009848 1.599949044603753
0.399263991893001 -4.496762734471577
-0.4234763720924247 1.104544981146938
-2.3287954880232284 1.432047119724188
0.8133915952842141 0.47561155621854956
-0.7083732410597228 2.362731840242005
0 0
0.27220762650598873 0.4960651648402846
0.35692684940956143 -0.8299590595281486
-1.0545422163575653 1.6458311269744952
-1.519706030199605 3.2948059401000127
0.44469385752053786 -3.8684089407799305
4.167189545768958 2.9186222633383876
0.0496820886818824 2.461398213429108
0.07702692893887769 1.4139204500319087
0.63098136470433 2.2033320918942807
6.639500119136006 -1.1441094523133228
0 0
0 0
0.060996049756845444 1.4779694377584418
0.28612931217690935 1.5416984650265058
-3.743086855282871 0.15662425955985637
-0.4234763720924247 1.104544981146938
-2.7270349782516594 0.8340258716835487
0 0
-0.7871994436873706 1.2439944521707247
-0.9465537515917606 -1.6113339830291054
-0.25881081240358683 -0.2986272189334891
0 0
-2.3287954880232284 1.432047119724188
-0.8184482303373084 -0.18773502079587812
0.8763240883571298 -0.6378637821370239
0.2581350581387226 0.21257334191991561
2.1885735063750515 -2.3474315033728232
0.5377711749810113 0.010710481041115272
-2.356757510180713 1.7855010773172797
-0.4234763720924247 1.104544981146938
-0.4234763720924247 1.104544981146938
3.2550736811345775 0.5671370754135887
-1.9680920315992805 -2.5879194705394752
0.30137467595659173 0.09786870831934147
-0.17209411685954223 6.44411226643475
-1.2517174718703257 -4.942267807362342
0.10276989540324277 1.5017073618514851
0.10484677330889322 1.483366098871305
-0.41731570840026094 -0.4301229018303927
-0.9032424613426204 -1.8112423083256304
-2.356757510180713 1.7855010773172797
0 0
1.3460049257884408 -0.2176504650506122
0 0
3.67265551004744 0.8400589186428923
-0.7083732410597228 2.362731840242005
3.6352365582246406 0.7425691496522335
-0.4234763720924247 1.104544981146938
2.582696637921274 1.8930578195728915
-2.3287954880232284 1.432047119724188
2.8407299599331215 -0.4255453778981173
-0.8184482303373084 -0.18773502079587812
-0.5487293881095119 -0.32705615873366156
-1.3995420732999126 1.887707023197005
0.04620942008465079 0.0777746182215307
-0.03701104022450802 -1.8436275221781626
-0.6883217635237604 -1.9708471854715028
0.6063959709442617 1.3776685299674618
0.052246141123779594 1.4861487711166856
0.6658527755828061 0.6666725740093882
0.2173469290223749 0.7546167949264391
0 0
3.997017204442326 -0.26509144145344016
0.8763240883571298 -0.6378637821370239
0 0
0.29000561710063855 0.7169560321718713
0.10752732131286447 0.6543107528841088
0 0
0.10484677330889322 1.483366098871305
0.30137467595659173 0.09786870831934147
-0.4234763720924247 1.104544981146938
-0.45076098841396217 1.0365118471307195
-0.8184482303373084 -0.18773502079587812
-0.23393331006631912 -2.8945418838406924
-0.41260875700073074 -1.4252974491980113
0 0
-0.6883217635237604 -1.9708471854715028
-0.7083732410597228 2.362731840242005
-1.2684333054842616 2.6945920789060906
0.10276989540324277 1.5017073618514851
-4.520955750568691 -2.8328258088946767
1.8626105620574724 0.6689972043289302
-0.42860656234488226 -0.7176930797806784
-0.5999992618349196 -2.2595470977996834
0.04707874638221332 -2.087057514842483
-2.356757510180713 1.7855010773172797
-0.25881081240358683 -0.2986272189334891
0.10484677330889322 1.483366098871305
-2.357518549679877 2.0767643195009184
0.8311776015937941 -0.6744432865701167
-0.5487293881095119 -0.32705615873366156
0.10276989540324277 1.5017073618514851
2.8103934542118365 1.8568602106764671
-0.25881081240358683 -0.2986272189334891
-0.5572783800757343 -0.8950186111674245
-0.526187556255412 0.7949521987913871
0 0
2.8084722749804722 4.1640564113877
0.36430087278341594 0.6457899400283322
-2.870191075796493 1.439661843214812
-0.9032424613426204 -1.8112423083256304
0.36430087278341594 0.6457899400283322
0.29000561710063855 0.7169560321718713
-0.7862558886097669 -1.3845658388096997
-0.7083732410597228 2.362731840242005
0.29000561710063855 0.7169560321718713
0 0
-0.6883217635237604 -1.9708471854715028
-0.03701104022450802 -1.8436275221781626
0 0
0 0
-3.9442834489552308 -2.2696900261306983
0.29000561710063855 0.7169560321718713
-2.451946880875103 -2.5309099005999656
0.638860467911634 -0.6947520476089948
-0.022111534142125244 -0.679021506533272
-0.41260875700073074 -1.4252974491980113
0 0
0.9940620326805315 0.24678166774645527
