## Generation 0 
-4.428524411402967
-3.8944729651843994
-3.00421514660232
-1000000
-5.177203427062776
-1000000
-2.946202719743776
-1000000
-1000000
-5.526208171318852
-1.9249536006687933
-6.344093394938143
-1.9809057340429568
-3.9109533544581985
-6.522264414244485
-6.462360129708327
-1000000
-5.178316436437539
-1000000
-1000000
-1000000
-5.1410925439686235
-1000000
-1000000
-6.67655778901978
-5.926772116314807
-1000000
-1.8385439981323988
-2.206760968347036
-1.469307805075157
-1000000
-2.583943930052104
-1000000
-4.050719617675104
-1000000
-1000000
-3.6614651455615594
-1000000
-3.9389984896886836
-3.9670150467772616
-1000000
-3.634178013949773
-6.280073036542986
-1000000
-2.3332756907533785
-1000000
-2.7241545604259914
-1000000
-3.9938656142276945
-4.721832930913455
-4.565659952525172
-1000000
-1000000
-1000000
-1000000
-5.531550802335255
-1000000
-2.5377937762884977
-3.8492555698429376
-1000000
-1000000
-2.575025227524875
-7.877508796678055
-1000000
-3.546731453747578
-3.790125558433259
-2.5080353168024927
-3.6601032956123767
-1000000
-1000000
-1000000
-1000000
-5.960951585523129
-6.3643148265143825
-4.105741033335862
-1000000
-1000000
-5.765649864207286
-1000000
-1000000
-5.0441076898051005
-1000000
-5.322086767670765
-1000000
-3.753376060795547
-5.950146864677459
-3.25736702817358
-5.430571543567044
-1000000
-3.5124807568868444
-1000000
-1.1963732788834207
-1000000
-1000000
-1000000
-3.0559869103839907
-1000000
-6.354692426244601
-1000000
-1000000
## Generation 1 
-2.1174219697713896
-3.954761378481753
-1000000
-4.194888158498356
-3.753376060795547
-1000000
-4.050719617675104
-1000000
-6.462360129708327
-2.8533101164830446
-4.645583728287418
-1.9249536006687933
-1000000
-1000000
-4.290314916487195
-1.4897762297325463
-1.8980649407141479
-2.570945528028095
-1000000
-2.206760968347036
-1000000
-5.177203427062776
-5.808760914469174
-1000000
-4.22254795199152
-1000000
-1000000
-6.3643148265143825
-1000000
-1000000
-1000000
-5.444055331659632
-1000000
-1000000
-3.9670150467772616
-5.521348839278584
-1000000
-1000000
-1000000
-4.2052383673390965
-2.575025227524875
-1000000
-3.263572180829337
-1000000
-4.1624885663444315
-1000000
-6.770903664650431
-1000000
-3.9670150467772616
-1000000
-5.34133855281968
-1000000
-5.494223915867003
-1000000
-3.5044099055182385
-1000000
-5.0441076898051005
-1000000
-1000000
-1000000
-1000000
-1000000
-1000000
-4.284233990143406
-3.5124807568868444
-1000000
-1000000
-6.522264414244485
-1000000
-3.896676576991788
-1000000
-1000000
-6.462360129708327
-1000000
-5.0441076898051005
-1.370159191950594
-2.5377937762884977
-2.3996149021082758
-4.130109317465065
-1000000
-3.0264680363305163
-1000000
-3.1776976542206845
-1000000
-1000000
-4.429943848651681
-6.522264414244485
-3.790125558433259
-2.5352500884907623
-5.950146864677459
-1000000
-2.803264006084228
-4.21245090567004
-1000000
-1000000
-1000000
-1000000
-2.367432876456345
-6.861861039180231
-1000000
-3.2383424619453107
-1000000
-1000000
-1000000
-5.422553014627382
-1.469307805075157
-6.344093394938143
-4.050719617675104
-2.13337380152685
-1000000
-1.1963732788834207
-7.551743670531101
-4.208796474547511
-1000000
-5.284530664381241
-1000000
-6.083380552393196
-1000000
-3.008358617931742
-1000000
-1000000
-3.830464933139659
-1000000
-1000000
-4.1061286084469275
-7.695530680788712
-6.149627837679683
-5.1410925439686235
-4.950317942811893
-1000000
-3.9109533544581985
-8.571304013550764
-1000000
-3.096602037690534
-1000000
-1000000
-1000000
-3.721981219512253
-5.710693213110979
-3.7805297574711823
-3.8433034270645337
-1000000
-1.766612012551315
-1000000
-5.66088736408989
-3.962453421591229
-2.6930072589455194
-5.0441076898051005
-3.0570206107495133
-6.5440895882005545
-1000000
-5.513018537711014
-1000000
-3.790125558433259
-1000000
-4.028782513732437
-1000000
-1000000
-3.8944729651843994
-5.178316436437539
-3.546712931781748
-1000000
-4.721832930913455
-1.8207937879319305
-7.877508796678055
-1000000
-1000000
-5.430571543567044
-6.093019017244837
-1.6366988762982746
-4.050719617675104
-3.9938656142276945
-1000000
-1000000
-5.413736443327595
-3.8944729651843994
-5.135744618260784
-1000000
-1000000
-1000000
-3.632070049970677
-2.450910700879618
-5.7947576305399515
-1000000
-1000000
-4.565659952525172
-1000000
-3.25736702817358
-1000000
-1000000
-1.469307805075157
-1000000
-1000000
-1000000
-1000000
-4.721832930913455
-1000000
-2.7953154632064097
-1000000
-1000000
## Generation 2 
-3.00421514660232
-3.9196420076473544
-3.9670150467772616
-3.9670150467772616
-3.8944729651843994
-3.6601032956123767
-4.180497934834698
-3.7805297574711823
-2.450910700879618
-4.429943848651681
-3.3308703492021374
-3.0045038800312365
-3.055096658145144
-3.25736702817358
-1000000
-1.8385439981323988
-7.233012380831128
-2.946202719743776
-4.22254795199152
-3.8527287081381405
-1000000
-3.5044099055182385
-4.900979963564557
-2.367432876456345
-1.7275302291626167
-3.263572180829337
-3.8944729651843994
-3.7805297574711823
-1000000
-4.306506311710442
-3.962453421591229
-3.5837939912973704
-1.766612012551315
-2.731781736074127
-2.4987869484933145
-1.8385439981323988
-6.229291003319929
-3.5124807568868444
-3.546712931781748
-3.0559869103839907
-1.8207937879319305
-2.13337380152685
-2.575025227524875
-1.469307805075157
-4.2052383673390965
-6.618707205844439
-1.9249536006687933
-3.412344307307958
-1.7386100801872049
-4.38223579992057
-1.1963732788834207
-2.583943930052104
-4.383703461219336
-5.835019386573501
-4.786878356190763
-4.130109317465065
-5.069102990460091
-2.984458678828867
-2.575025227524875
-4.1061286084469275
-2.13337380152685
-2.7953154632064097
-4.858456698398261
-3.382330513722319
-3.72409957932552
-4.870794519890872
-5.900930440954348
-3.940134803554215
-3.546712931781748
-2.8206377245870753
-4.010840215495384
-1.370159191950594
-3.962453421591229
-1000000
-4.135701589645363
-2.13337380152685
-1.469307805075157
-1.469307805075157
-1.469307805075157
-2.6927312218830783
-5.977495870471882
-3.6614651455615594
-3.0264680363305163
-1.8980649407141479
-3.790125558433259
-4.920633756483181
-1.8207937879319305
-1000000
-3.7154607556232824
-2.5126105751898167
-2.7808072465097085
-4.105741033335862
-1.9249536006687933
-1.9251353726815772
-2.8153818802194386
-3.8433034270645337
-2.570945528028095
-4.31434627204369
-3.9109533544581985
-7.657334461412536
-1.370159191950594
-2.803264006084228
-6.95824344522014
-4.1061286084469275
-3.6614651455615594
-8.469801222354395
-4.022055621125533
-4.450499329305584
-3.830464933139659
-1.1913323375717286
-3.546731453747578
-6.191707017245397
-3.8433034270645337
-2.3499864397058143
-1000000
-4.048623809164746
-2.6473557720275545
-4.846427944986554
-3.896676576991788
-4.803795758352346
-3.7805297574711823
-3.894472965184399
-2.017386511264306
-2.75731775903602
-5.178609654191453
-3.954761378481753
-4.028782513732437
-4.308189957498239
-1.6977938587864438
-4.22254795199152
-3.7805297574711823
-3.790125558433259
-3.274203594667042
-3.8433034270645337
-2.5377937762884977
-3.634178013949773
-2.7686496299700134
-3.9109533544581985
-4.437348545695208
-1.469307805075157
-3.8492555698429376
-5.545672188936302
-4.419284157910834
-2.06090714430113
-4.207691157240343
-4.105741033335862
-3.909205514985646
-3.4864662568599982
-6.708706048210168
-2.0550631989236914
-3.0559869103839907
-3.546731453747578
-1000000
-3.935968331560852
-4.088063780895177
-3.1177510928702312
-2.536158192239066
-3.109942232039816
-1.6366988762982746
-5.0549634675176
-2.3996149021082758
-8.595447050119628
-4.050719617675104
-1.6822183958108792
-1.766612012551315
-3.1186783195306824
-1000000
-3.632070049970677
-4.641971674258269
-4.429943848651681
-1.9804699616057888
-4.290314916487195
-5.15386558159848
-3.546731453747578
-4.050719617675104
-6.940109319265455
-3.962453421591229
-5.540102635266836
-1.9809057340429568
-3.2383424619453107
-3.954761378481753
-2.361392421631848
-1000000
-2.5352500884907623
-3.0264680363305163
-3.7446253793789843
-3.546731453747578
-2.367432876456345
-1.487666669621461
-8.147021192077524
-2.303454727838688
-4.1061286084469275
-3.9670150467772616
-3.1005663946478754
-4.050719617675104
-3.843356030792594
-3.492003527552208
-2.3996149021082758
-3.2165700496387357
-3.171338305505608
## Generation 3 
-4.637232754783427
-1.9809057340429568
-1000000
-6.212722072839543
-2.575025227524875
-2.487060813516214
-1.8587891190063834
-1000000
-1.370159191950594
-4.928458214081822
-2.06090714430113
-1.6822183958108792
-3.00421514660232
-2.570945528028095
-2.1174219697713896
-2.7447151244763814
-2.450910700879618
-1.189656588003005
-2.7783375782638524
-2.946202719743776
-2.338233516794218
-2.803264006084228
-5.509804957508175
-2.8747220335433235
-3.0052005059512736
-6.369484302244236
-1000000
-2.367432876456345
-2.206760968347036
-2.946202719743776
-1000000
-3.00421514660232
-1000000
-2.4201107122206773
-5.385501552227208
-1.1913323375717286
-2.802292980924857
-2.13180127173409
-2.3996149021082758
-5.151519988254424
-2.206760968347036
-2.0088346052016237
-2.7953154632064097
-1.370159191950594
-4.640579729069971
-2.803264006084228
-2.206760968347036
-1.766612012551315
-1000000
-1.8598739206578996
-1.871969239012568
-6.367383057087194
-3.2140187900262083
-2.303454727838688
-2.2794949217985496
-7.242189913973059
-1.1963732788834203
-2.6557067852026117
-2.13337380152685
-2.361392421631848
-1.8207937879319305
-0.5938292106524277
-2.7953154632064097
-5.7573302759719125
-1.6822183958108792
-2.4987869484933145
-7.854198698413161
-2.575025227524875
-1.469307805075157
-1000000
-2.803264006084228
-1.462783923942981
-2.2135735907244474
-7.47165245895958
-2.0360568830783485
-5.096797307420282
-1.9249536006687933
-1.469307805075157
-2.8533101164830446
-2.6927312218830783
-1000000
-2.325727444418197
-2.4987869484933145
-1.8980649407141479
-3.3296288802725376
-4.576146390807963
-6.822945317785891
-3.2030731851981358
-2.5126105751898167
-3.4317248212222213
-8.714926778087337
-1000000
-1000000
-2.536158192239066
-2.7573939488327657
-1.7501094090777873
-1.9249536006687933
-1.1064262353355934
-1000000
-1.7373564362052378
-1.9251353726815772
-1.766612012551315
-1000000
-1.469307805075157
-1.1963732788834207
-2.946202719743776
-2.268118463945429
-4.801518789022302
-2.5377937762884977
-1.8207937879319305
-1.9249536006687933
-1.9249536006687933
-5.285588316967374
-2.5881161690397088
-2.303454727838688
-6.6983447821110484
-4.998593584358934
-2.583943930052104
-2.575025227524875
-1.6400900211743152
-2.1174219697713896
-1.8207937879319305
-1000000
-3.353076302194338
-1000000
-5.734519990588841
-2.6927312218830783
-5.683951091377083
-1.9249536006687933
-4.958303780877188
-1.469307805075157
-4.85939866790579
-1.1963732788834207
-1.487666669621461
-1.9809057340429568
-2.04768695900586
-2.6930072589455194
-2.367432876456345
-2.948096086598466
-2.5338414302495487
-2.747948933662861
-2.3422369459194363
-1000000
-6.002873380532785
-2.946202719743776
-1000000
-2.3996149021082758
-2.206760968347036
-1000000
-2.575025227524875
-2.303454727838688
-1.9249536006687933
-1.8640006234608453
-1.1963732788834207
-3.390776352194484
-2.13337380152685
-1000000
-2.367432876456345
-2.6927312218830783
-2.7921347210025758
-2.583943930052104
-3.792112862226694
-3.9201170407932806
-1.7275302291626167
-2.658111200465049
-2.923412469042002
-1.8207937879319305
-1.766612012551315
-2.575025227524875
-2.107313349295096
-2.910402095684699
-1.487666669621461
-2.583943930052104
-5.156337365448224
-1.766612012551315
-1.6977938587864438
-1.6745363888848923
-1000000
-6.3608781953811135
-2.450910700879618
-1.6822183958108792
-2.1174219697713896
-2.450910700879618
-2.3996149021082758
-1.841248850626464
-2.6927312218830783
-2.3996149021082758
-1000000
-2.367432876456345
-2.6930072589455194
-1000000
-1000000
-2.9886001647256895
-2.3996149021082758
-2.570945528028095
-2.728784523696164
-2.09119893594759
-2.13337380152685
-1000000
-3.00421514660232
