0 0
0 0
4.893881233416375 2.950423378514769
0.7677574085002782 -0.06460774459306173
0.7323104378232977 1.8751153890803356
-0.5622021748959682 -1.8497863040131026
0.045091213235508576 0.7310698493653461
-1.1796687438358884 -4.20593924145053
0.5505067348018048 -0.013203379405721138
-0.06730991297997785 -0.3794223355447326
0.3830485152144082 -0.912015794583476
0 0
0 0
0 0
0.10846235107731728 -3.4732592586721496
0 0
-0.10634929365028813 0.4537807553708789
0 0
5.975469516306493 -0.723206526301467
2.4464933234993747 -0.49842829615369927
0 0
2.1237844542112936 -2.69442057327436
0.8284589920625082 -1.1222389462246967
-0.5771175208711357 1.7087086931371536
0 0
0 0
-1.0428596797345062 -3.0186080163072257
0 0
0 0
1.3356683821537592 4.045717731084569
0 0
0 0
1.8453567327487619 -1.7370678708589824
-0.016964901313252012 2.9890072823502285
1.5541875611165432 0.5646428118051484
-1.9734764945554888 2.7991779262791656
0.9189565442038391 -0.9764370464578309
0.9466025772890414 -1.630833385268728
1.621635972388933 5.492222160813952
4.76092330903295 3.9208252114246784
1.0777242470024588 1.25424513450383
0 0
0.9143450100877777 2.968714678694692
1.8471711187030482 -0.9930562688132647
-0.7380454965388399 0.20889639014025507
0 0
0 0
0 0
-0.6628989259094168 3.02738123299244
0.04107572745884125 -3.484837628421066
0.35561433689980587 -0.9824880004208048
3.502410370453811 -0.7334653998721448
0 0
0 0
0 0
2.6573200186417227 1.7396026820581596
-0.24790197471993092 3.5886635605353656
1.9312698074375978 -4.074937959253577
0.8101267342034248 -2.4097531264972214
0 0
1.5276229520768574 -2.174907342098974
0 0
-1.248514604552833 3.747718887793807
-0.7899233308324812 0.2949691306421348
0 0
3.019336802750307 -2.626360869831132
0 0
0 0
3.781458317796212 0.48586147956905035
0 0
0 0
2.3498081259269408 0.6959730988426414
3.461803466814743 4.472525664502674
-0.4958744956903481 1.110711101642768
-1.8588128621994768 3.847286652024567
0 0
0 0
0 0
-2.4730205267653016 -1.6854502929552568
0 0
0.6046709930470759 0.6750951217974234
1.1491929428972307 -0.20536921681348763
0 0
-0.471469526646665 6.5986084579921815
-1.3254433758677873 1.7125374729002412
0 0
0.6936756690618172 -5.69242122243774
0.4421959154907489 -0.907042028783978
1.1958665472361218 2.147689880418415
2.353868134396684 -1.0692701568691343
0.8162959848730127 0.30813347681926795
1.257317371650509 -4.352421667482549
0 0
0 0
-0.27595230376561464 2.7744286194470247
0 0
0 0
0 0
1.4720186840096119 -5.976635500249683
3.826972683040649 4.6413668687387535
0 0
1.6858274492933614 -4.211906590114221
-1.1796687438358884 -4.20593924145053
3.502410370453811 -0.7334653998721448
1.769632784031072 5.532977683494583
0 0
0 0
0 0
1.257317371650509 -4.352421667482549
0 0
0.5962231444413688 -1.942208880712064
0 0
-0.06730991297997785 -0.3794223355447326
1.8258558640709315 -4.964873921674384
0 0
2.5131381883383086 -0.9302539393390427
1.5541875611165432 0.5646428118051484
-0.4958744956903481 1.110711101642768
-0.5531534480074443 -1.8558933520684737
0 0
0 0
3.82525385600582 -3.8536505851532734
-0.8273377472098304 1.8039480029972674
0 0
0 0
0 0
3.461803466814743 4.472525664502674
0.5505067348018048 -0.013203379405721138
-0.07804503359888404 2.02093706002362
3.781458317796212 0.48586147956905035
0.35561433689980587 -0.9824880004208048
-0.4958744956903481 1.110711101642768
0 0
0 0
0.5503749510725664 -0.017871975876933233
3.512075920486758 0.2954519461354629
0 0
0 0
0 0
0 0
0 0
0 0
0 0
0 0
0 0
-0.07736882472459605 6.859781911841865
0.10846235107731728 -3.4732592586721496
0 0
0 0
0 0
-2.461481574879362 -1.698271544350637
2.353868134396684 -1.0692701568691343
-4.35303633017722 -0.9899743023788273
-1.1829624565120618 -4.40778959918641
0 0
1.96421014667206 -2.301421872062522
0 0
0 0
-3.576705106307433 4.449330100128448
-2.348056011164602 2.683521008094678
-1.5938778312231954 -2.150598431836052
-1.5815893720818288 4.174339421981595
1.3356683821537592 4.045717731084569
-3.453654260857226 3.81915003419508
0 0
0 0
-0.24790197471993092 3.5886635605353656
0 0
0 0
0 0
0 0
0.6046709930470759 0.6750951217974234
1.621635972388933 5.492222160813952
3.502410370453811 -0.7334653998721448
0 0
2.672080790960166 2.5193592916880925
1.8453567327487619 -1.7370678708589824
0.3830485152144082 -0.912015794583476
1.1491929428972307 -0.20536921681348763
-0.2752368549052797 0.2770054319588104
0.8101267342034248 -2.4097531264972214
0.8101267342034248 -2.4097531264972214
0 0
0.6555824225459306 -0.950378508397548
0 0
1.4720186840096119 -5.976635500249683
3.743263378934788 4.763266276369199
0 0
0 0
2.4524638016569043 -0.47432276943289403
1.0068519565598961 -0.8814125124084293
-0.7899233308324812 0.2949691306421348
3.4903748216120793 -1.9574089382852604
0 0
1.4720186840096119 -5.976635500249683
3.065848424415065 -0.9675219791882255
0 0
2.846721226146084 2.28669906896783
0.3830485152144082 -0.912015794583476
0 0
0.3830485152144082 -0.912015794583476
0 0
0.8101267342034248 -2.4097531264972214
0 0
4.893881233416375 2.950423378514769
-0.16503136961601117 3.2803999793707894
0 0
4.76092330903295 3.9208252114246784
0.9143450100877777 2.968714678694692
-1.1460143676463597 -2.605474698356434
0 0
0 0
6.0211717526684305 -0.5596216516215273
0 0
2.353868134396684 -1.0692701568691343
-0.7923337135625054 2.1947281958616927
0 0
1.5276229520768574 -2.174907342098974
0 0
-1.9734764945554888 2.7991779262791656
0 0
0.7297960385989462 0.2619007536391691
-0.7099648851778069 3.4643817046234835
0.583682747430345 1.895423143491774
3.781458317796212 0.48586147956905035
-1.0042448301964753 6.538762070718436
3.019336802750307 -2.626360869831132
0 0
-1.161339055093159 2.258371353393023
0.3830485152144082 -0.912015794583476
-0.016964901313252012 2.9890072823502285
3.019336802750307 -2.626360869831132
0.613531914423292 -5.746503247409809
0 0
0.4421959154907489 -0.907042028783978
-0.340594313808941 3.6544491086383806
0 0
-0.10453012061803091 -2.8973703628995233
3.781458317796212 0.48586147956905035
0.045091213235508576 0.7310698493653461
0 0
0 0
0.045091213235508576 0.7310698493653461
-0.7436271073891504 3.2751130241145208
0 0
-0.4736928493566121 -1.2708310826202316
-3.424584209301095 4.132541009768401
1.1958665472361218 2.147689880418415
0.5571617065411958 -3.066691174438467
-0.19678853794357076 -0.31914591286076976
0 0
0 0
0 0
-1.9734764945554888 2.7991779262791656
4.893881233416375 2.950423378514769
2.6573200186417227 1.7396026820581596
0 0
-2.84022036485361 1.2681480033834995
0.3830485152144082 -0.912015794583476
0 0
0 0
-0.6628989259094168 3.02738123299244
0 0
3.4899544062593995 4.459071647425059
-0.4186107416120851 2.4533335207722757
-0.7036353277544416 1.4891919477144266
0 0
0 0
-1.1816879630963832 4.994558467523485
1.621635972388933 5.492222160813952
0 0
-1.1796687438358884 -4.20593924145053
0 0
0 0
-0.5949421722076118 0.9207224030295933
0 0
0 0
0 0
0 0
0 0
0 0
0.5454905826082873 -0.11631589976079382
0 0
0 0
0.5505067348018048 -0.013203379405721138
0.3044049464668304 0.8081069500432111
1.5612843902231348 -3.9054136094349476
5.955371663703083 -0.7492578152434946
0.8747154257384311 3.245727772500747
0 0
0.4624933593673911 -0.8859765777800372
2.7935781032866163 -2.0823717636300483
1.257317371650509 -4.352421667482549
0 0
3.826972683040649 4.6413668687387535
-0.06730991297997785 -0.3794223355447326
2.1237844542112936 -2.69442057327436
3.5374873599482903 5.266150598485083
-1.0230205884333827 -4.20398542074298
0 0
