## Generation 0 
-1000000
-1000000
-7.498706326623078
-2.7685113749034116
-3.31384641330947
-2.34285551334015
-2.17183360207548
-4.28519174280606
-2.5505409099830363
-1.9695817528540622
-2.551605971821536
-1000000
-1000000
-1000000
-4.0631445167335976
-1000000
-1.9472621733099342
-1000000
-8.008192160857478
-4.474341699326416
-1000000
-4.926002481777578
-3.042959171957911
-2.223573688325706
-1000000
-1000000
-3.16671943007147
-1000000
-1000000
-5.243521289678563
-1000000
-1000000
-4.2194991634158185
-3.5870033086918474
-3.598759609159632
-2.799303584699165
-3.0779435687883736
-3.367801104429043
-6.578810787690843
-7.815558478392215
-3.3234797122915287
-1000000
-4.160129046234126
-3.9732714945762497
-1.2791273863925878
-1000000
-1000000
-1000000
-3.3095130173802034
-4.03857442938483
-2.5522933951994595
-5.5510801991763055
-1000000
-1000000
-1000000
-4.9716040919873015
-3.993538987027006
-5.662155214283353
-3.7018539129668446
-1000000
-4.144194208617095
-1000000
-3.8223196048338024
-1.2455088652014217
-1000000
-5.664937189239066
-1000000
-1000000
-5.801837782784352
-1000000
-1000000
-4.405134423226229
-7.059375533979237
-1.869778779435486
-3.849876412396469
-1000000
-1000000
-1000000
-1.7505687957816123
-1000000
-2.6907367774450774
-3.155882239059041
-1000000
-6.773332930681595
-1.8406007810625833
-1000000
-6.297582709560487
-2.6051959871802834
-3.850472024336055
-4.48324730525607
-2.8331024185420093
-5.436330640351795
-1000000
-1000000
-3.2664651572147245
-1000000
-1000000
-1000000
-6.911952375773188
-7.449556836425086
## Generation 1 
-1000000
-5.596917107641672
-4.28519174280606
-5.5510801991763055
-6.695070826547762
-1000000
-1000000
-1000000
-5.436330640351795
-1000000
-3.2423062705503067
-1000000
-1.9695817528540622
-6.267945927556196
-1000000
-4.608013530654331
-3.598759609159632
-1.869778779435486
-2.3532328994947997
-1000000
-1000000
-6.984569086161496
-2.1515959557121183
-1000000
-1000000
-1000000
-7.059375533979237
-2.5505409099830363
-2.788924074522436
-5.801837782784352
-2.5522933951994595
-1.869778779435486
-1000000
-1000000
-2.5504375700220816
-5.519988478763808
-1000000
-1000000
-1000000
-1000000
-1000000
-1000000
-1000000
-1000000
-1000000
-7.124122297811409
-4.0631445167335976
-1000000
-1000000
-1000000
-1.7598555288159974
-4.48324730525607
-2.5528080794498296
-4.482874022116247
-1000000
-4.583830790963545
-1000000
-1000000
-4.720438256366136
-2.705998519547505
-2.1886088803136254
-4.195256495551198
-5.243521289678563
-4.086443159252389
-1000000
-1000000
-3.993538987027006
-1000000
-1000000
-1000000
-1000000
-2.6907367774450774
-6.578810787690843
-5.5510801991763055
-1000000
-5.308060866067202
-4.2194991634158185
-2.551605971821536
-3.155882239059041
-1.746865740694378
-3.7018539129668446
-3.7018539129668446
-1000000
-2.8205207519461477
-1000000
-6.911952375773188
-7.461486437661703
-1000000
-1000000
-4.477657422656131
-3.13337624706932
-1.2455088652014217
-5.828864849477203
-1000000
-6.911952375773188
-5.157413987587278
-1000000
-5.359076345415629
-2.551605971821536
-1000000
-2.551605971821536
-1000000
-3.7018539129668446
-1000000
-7.498706326623078
-3.7587409992109286
-1000000
-7.815558478392215
-4.160129046234126
-2.7418588337188328
-1000000
-1000000
-8.040669914799981
-1000000
-4.48324730525607
-2.505052836390492
-1000000
-4.144194208617095
-1000000
-2.799303584699165
-1000000
-2.7423308365525965
-3.6967730783487673
-3.20437910245549
-5.801837782784352
-6.614146791208711
-5.664937189239066
-1000000
-2.409064829002796
-2.551605971821536
-3.5870033086918474
-5.664937189239066
-6.312911265034584
-1000000
-2.6051959871802834
-4.013555221868895
-1000000
-3.4623057466741454
-5.801837782784352
-2.17183360207548
-1000000
-1000000
-2.17183360207548
-3.507825275867074
-1000000
-1.9861080430477207
-4.371193814829955
-3.850472024336055
-3.992952635929891
-1.8312361100053207
-1000000
-1000000
-1000000
-2.799303584699165
-7.498706326623078
-4.9716040919873015
-1000000
-1.521239501196406
-2.551605971821536
-1000000
-1000000
-3.3095130173802034
-1000000
-7.072688268238395
-2.9188417824009525
-1.9743996608042207
-1000000
-1000000
-5.061150943733243
-6.578810787690843
-1000000
-4.28519174280606
-1000000
-1000000
-1.6798563161417268
-1000000
-1000000
-1000000
-1000000
-1000000
-1000000
-2.5481467176527812
-1000000
-1000000
-2.5505409099830363
-2.441990786225234
-5.285357317041741
-7.990577299629446
-4.335751094350453
-1000000
-2.6170265648830022
-5.226343195224806
-5.436330640351795
-1000000
-7.449556836425086
-1.9695817528540622
-4.926002481777578
-7.641734645190965
-4.316014618655107
-1000000
