## Generation 0 
-3.417430121851819
-4.39431739127574
-1000000
-3.30636183568811
-1000000
-6.687687446685869
-5.3261357299991
-3.514293546414018
-1000000
-4.249725727505293
-1000000
-1000000
-6.053571315977675
-5.18447207807093
-4.203710814067338
-1000000
-1000000
-4.3488889878483725
-5.228793425984253
-1000000
-1000000
-1000000
-2.908232882341023
-2.523553901490615
-2.45095468334163
-3.10335108493231
-1000000
-4.231091236300729
-1000000
-1000000
-3.280168557111941
-2.8578789317976563
-1000000
-1000000
-1000000
-4.491930732353205
-1.8272485370934828
-5.700884957831813
-3.4409594762119893
-4.630323166219163
-1.5968079525364336
-1000000
-3.7718396187658145
-1000000
-4.456156266205428
-1000000
-1.7814306949868561
-1000000
-2.5871474727249977
-6.342623985762838
-3.15698575273281
-2.785124811786028
-2.457838275418404
-7.024063583694707
-5.753798149951823
-1000000
-3.246162166611991
-1000000
-1000000
-1000000
-1000000
-1000000
-2.79764482015756
-4.981781506021223
-3.543178113943232
-1000000
-2.7187832813033914
-3.6798275815066734
-5.021066882959214
-5.5260237128672705
-5.171701258765456
-2.2264068448547345
-3.3131078724282825
-5.0824711222789425
-4.114091847122141
-1.2262541548290742
-4.853359633618301
-4.835562990276747
-1000000
-5.159147404285428
-1000000
-1000000
-1000000
-3.4237719758367917
-1000000
-1000000
-2.9355056010666165
-1000000
-1.1080994842442875
-3.4893332827411205
-3.777298873963617
-1000000
-1000000
-1000000
-3.0405442427224783
-1000000
-1000000
-1000000
-1000000
-3.251001451644456
## Generation 1 
-1000000
-1000000
-3.251001451644456
-5.700884957831813
-6.516939684237166
-1000000
-6.131877273895092
-2.635961109083328
-1000000
-1000000
-3.4409594762119893
-1000000
-5.662822499592947
-3.514293546414018
-1000000
-2.7187832813033914
-5.171701258765456
-5.19041187304152
-2.463202427557391
-2.523553901490615
-5.079594677858822
-3.10335108493231
-1000000
-1000000
-6.053571315977675
-1000000
-1000000
-1000000
-1000000
-1000000
-6.375429597130472
-3.246162166611991
-7.024063583694707
-6.047730062728322
-1000000
-1000000
-6.687687446685869
-2.9189571182943883
-1000000
-6.37211596297512
-2.2264068448547345
-6.687687446685869
-3.514293546414018
-5.813935173845098
-4.780033635406161
-1000000
-6.053571315977675
-2.4425576877602184
-1000000
-4.249725727505293
-6.36103322494997
-3.4237719758367917
-4.3488889878483725
-1000000
-1000000
-3.909921278541285
-2.359672184449428
-1000000
-1.1122560228422504
-4.456594147593114
-1000000
-8.17893593866011
-1000000
-4.231091236300729
-2.2264068448547345
-5.783766501891099
-1000000
-1000000
-4.630323166219163
-3.69806825719613
-1000000
-6.878080815604198
-1000000
-2.8954525680618803
-1000000
-1000000
-2.741655231522002
-1000000
-4.427670321351531
-4.850562160620204
-1000000
-1000000
-1000000
-2.2264068448547345
-6.923909344632549
-1000000
-5.413497559388504
-1.5968079525364336
-3.5108164625359013
-5.041661082961394
-1000000
-3.30636183568811
-4.853359633618301
-7.23967454071949
-5.021066882959214
-4.129372971911184
-3.280168557111941
-6.175909096416875
-4.491930732353205
-1000000
-1000000
-1000000
-2.785124811786028
-1.2262541548290742
-1000000
-5.753798149951823
-6.342623985762838
-1000000
-1000000
-1000000
-1000000
-2.785124811786028
-3.6798275815066734
-5.344178806324691
-1000000
-1000000
-3.4893332827411205
-1000000
-1000000
-5.0824711222789425
-3.30636183568811
-6.215077317975017
-1.2262541548290742
-3.819035186689549
-2.668799487649911
-1.83329269440163
-1000000
-1000000
-10.499949019207065
-2.6730655897901325
-4.794009034073119
-1000000
-5.159147404285428
-1000000
-5.700884957831813
-5.7425203328990575
-5.0824711222789425
-3.5352681303981375
-1000000
-1000000
-3.104594252477927
-3.6798275815066734
-1000000
-1000000
-1000000
-5.404489997502217
-1000000
-1000000
-3.777298873963617
-1000000
-5.3261357299991
-2.5871474727249977
-1000000
-2.523553901490615
-1000000
-3.15698575273281
-1000000
-3.280168557111941
-1000000
-5.467249247269033
-1.7814306949868561
-5.708115686874939
-4.27685145333851
-5.171701258765456
-1000000
-6.687687446685869
-5.279120781672327
-3.391465688659417
-5.021066882959214
-2.79764482015756
-1000000
-1000000
-1000000
-5.837862043724073
-1000000
-2.563613478686123
-1000000
-1000000
-5.086104269556456
-3.0374266902195446
-3.4409594762119893
-2.457838275418404
-3.251001451644456
-1000000
-1.8272485370934828
-1000000
-5.228793425984253
-1.936947207734459
-1000000
-2.8330571335337282
-1.2262541548290742
-7.07664808925971
-5.101173515826091
-2.5613326143018504
-1000000
-1000000
-3.777298873963617
-3.0405442427224783
-3.3277518178168313
-1000000
## Generation 2 
-4.1224220145881585
-5.3907838367342755
-6.686170502636456
-3.5352681303981375
-1000000
-2.9581735674673513
-3.543681162489368
-3.15698575273281
-2.635961109083328
-1.2262541548290742
-4.249725727505293
-4.654832121015417
-5.770553176502628
-2.761524379011632
-4.249725727505293
-3.0374266902195446
-5.905336487261815
-3.819035186689549
-3.004899329005212
-2.457838275418404
-1000000
-4.129372971911184
-2.563613478686123
-2.6730655897901325
-10.02519098587957
-3.30636183568811
-2.293493317744599
-2.523553901490615
-3.10335108493231
-3.15698575273281
-2.79764482015756
-4.540596035887027
-2.523553901490615
-2.79764482015756
-2.995784520650992
-1.5661242073200952
-3.4237719758367917
-3.6743446620563245
-2.5613326143018504
-2.463202427557391
-2.7996160498340363
-2.4425576877602184
-3.30636183568811
-2.2264068448547345
-3.122727825889174
-1000000
-4.704389823992716
-1.7321330295540907
-3.280168557111941
-9.201672806586384
-4.3437817986561384
-1.83329269440163
-2.359672184449428
-3.30636183568811
-1.7814306949868561
-3.280168557111941
-2.523553901490615
-3.4237719758367917
-1.8272485370934828
-2.457838275418404
-2.2264068448547345
-4.163593683959573
-7.220023043814342
-2.2884345732100906
-1.7814306949868561
-3.777298873963617
-8.843808159208
-4.231091236300729
-3.332486180930568
-2.463202427557391
-2.5871474727249977
-3.543178113943232
-3.5936600102151033
-3.9588307563410137
-1.20817029910043
-2.741655231522002
-4.233645502612025
-1.6333772265433615
-2.79764482015756
-1000000
-3.777298873963617
-2.457838275418404
-2.2264068448547345
-1.1156061883257091
-2.9325940402244273
-1000000
-7.28094658338101
-3.3131078724282825
-1.0357466091793368
-5.789197363843588
-3.246162166611991
-3.801875213526958
-3.6798275815066734
-2.5613326143018504
-3.30553269169462
-3.15698575273281
-3.246162166611991
-1.8272485370934828
-2.570730909229665
-3.4409594762119893
-3.280168557111941
-2.7187832813033914
-7.116800871998595
-2.2264068448547345
-3.7361341015038856
-3.280168557111941
-2.79764482015756
-8.081587609362243
-4.201315810234314
-4.967291677579802
-2.8954525680618803
-3.777298873963617
-2.5613326143018504
-3.8038999366079485
-3.738332347368166
-2.576971903971654
-6.197763033198367
-3.6957111052011573
-3.439872165758105
-2.785124811786028
-3.777298873963617
-3.280168557111941
-3.7718396187658145
-2.785124811786028
-2.9189571182943883
-3.15698575273281
-3.8248459011367415
-5.13009206117466
-3.0405442427224783
-2.457838275418404
-1000000
-2.8578789317976563
-3.7213928565265078
-1.5968079525364336
-1.936947207734459
-2.45095468334163
-3.246162166611991
-3.30636183568811
-2.2264068448547345
-3.251001451644456
-1000000
-2.842030174403568
-1.7814306949868561
-6.771358406735736
-2.45095468334163
-3.602583532588665
-3.7718396187658145
-3.30636183568811
-2.908232882341023
-3.777298873963617
-1.2262541548290742
-3.4409594762119893
-1000000
-2.79764482015756
-3.5847902497194712
-2.14122835151679
-3.178173335791727
-1000000
-2.2264068448547345
-3.8379930404273845
-2.635961109083328
-3.5352681303981375
-3.3334211601032746
-2.359672184449428
-1.2262541548290742
-3.30636183568811
-2.696705224428394
-2.8578789317976563
-3.3277518178168313
-4.426657746192963
-1.8272485370934828
-2.785124811786028
-5.600817448238831
-3.4893332827411205
-1.2262541548290742
-3.280168557111941
-3.280168557111941
-2.523553901490615
-1000000
-3.3131078724282825
-4.4700817346148805
-3.819035186689549
-1000000
-4.231091236300729
-2.8954525680618803
-6.596057303331195
-3.4409594762119893
-3.246162166611991
-2.9355056010666165
-3.30636183568811
-3.6798275815066734
-4.058226238347989
-4.025574260989319
-3.251001451644456
-3.4327630640070437
-2.741655231522002
-2.2264068448547345
-3.251001451644456
-4.249725727505293
-2.2054671306187403
## Generation 3 
-1000000
-1.83329269440163
-1.2262541548290742
-1.8272485370934828
-2.034296484381709
-4.5808463048232655
-2.7440472860996454
-2.14122835151679
-2.5613326143018504
-2.523553901490615
-2.895598553738404
-1000000
-2.696705224428394
-1000000
-1000000
-2.570730909229665
-2.563613478686123
-1.5968079525364336
-7.501183140869199
-2.483322177878366
-3.6357185533720418
-6.4064331458686725
-1.8792619677172255
-2.523553901490615
-2.563613478686123
-4.244593687712358
-2.5871474727249977
-7.1165166911441835
-1.0439033756981122
-2.5613326143018504
-8.450161778541945
-2.45095468334163
-2.5871474727249977
-1000000
-1000000
-7.098818692628947
-1.6333772265433615
-2.4425576877602184
-3.2790820462047328
-2.563613478686123
-1000000
-4.393296278639999
-1.7814306949868561
-2.761524379011632
-3.0699484784647804
-2.576971903971654
-5.64273068868515
-2.741655231522002
-1.9914696486033128
-1000000
-2.2054671306187403
-2.2264068448547345
-2.523553901490615
-4.863307211608697
-2.559157795885012
-2.4401486701880892
-1000000
-2.854781142399923
-5.31856306380976
-1.7814306949868561
-3.35837114323489
-1.7814306949868561
-2.9665933430911826
-2.2884345732100906
-7.121290106254241
-1000000
-2.45095468334163
-2.457838275418404
-1000000
-2.2264068448547345
-2.9084312607368528
-1.2262541548290742
-2.2834233529807904
-1.7814306949868561
-1.7814306949868561
-1.7814306949868561
-1.5661242073200952
-1000000
-2.766825110957656
-2.2264068448547345
-2.524497652488323
-2.8610147551414875
-1.2262541548290742
-2.2264068448547345
-2.457838275418404
-2.523553901490615
-6.631422451354403
-2.4425576877602184
-3.1358739003409752
-1.2262541548290742
-2.785124811786028
-1.1122560228422504
-2.5871474727249977
-1.2262541548290742
-6.221331595327748
-2.570730909229665
-2.2264068448547345
-3.4364685734289964
-1000000
-1.2262541548290742
-2.4407415930689136
-2.4425576877602184
-2.463202427557391
-1.7814306949868561
-1.8272485370934828
-1000000
-3.5828983888579713
-3.9990382252184182
-2.730717968065168
-2.359672184449428
-2.463202427557391
-3.86567037011972
-2.457838275418404
-1000000
-1.2262541548290742
-5.5651475247712385
-2.2538582770067053
-5.043722345783186
-1.20817029910043
-2.040550091781185
-1.7796578797641016
-2.2264068448547345
-3.241605500854446
-1.7321330295540907
-2.5871474727249977
-1.8272485370934828
-1.2262541548290742
-2.433053846644308
-1.1080994842442875
-1.8272485370934828
-1.5968079525364336
-2.45095468334163
-6.559790283497036
-2.563613478686123
-2.2264068448547345
-2.280491994288658
-2.398499414478018
-2.5871474727249977
-2.2264068448547345
-2.696705224428394
-1.5968079525364336
-1.2262541548290742
-1000000
-1.8106287892691297
-1000000
-2.484378369981804
-1.1156061883257091
-2.457838275418404
-1.960918849266497
-2.2264068448547345
-2.487967926155355
-1.8469341177609075
-1.9020626355583237
-4.030013129373188
-2.7187832813033914
-2.523553901490615
-1.936947207734459
-2.5613326143018504
-2.0968493125784913
-2.7822558481322943
-2.5871474727249977
-1.5999898188637531
-6.10832955966028
-2.457838275418404
-1.971673197954184
-3.4148053077193325
-3.933339558231086
-2.45095468334163
-1000000
-2.401183748314452
-4.577478060027387
-1.1156061883257091
-2.359672184449428
-1.7814306949868561
-1000000
-1.8272485370934828
-2.4557243864211795
-4.887019716663039
-1.5968079525364336
-4.88866025771528
-1.9136678320292257
-2.487895143769058
-1000000
-1000000
-1.7814306949868561
-1.6770985102034492
-2.2264068448547345
-1.8272485370934828
-2.741655231522002
-2.663750028192679
-2.2264068448547345
-2.457838275418404
-2.3886990814325513
-2.5613326143018504
-1.2262541548290742
-5.483601268116334
-1.2262541548290742
-1000000
-2.631840383450848
-1.9145811360211522
## Generation 4 
-1.7814306949868561
-3.9571650941401932
-2.5948264989781302
-1.2262541548290742
-2.034296484381709
-1.5661242073200952
-1.8272485370934828
-2.14122835151679
-1.936947207734459
-1000000
-1000000
-6.72689770528931
-1.2262541548290742
-2.548835799757151
-1.2262541548290742
-2.2264068448547345
-1.5661242073200952
-8.231159487087874
-1.1122560228422504
-1000000
-1.9145811360211522
-1.7518236174012898
-1000000
-1.355937405192867
-1.7507751973575054
-1.7814306949868561
-1.8272485370934828
-2.2264068448547345
-1.9381763124378333
-3.724653397993286
-1.1080994842442875
-1.1456992333073366
-6.364945316346831
-1000000
-1.7603013534417753
-4.557178922826329
-1.499869551208441
-1.2262541548290742
-2.692168569249614
-3.2596823270286914
-2.0968493125784913
-2.14122835151679
-3.5137955417174394
-2.5759206434713433
-1.763364773587038
-1000000
-5.053614013499299
-4.265722556745142
-2.2264068448547345
-1.5968079525364336
-1.9914696486033128
-1.2262541548290742
-1.8272485370934828
-1.984245809901711
-4.183568732302041
-1.5844393878647756
-2.339282866242406
-1.5968079525364336
-1.7814306949868561
-3.795608885080111
-1.7814306949868561
-2.2912549918201335
-4.256670240624438
-2.3231400257639168
-2.0522919711259604
-1.2262541548290742
-2.412626463372154
-1.8814708098232686
-1.7132589705210068
-1.7814306949868561
-4.440825296404489
-1.1080994842442875
-1.2262541548290742
-7.300473858747843
-2.2054671306187403
-1.7814306949868561
-2.15616239089257
-1000000
-1000000
-1000000
-1.6985072237062504
-1.1080994842442875
-1.8272485370934828
-1.8272485370934828
-1000000
-1.0357466091793368
-1.5968079525364336
-1.7814306949868561
-1.960918849266497
-1.7814306949868561
-1.2262541548290742
-1.2262541548290742
-1.7814306949868561
-1.7321330295540907
-3.9048201186282325
-3.9857452992208233
-1.077744670209068
-2.8986944958718515
-1.3190961890233341
-4.470996843925215
-3.3089369335849126
-1.075369945069566
-1.6333772265433615
-1000000
-1000000
-1.1156061883257091
-1000000
-1.8835501083736583
-3.892915842091963
-1.2262541548290742
-1.8272485370934828
-10.594724170107657
-1.960918849266497
-1.83329269440163
-2.4597962854721533
-1.2262541548290742
-1.7321330295540907
-1.2262541548290742
-1.2262541548290742
-2.068361850761642
-1.0357466091793368
-8.235241925566424
-1.7183510098988515
-6.6836376096522585
-2.2264068448547345
-1.7814306949868561
-1.1156061883257091
-1.2262541548290742
-1.7321330295540907
-2.018926752673427
-2.5137251307204336
-1.1122560228422504
-4.25820352339147
-1.5661242073200952
-1000000
-1.2262541548290742
-2.2054671306187403
-4.727517478005352
-1.7814306949868561
-1.971673197954184
-1.2262541548290742
-7.861333664886093
-1.0357466091793368
-1.2262541548290742
-1.5661242073200952
-1.971673197954184
-1.8272485370934828
-6.196731917900505
-1.3852039174742514
-1.49817829385761
-1.1080994842442875
-1.5661242073200952
-1.8272485370934828
-3.677936716044747
-1.2262541548290742
-7.902954945164034
-1.83329269440163
-1.8272485370934828
-1.7814306949868561
-1.7814306949868561
-2.2264068448547345
-1.2262541548290742
-1.5968079525364336
-2.29945802001795
-8.761840728970888
-2.2264068448547345
-6.423965516932362
-3.2837132993357647
-1.5968079525364336
-1.996302981317304
-1.9678582031132312
-1.7814306949868561
-1.7796578797641016
-1.1122560228422504
-1.5968079525364336
-2.2264068448547345
-1.8561578696889598
-1.5661242073200952
-2.9688284009209824
-1.7814306949868561
-1.5999898188637531
-1.5968079525364336
-1.9327738346032672
-1.7066535161309253
-1000000
-1.2262541548290742
-1.2262541548290742
-1.2262541548290742
-2.2749732874073416
-4.77462315867063
-2.034296484381709
-1.7814306949868561
-1.2262541548290742
-5.475358687422288
-2.2264068448547345
-1.966683526836481
-1.1080994842442875
-1.1080994842442875
-1.2262541548290742
-1.7814306949868557
## Generation 5 
-1.5968079525364336
-1.5661242073200952
-1.2262541548290742
-8.033990155960918
-1.2262541548290742
-1.2262541548290742
-1000000
-1.2262541548290742
-1.5968079525364336
-1.5968079525364336
-1.063853848891163
-1000000
-4.712550660768934
-1000000
-1.2398007300223945
-1.5968079525364336
-1000000
-1.5968079525364336
-1.34172300160326
-1000000
-1.1080994842442875
-7.149099373575407
-1000000
-1.5968079525364336
-1.5968079525364336
-1.5661242073200952
-1.1080994842442875
-1000000
-1.5661242073200952
-1.2262541548290742
-1.1080994842442875
-1.5661242073200952
-1.5661242073200952
-1.2262541548290742
-2.029911143845101
-1.1080994842442875
-1.2262541548290742
-1.0419370361880385
-1.7114635796333195
-5.230777001428662
-1.8362647293406407
-1.2009757993570116
-1.42843953045741
-1.1080994842442875
-1000000
-1000000
-1.1080994842442875
-1.2262541548290742
-1.0357466091793368
-7.636645596418172
-1.1080994842442875
-6.748089907197374
-5.087300955389318
-1.499869551208441
-1.2262541548290742
-1.1122560228422504
-1.2262541548290742
-1.121142980952553
-1.5661242073200952
-1.6459474485550591
-3.9526565722339235
-1.5661242073200952
-1.499869551208441
-2.1999419579004376
-1.5811511144317372
-1.7479302126707212
-5.498510340531156
-4.055857129103349
-4.574188379471869
-5.907234127969878
-1.1122560228422504
-1.075369945069566
-1.5400760610305866
-1.2262541548290742
-1.2262541548290742
-1.1122560228422504
-1.1156061883257091
-1.1122560228422504
-1.5968079525364336
-1.2262541548290742
-1.1080994842442875
-1000000
-1.077744670209068
-1.5661242073200952
-1.20817029910043
-1.2262541548290742
-1.5968079525364336
-1.2262541548290742
-1000000
-9.397722006351833
-1.5968079525364336
-1.5844393878647756
-1.2262541548290742
-1000000
-1.5968079525364336
-1.9842525444315724
-1.6611776333376638
-1000000
-1.5661242073200952
-1.2262541548290742
-1.1456992333073366
-1.20817029910043
-1.3852039174742514
-4.693195932604471
-1.2262541548290742
-1.2262541548290742
-1.2262541548290742
-1000000
-1.0357466091793368
-3.7298328294863072
-1.2262541548290742
-1.5968079525364336
-4.415551302991421
-1.1700056278922641
-1000000
-1.075369945069566
-1.2262541548290742
-1.8579330675960692
-1.7721052376776716
-1.5661242073200952
-1.046955465296006
-1.6846659750339457
-1.5968079525364336
-1.2262541548290742
-1.2262541548290742
-6.933373374199138
-6.609754392883342
-5.486446581244977
-1.355937405192867
-1.5968079525364336
-1.1080994842442875
-1.2262541548290742
-2.45831037420507
-1.48394005575011
-1.2262541548290742
-4.655718841866147
-2.1172697099124953
-1.1080994842442875
-4.622956325870028
-5.9990724863416665
-1.2372952648874898
-1.5968079525364336
-1.0357466091793368
-1.2262541548290742
-1.1122560228422504
-1.226254154829074
-1.2262541548290742
-1.2262541548290742
-5.970482657783052
-1.075369945069566
-1.1122560228422504
-1.8990842228854667
-1.2262541548290742
-1000000
-1.2262541548290742
-1.2262541548290742
-1.5968079525364336
-1.355937405192867
-9.755923767879406
-1.2262541548290742
-1.2262541548290742
-1.2262541548290742
-3.811308702397038
-1.5968079525364336
-1.0357466091793368
-1.2262541548290742
-1.2262541548290742
-1.499869551208441
-1.5844393878647756
-1.5968079525364336
-1.2262541548290737
-1.2262541548290742
-1000000
-1.5968079525364336
-1000000
-1.2262541548290742
-1.5968079525364336
-1.2262541548290742
-4.610437802881929
-1.5672677173249017
-1.5661242073200952
-1.1947979666231616
-1.2262541548290742
-1.077744670209068
-1.5968079525364336
-1.5661242073200952
-1.5999898188637531
-1.2216474610802592
-5.618467270268941
-1000000
-6.525048912718294
-4.366142189191618
-1.3852039174742514
-1.1156061883257091
-1.2262541548290742
-1.2262541548290742
-2.2609554741995357
-3.9985599902935345
-1.2262541548290742
-1.2262541548290742
## Generation 6 
-2.418176416911946
-4.944616490038646
-1.1312402974038098
-1.226254154829074
-1.1080994842442875
-1000000
-1.1122560228422507
-1000000
-1.1080994842442875
-1.1080994842442875
-6.680352245906962
-1.1080994842442875
-1.1080994842442875
-1.1080994842442875
-1000000
-1.1122560228422504
-1000000
-1.0357466091793368
-1000000
-1000000
-1.1156061883257091
-1.2262541548290742
-1.20817029910043
-2.6319696053720363
-1.075369945069566
-4.6090779070758945
-1.2262541548290742
-1.4750741528604783
-1.2251776094644504
-3.564354489605305
-1.226254154829074
-3.520449736137855
-1.1156061883257091
-1.046955465296006
-3.6503333109539153
-1.2216474610802592
-1000000
-1.0357466091793368
-5.492962116821245
-1.1156061883257091
-1.0140166606679457
-1.2226719236903871
-1.0074384643413299
-1.2262541548290742
-6.987334545127506
-4.952411710459857
-1.1080994842442875
-1.1080994842442875
-5.094532525448262
-1000000
-1.2262541548290742
-1.2216474610802592
-1.121142980952553
-1.1080994842442875
-1.063853848891163
-1.1122560228422504
-1.2262541548290742
-1.2262541548290742
-1.1456992333073366
-1.1456992333073366
-1000000
-1000000
-1.20817029910043
-1.1080994842442875
-1.1456992333073366
-4.728557124911445
-1.0383283316618235
-1000000
-1.063853848891163
-3.475196509013735
-1.0406074755023702
-1.1156061883257091
-1.2262541548290742
-1.1080994842442875
-1.1080994842442875
-1.1080994842442875
-3.878761692120234
-1000000
-1.2262541548290737
-1.075369945069566
-1000000
-1.0357466091793368
-1.1122560228422504
-1000000
-1.2262541548290742
-1.1080994842442875
-1.2262541548290742
-1.1080994842442875
-1.0357466091793368
-1.1080994842442875
-1.1122560228422504
-1.5869318999623343
-1.1080994842442875
-1.0888251744283082
-1.25358383965217
-5.761313169212508
-1.0344242212492316
-1.2262541548290742
-1.098125798437442
-1.1122560228422504
-2.4231338438075136
-2.5758188332748744
-1.2262541548290742
-1.1700056278922641
-1.2308041543749477
-4.535313621017131
-1.2262541548290742
-1.1156061883257091
-1000000
-1.2262541548290742
-2.2247550866725603
-1.2549148374672168
-1.2214086923062242
-1.2698872754320922
-1.1080994842442875
-1.1947979666231616
-5.866464009815933
-1000000
-1.1080994842442875
-1.0357466091793368
-1.7265608025750976
-1.2262541548290742
-1.2262541548290742
-1000000
-1.1502824465198633
-1.2262541548290742
-1.121142980952553
-8.49045578595294
-1.121142980952553
-1.376186902187747
-1.2262541548290742
-3.9154456731879193
-1.3340471022886213
-2.473577660574069
-1.075369945069566
-1.1080994842442875
-1.2262541548290742
-1.2262541548290742
-1.1122560228422504
-6.056853274120518
-5.153288482491942
-1000000
-1.2262541548290742
-1.31480526041531
-1000000
-1.075369945069566
-1.0145079870425473
-1.7253271879387553
-1.1786422685197822
-6.142203669211822
-1.2262541548290742
-2.7283161952528756
-1.121142980952553
-3.836012121330287
-1.1080994842442875
-1.1195032291858482
-1.5800217057855357
-1000000
-1.2262541548290737
-1.226254154829074
-1.0439033756981122
-1.0987151253475622
-1.1080994842442875
-1.20817029910043
-1.2262541548290742
-1.039237252265871
-1.2262541548290742
-1.1122560228422504
-1.075369945069566
-1.084011929899921
-1.2262541548290742
-1.2262541548290737
-1.0439033756981122
-1.651156931489146
-6.075537448496556
-2.9218533689333483
-1.075369945069566
-1.2262541548290742
-1.1407297175315445
-1.4009212585738156
-1.063853848891163
-1.3996583463257388
-1.0357466091793368
-1.1122560228422504
-1.0419370361880385
-1.2262541548290742
-1000000
-1000000
-1.023772157094265
-6.022863443162909
-1.1156061883257091
-1.1080994842442875
-1.077744670209068
-6.108458765875498
-1.4993922512247917
-5.606735972965091
-1.1080994842442875
-1.046955465296006
-1.0357466091793368
-2.7010087362477537
## Generation 7 
-1.0145079870425473
-1.0406074755023702
-1.1080994842442875
-1.039237252265871
-3.4345707844029696
-1.163704680981851
-1000000
-1.1080994842442875
-1000000
-1.052302896708032
-1000000
-1000000
-2.147088361019892
-1.0764874307738372
-1.1122560228422504
-1.1080994842442875
-1.0383283316618235
-1.1080994842442875
-1000000
-1.075369945069566
-1000000
-2.1050945024756516
-1.1080994842442875
-1.141719505193648
-1000000
-1.1080994842442875
-1000000
-1.0074384643413299
-7.932278558894817
-1000000
-1.075369945069566
-6.781491409497896
-1.0372178367734877
-1.060990058656266
-1.1080994842442875
-1.0357466091793368
-1.1080994842442875
-1.023772157094265
-1.0074384643413299
-1000000
-1000000
-1.097182516594783
-1.199519834218961
-1.075369945069566
-1.1080994842442875
-1.1080994842442875
-1.0140166606679457
-1.1080994842442875
-1.0439033756981122
-1.0357466091793368
-2.533645723425574
-1.0357466091793368
-1.1080994842442875
-1.077744670209068
-1.1080994842442875
-1000000
-1.0439033756981122
-1.1080994842442875
-1.1080994842442875
-2.9594443023402133
-1.0419370361880385
-1000000
-1.1080994842442875
-1.060219494253037
-4.173128008885863
-1.1080994842442877
-1.1080994842442875
-3.5618009984032053
-1.1080994842442875
-1.2033234220961246
-1000000
-1.0357466091793368
-1.0862894903571356
-1.1080994842442875
-1.063853848891163
-1.1080994842442875
-1.0357466091793368
-1000000
-1.075369945069566
-1.1080994842442875
-1000000
-1.1122560228422504
-1.046955465296006
-1.0987151253475622
-1.0357466091793368
-1000000
-1.1122560228422504
-1.0406074755023702
-1.1122560228422504
-1.0074384643413299
-1.1080994842442875
-1.1080994842442875
-1.1080994842442875
-1000000
-1.075369945069566
-1000000
-1.1080994842442875
-5.465068675780803
-1.1080994842442875
-4.55712403970177
-1.6148368676882034
-1.0357466091793368
-1.5459192476985686
-1.1080994842442884
-3.2875719774444763
-1.1080994842442875
-1000000
-1.1080994842442875
-1.1080994842442875
-1.0439033756981122
-1000000
-2.015493444902111
-1.1080994842442875
-2.1789621416075757
-1.0145079870425473
-1.1122560228422504
-1.1080994842442875
-1.1080994842442875
-1.1080994842442875
-1.1080994842442875
-1.1122560228422504
-1.1080994842442875
-1.0521546001094284
-1.075369945069566
-1.0074384643413299
-1.063853848891163
-5.50558935726992
-1.0357466091793368
-1.1080994842442875
-1.8505499217595223
-1.0727637567958315
-8.14288468716682
-1.2868686556362223
-1.1080994842442875
-1.098125798437442
-1.1080994842442875
-1.075369945069566
-1.0980558092857147
-1.0357466091793368
-1.0357466091793368
-1000000
-1000000
-1000000
-1000000
-1.0987151253475622
-1.0987151253475622
-1.0357466091793368
-1.0987151253475622
-1.1080994842442875
-1.075369945069566
-1.0357466091793368
-1.1080994842442875
-1.1080994842442875
-1.1080994842442875
-1.077744670209068
-1000000
-1.107370823306867
-1000000
-1.023409213196833
-1.108099484244288
-1000000
-1000000
-1.6550566418597108
-1.0888251744283082
-1.1440903906707398
-1.0357466091793377
-5.097154439354296
-1.126118350707861
-1.0357466091793368
-1.075369945069566
-1.1080994842442875
-1.0439033756981122
-1.0419370361880385
-1.1122560228422504
-1.1080994842442875
-1.1122560228422504
-1.0853248959657071
-1.1080994842442875
-1.0357466091793368
-1.1115196963159324
-1.1080994842442875
-1.0665218373880483
-1.0145079870425473
-1.2055992117313374
-1000000
-1000000
-1.1157714702172716
-1.1080994842442875
-1.1080994842442875
-1.1080994842442875
-1000000
-1.075369945069566
-1.6595436589689818
-1.1080994842442875
-1.098125798437442
-1000000
-1.0439033756981122
-1.1080994842442875
-1.046955465296006
-1.0406074755023702
## Generation 8 
-1.0727637567958315
-1.056558090728145
-6.981154394707313
-2.328482161919194
-1.767149403493436
-1.08778769690428
-1000000
-2.426962686406107
-2.893579226986884
-1000000
-1.0439033756981122
-1000000
-1.063853848891163
-1.0357466091793368
-1.0371812018473288
-1000000
-1.0439033756981122
-1000000
-1.0357466091793368
-1.0044137246219236
-3.85598419151114
-1000000
-1.0439033756981122
-4.934213810159082
-1.046955465296006
-1.0521546001094284
-1000000
-1000000
-1.0419370361880385
-1.0357466091793368
-1000000
-1.5085653069509857
-1.075369945069566
-1000000
-7.7074596012622205
-1.0665218373880483
-1.075369945069566
-1.0357466091793368
-2.239379769467093
-1.0140166606679457
-1.0357466091793368
-1.0372178367734877
-1.0357466091793368
-5.287149851055723
-1.0419370361880385
-1.168632482931974
-2.9226707510668537
-4.450593668205075
-1.0357466091793368
-1000000
-6.5945503364318245
-1.075369945069566
-1.075369945069566
-1.063853848891163
-1000000
-1.060219494253037
-1.0419370361880385
-1.046955465296006
-1.0521546001094284
-1000000
-1.0357466091793368
-1000000
-1.1660369097289505
-1.0357466091793368
-1.063853848891163
-2.8871542262790504
-1.0665218373880483
-1.9428093380175957
-1000000
-1.0074384643413299
-1000000
-1.023409213196833
-1.0357466091793368
-1.1324893095032458
-3.278299370768462
-1.774644786916303
-1.0357466091793368
-1.0357466091793368
-5.642614667382011
-1.0357466091793368
-1.060990058656266
-1.0357466091793368
-4.949422649991204
-1.0357466091793368
-1.0439033756981122
-5.68582735276534
-1000000
-1.075369945069566
-1.0357466091793368
-1.0357466091793368
-1.075369945069566
-1.0315827942350209
-1000000
-1.0406237234658
-1.0357466091793368
-1.0357466091793368
-1.2762651617420933
-1.075369945069566
-1.0406074755023702
-1.0357466091793368
-1.0357466091793368
-1.0385005418227637
-1.046955465296006
-4.893409155569861
-1.0383283316618235
-1.0400085049099481
-1.0419370361880385
-5.34655367963147
-1.075369945069566
-1.0439033756981122
-1000000
-1.0357466091793377
-1.0605985260603579
-1.0439033756981122
-1.0439033756981122
-1.0357466091793368
-1.0357466091793368
-1.0357466091793368
-2.037984799970847
-1.0550852792957086
-1.039237252265871
-1000000
-1.0392841338259773
-1.0905809049023583
-1.0357466091793368
-1.0419370361880385
-5.994148627695098
-1.0357466091793377
-1.0354252479444466
-1000000
-1.075369945069566
-1.0793834564363116
-1.0439033756981122
-1.0357466091793368
-5.020345409860317
-3.84061305326968
-3.091497392196112
-1.0727637567958315
-5.907545266141676
-1.0074384643413299
-1.0357466091793368
-4.797361447907914
-1.0357466091793368
-1.0665218373880483
-1.0140166606679457
-1.0145079870425473
-1.0538454278009424
-1.046955465296006
-1.060990058656266
-1.075369945069566
-1.0357466091793368
-1.0357466091793368
-1.0074384643413299
-1.7690157522839154
-1000000
-1.0406074755023702
-1.075369945069566
-1000000
-1.0145079870425473
-1000000
-2.9090071880578336
-1.046955465296006
-1.0727637567958315
-1.023409213196833
-1.039239538817883
-1000000
-1000000
-1.0357466091793368
-1.046955465296006
-1.023409213196833
-1.070195800804826
-1.046955465296006
-1000000
-4.91997611304514
-1.0357466091793368
-1.0983101929543717
-1.0357466091793368
-0.8492289045619784
-1.0408742726715077
-1000000
-1.075369945069566
-1.075369945069566
-1.063853848891163
-1.1120836131680552
-1.0357466091793368
-5.644212119397376
-1.0357466091793377
-1.075369945069566
-1.023409213196833
-1.0357466091793368
-1.063853848891163
-1000000
-4.1881116090164765
-1.075369945069566
-1.0439033756981122
-1.075369945069566
-4.039217318408705
-1.0423611197472948
-5.998233816311276
-1000000
## Generation 9 
-1.1295088394497046
-1.0371812018473288
-1.2150015206797553
-1.0357466091793368
-1.6235411908273802
-3.359215477284675
-1000000
-1.0357466091793368
-1.0145079870425473
-2.1012923766177827
-1.0357466091793368
-1.0357466091793368
-2.703489944771432
-1.0357466091793368
-1.772255176509728
-1.0140166606679457
-1.0357466091793368
-1.0357466091793368
-1000000
-1.0357466091793368
-1.0344242212492316
-5.388051522249393
-1000000
-1000000
-1.0357466091793368
-1.0357466091793368
-2.0112067738931683
-1000000
-1.0357466091793368
-1.0357466091793368
-1.0357466091793368
-1.0074384643413299
-1.0145079870425473
-1.0145079870425473
-1.0372178367734877
-1.285623143291706
-1.0357466091793368
-1.0357466091793368
-1.0357466091793368
-1000000
-1.0357466091793368
-1.150602048044435
-1.599932305649476
-1.0357466091793368
-1000000
-1.0254783884318193
-1.0357466091793373
-1000000
-1.0357466091793366
-1.156869310416817
-1000000
-1.1194858980731133
-1.0074384643413299
-1.0357466091793373
-1.0357466091793368
-1.0362673946271308
-4.913235253297744
-1.023772157094265
-1.0357466091793368
-1.0357466091793368
-1.0357466091793368
-1.0357466091793368
-5.747981859287146
-2.0432678496350603
-1.0357466091793373
-1.0357466091793368
-1.0357466091793368
-6.0949625114878545
-1.0315827942350209
-1.023772157094265
-1000000
-1.0357466091793368
-1.0357466091793368
-1.0357466091793368
-1.0354252479444466
-1.0357466091793368
-1000000
-1.0357466091793377
-1.9235629552629394
-1.0140166606679457
-5.205205932038473
-1.0357466091793368
-1.0145079870425473
-1.0357466091793364
-1.0357466091793368
-1000000
-1000000
-1.0074384643413299
-1.4548632655327502
-1.0357466091793368
-1.0357466091793368
-1.035746609179337
-1000000
-1.0357466091793368
-1.0145079870425473
-1.0357466091793368
-1.0357466091793368
-1000000
-1.0357466091793368
-1.0371812018473288
-1.0357466091793368
-1.0357466091793368
-4.865157354726355
-1.0357466091793366
-1.035746609179337
-1000000
-1.0357466091793368
-1.7998883481616177
-1.0372178367734877
-1.0357466091793368
-1.0357466091793368
-4.993781592233485
-1000000
-1.0074384643413299
-4.227901824884278
-2.2926517607249437
-2.5061050063756016
-1.0357466091793368
-1.0357466091793368
-1.1442905527739986
-1.0357466091793368
-1.0357466091793368
-1.0140166606679457
-1.3938293183110955
-1.0357466091793368
-1.69657748679608
-1.023772157094265
-1.0140166606679457
-1.0218298594413013
-1.0357466091793368
-1.0357466091793373
-1.0357466091793373
-1.0357466091793368
-1.0357466091793368
-1000000
-2.0425820876785012
-6.432003265828417
-1.0357466091793368
-1.0140166606679457
-2.1945129542734474
-1.0140166606679457
-1.0357466091793368
-1.0357466091793377
-1.0357466091793368
-1000000
-1.0357466091793368
-1.0357466091793377
-1.0357466091793368
-1.0357466091793368
-1.0357466091793368
-1.0145079870425473
-1.0357466091793368
-2.4252536436080914
-1.0357466091793368
-1.0588244794468256
-1.0357466091793368
-1.0357466091793368
-1.0357466091793368
-1.0140166606679457
-1.0357466091793368
-1.0357466091793368
-1.0357466091793368
-1.0357466091793368
-1.0357466091793368
-1.0357466091793377
-1000000
-2.719722939548808
-1.0357466091793368
-1.0145079870425473
-1000000
-1000000
-1.0604448797551653
-1.023409213196833
-1.0357466091793368
-1.0074384643413299
-1.0357466091793377
-1000000
-1.0140166606679457
-5.509880806661223
-1.023409213196833
-1.0357466091793368
-1.1773110790911547
-1.0357466091793368
-1.0357466091793368
-1.0145079870425473
-1.0140166606679457
-1.0099220359816443
-1.0357466091793368
-1.0357466091793368
-1.0207825315512564
-1.0357466091793375
-1.0357466091793368
-1.0357466091793368
-1000000
-1.0357466091793368
-1.0315827942350209
-1.0357466091793368
-1.3045025566127706
-1.0145079870425473
-1.0459089724784618
## Generation 10 
-1.023772157094265
-1.023409213196833
-1.023772157094265
-1.0140166606679457
-1.0217447081668045
-4.936695783382395
-1.0357466091793368
-1.0227714419487939
-4.578296236447881
-1000000
-1.0357466091793364
-1.0357466091793368
-1.0140166606679457
-1.0219892955704415
-1.023409213196833
-1.023772157094265
-1.0074384643413299
-1.0145079870425473
-1.027187114944823
-1.0140166606679457
-1.0074384643413299
-1.0140166606679457
-4.371557077457155
-1.0145079870425473
-1.023409213196833
-3.6699987611348344
-1.0140166606679457
-1.015333874838702
-1.0145079870425473
-1.0471811731688885
-1.0357466091793368
-1.0354252479444466
-1.0074384643413299
-1.0357466091793368
-1.0145079870425473
-1.0074384643413299
-1.0357466091793368
-1000000
-1.0140166606679457
-1.0250251477000267
-1000000
-1000000
-1.023409213196833
-1.0109565840133659
-1.023409213196833
-1.0357466091793366
-1.023772157094265
-1.0357466091793368
-1.023409213196833
-1.0357466091793368
-6.561625755208268
-1.0074384643413299
-1.0074384643413299
-1.3409263190719436
-1.0357466091793368
-1000000
-1.7467101279905537
-1.023409213196833
-1.0140166606679457
-1.0357466091793368
-1.0357466091793368
-1.0315827942350209
-1.0218298594413013
-0.8492289045619784
-1.023409213196833
-1.0145079870425473
-1.0315827942350209
-1.023409213196833
-1.0357466091793366
-1.3229654476473072
-5.446843073579255
-1.0145079870425473
-1.0357466091793368
-1.0354252479444466
-1.0145079870425473
-1.023409213196833
-2.5263458069973503
-1000000
-1.0357466091793368
-1.0676684608202682
-1.023409213196833
-1.0140166606679457
-1.7056678358619446
-1.0357466091793373
-1.0392006373876579
-1.0938415103626373
-2.419539696136619
-1.0140166606679457
-1.0145079870425473
-1.023772157094265
-1.0315827942350209
-1.0140166606679457
-1000000
-0.8492289045619784
-1.0357466091793368
-1.1017576851063178
-1000000
-1000000
-1.7006305860442006
-1.0357466091793368
-1.0099220359816443
-2.0148652048429287
-1.0357466091793368
-1.0422744260523231
-1.023409213196833
-1.0357466091793368
-1.023772157094265
-6.222011074432975
-1000000
-1000000
-1000000
-1.11539006091772
-1.0074384643413299
-1000000
-1000000
-1.0350168129617394
-1000000
-1.6500115447664172
-1.0140166606679457
-1.035746609179337
-1000000
-5.000769919655054
-1.0140166606679457
-1.023409213196833
-5.443828369870213
-1.023409213196833
-1.0145079870425473
-1.0082470658154397
-1.0123538791877065
-1.1783777595849325
-1.0344242212492316
-1.0332519960564723
-1.0357466091793368
-1.0074384643413299
-1.0357466091793368
-1.0140166606679457
-1.0140166606679457
-1.0357466091793368
-1.0074384643413299
-1.6244086712137995
-2.7876398662968223
-1.0074384643413299
-1.4940822481932563
-1.0357466091793375
-1.0357466091793368
-2.0130364574166704
-1.1568141522133457
-1.0121028424874632
-1.0145079870425473
-1.0357466091793368
-1.020522784112644
-1.023409213196833
-1.0140166606679457
-1.0254783884318193
-1.0354252479444466
-1.0140166606679457
-1.0140166606679457
-1.0357466091793366
-1.0496436910650815
-1.0357466091793368
-1.023772157094265
-1.087463780448835
-2.88544860095845
-1000000
-1.0315827942350209
-2.2016997708812576
-1.0140166606679457
-1.0357466091793368
-4.026832060908901
-1.0357466091793368
-1.0217288951283725
-1.0357466091793368
-1.0357466091793368
-1.0074384643413299
-1000000
-1.0074384643413286
-1.012669115545146
-1000000
-1.0139480240155432
-1.0145079870425473
-1.0357466091793368
-1.0140166606679457
-1.0344242212492316
-1.0218298594413013
-1.0357466091793368
-1.0357466091793368
-1000000
-1.0044137246219236
-1.0357466091793368
-1.0328818259537949
-1.0140166606679457
-1.0279461629960587
-1.0074384643413299
-1000000
-1000000
-3.473096059067642
-1.0074384643413299
-1.023409213196833
-1.0145079870425473
-1.0344242212492316
## Generation 11 
-1.0145079870425473
-1.0140166606679457
-1.018524610615668
-1.0145079870425473
-1.0140166606679457
-1.0732935318271117
-1.0074384643413299
-1.0074384643413299
-1.0082470658154397
-1.0225479724297692
-0.8492289045619784
-1.0145079870425473
-1.0140166606679457
-1.0161541487595767
-1.0499634022033908
-1.0145079870425473
-1.0094946521455166
-1.0140166606679457
-1.0140166606679457
-1.0074384643413299
-1.0145079870425473
-1.063954761996872
-1.0109565840133659
-1000000
-1000000
-1.0138035079578736
-1.0145079870425473
-1.0145079870425473
-1.0318660283403376
-1.0151331564144723
-1.013590056530038
-1.0145079870425473
-1.311988213006436
-1.0145079870425473
-1000000
-5.134305151731713
-1.0145079870425473
-4.581054140852802
-1.0145079870425473
-1.0121028424874632
-1.0145079870425473
-1.0074384643413299
-1.558319113052957
-1.0140166606679457
-1.0250341247648593
-1.0140166606679457
-1.0140166606679457
-1.0140166606679457
-1.0177487206747164
-1.0140166606679457
-0.8492289045619784
-1.0157138535367363
-1.0074384643413299
-1.012616796706544
-1.263539983535685
-1.0145079870425473
-1.0140166606679457
-1.0119723665329547
-1.0140166606679457
-1.0074384643413299
-1.0804975513832813
-1.010542903024201
-1.0140166606679457
-1.0140166606679457
-1.5045372651714846
-1.0250326720186456
-1.0140166606679457
-1.0145079870425473
-1.034158513606898
-1.531776186052201
-1.0140166606679457
-1.0386540300637273
-1.0074384643413299
-1000000
-1.017506062336661
-1.0140166606679457
-1.0446670604125967
-1000000
-1.0074384643413299
-1.0145079870425473
-1.0140384893956655
-1000000
-1.0145079870425469
-1.0140166606679457
-1.0140166606679457
-1.0140166606679457
-1.0130768540664419
-1.0260638730929872
-1000000
-1.0140166606679457
-1.0074384643413286
-1.0123538791877065
-0.8492289045619784
-4.2080128696261525
-1.0082470658154397
-1.019919823899509
-1.1192467073041654
-1.0074384643413299
-1.0127272676676409
-1.0140166606679457
-1.1802501581867435
-1.0116751249081801
-1.0154354819801763
-1.0121996573047545
-1.0145079870425473
-1.928794140746487
-1.0140166606679457
-1.0072343330486648
-1.0145079870425473
-1.038785801123199
-1.0145079870425473
-1.0145079870425473
-1.0145079870425473
-1.0145079870425473
-1.0074384643413299
-1.0074384643413299
-1.00743846434133
-1000000
-1.0074384643413299
-1.0140166606679457
-1.0145079870425473
-1.0140166606679457
-1.0074384643413299
-1.0140166606679457
-1.0074384643413299
-1000000
-1.0074384643413299
-1.0145079870425473
-1.0074384643413299
-1.0145079870425473
-1.0881117549812986
-1.0149105773468796
-5.170075907546239
-1000000
-1.0074384643413299
-1.0145938087580586
-1000000
-1.0083795586083684
-1000000
-1.0280394904390961
-1.0074384643413286
-1.0074384643413299
-0.8492289045619784
-1.0145079870425473
-1.0143276368912588
-1000000
-1.0135212186475329
-1.0140166606679462
-1.0662658033407113
-1.0121028424874632
-1.0074384643413299
-1.0139480240155432
-1.0074384643413299
-1.0074384643413299
-1.0074384643413299
-1.0145049737927903
-1.0074384643413286
-1.0145079870425473
-1000000
-1.0099220359816443
-1.0117848630784037
-1.0121028424874632
-1.0074384643413299
-1.0325423065457693
-1.0145079870425473
-1.1335237564416727
-1.0145079870425469
-1.0074384643413299
-1.0145079870425473
-1.045423897596235
-1.0129070023364677
-1.0145079870425473
-1.0074384643413299
-1.0140166606679457
-1000000
-1.0145079870425473
-1.0145079870425473
-1.0074384643413299
-1.0140166606679457
-1.0145079870425473
-1.0140166606679457
-1000000
-1.0471444210747507
-0.8492289045619784
-1.0145079870425473
-1.0145079870425473
-1000000
-1.0074384643413299
-1000000
-1.0140166606679457
-1.0194768885735663
-1.005136544577014
-1000000
-1.0107817929561158
-1.068567428469315
-1.0260139672007622
-1.0109565840133659
-1.0140166606679457
-1.0140166606679457
-1.0130580392502246
## Generation 12 
-1.0135212186475329
-1.0123538791877065
-1.0074384643413299
-1.1055315338519829
-1.33480030683381
-1.0074384643413299
-1.0074384643413299
-1000000
-1.0083795586083684
-1.0074384643413299
-1.0123538791877065
-1.0074384643413299
-1.0082470658154397
-1.0074384643413299
-1.012669115545146
-1.0074384643413299
-1.0074384643413299
-1.047795558253976
-1.0074384643413297
-1.0074384643413299
-1.0116751249081801
-4.9283169186964555
-1.0082476850207922
-1.0082470658154397
-1.045654842518988
-1.0074384643413299
-1.00743846434133
-1.012616796706544
-1.1204543120360406
-1.0074384643413294
-1.0074384643413299
-1.0109565840133659
-0.8492289045619784
-1.0074384643413299
-1.0080390780768913
-1.0121028424874632
-0.8492289045619784
-1.00743846434133
-1.0108311428239163
-1.2228268074952102
-1000000
-1.0074384643413299
-1.0048124486310521
-1000000
-1.0074384643413299
-1.0165854182967904
-1.0116751249081801
-1.0074384643413299
-1.0074384643413299
-3.771052106463647
-1.0074384643413299
-4.675966011903462
-1.00743846434133
-1.00743846434133
-1.00743846434133
-1.022519348938397
-1.0074384643413299
-1.0074384643413299
-1.0074384643413299
-1.023679831932912
-1.0074384643413299
-1.0074384643413299
-1.0121028424874632
-1.0074384643413299
-1.0074384643413299
-1.0074384643413299
-1.0074384643413299
-1.408553432472206
-4.092092344507715
-1.0074384643413299
-1.0050201978946467
-1.0074384643413299
-1000000
-1.0746350943916279
-1.0131311223969948
-1.0074384643413299
-1.0099220359816443
-1.0652757228706387
-1.0074384643413299
-1.0129015813852602
-1000000
-1.0074384643413286
-1.0074384643413299
-1.005136544577014
-1000000
-1.012616796706544
-1.0457343167590578
-1.0173734322032026
-1.0074384643413299
-1.0265168750774818
-1.0074384643413299
-1000000
-1000000
-1.045186203228887
-1.0119640014102986
-1.0846611494530969
-1.0125914057619905
-1000000
-1.0074384643413299
-1.0074384643413299
-1.0074384643413299
-1000000
-2.0487586650983625
-1.0121028424874632
-4.95717337592928
-1.410524061024998
-1.0074384643413299
-1.0074384643413299
-1.0074384643413286
-1.0944982159406238
-1.9048370697117747
-0.8492289045619784
-1000000
-1.0074384643413299
-1.0074384643413299
-1.00743846434133
-1.0094758395059114
-1.0074384643413299
-1.0074384643413299
-1.0074384643413299
-1000000
-1.0185066626841057
-1000000
-1.0074384643413299
-1.0074384643413299
-1.0074384643413299
-1.0074384643413299
-1.007438464341329
-0.8492289045619784
-1.0130580392502246
-1.0074384643413299
-0.8492289045619784
-1.0167391743417087
-1.0074384643413299
-1.0099220359816443
-1.0074384643413299
-1.0135833057797494
-1.0119723665329547
-1.5759996661375144
-1.0074384643413299
-1.010542903024201
-1.0074384643413299
-2.8221677425620344
-1000000
-1.0074384643413299
-1.0074384643413299
-1.0074384643413299
-1.0082470658154397
-0.8492289045619784
-1.0516223156251707
-1000000
-1.0206614436417853
-1.0135212186475329
-1.0382804554915344
-1.0074384643413299
-1.0099220359816443
-1.0195666438340796
-1.0109565840133659
-1.0121028424874632
-1.0074384643413299
-1.0074384643413299
-1000000
-1.0074384643413299
-1.012669115545146
-1.0074384643413299
-0.8492289045619784
-1.0074384643413299
-2.1275840856558568
-1.0082470658154397
-1.2113866050425794
-1.0113835202206927
-1000000
-1.0074384643413299
-1.0074384643413286
-1.0118192475783412
-1.0044137246219236
-1.0074384643413299
-1.0074384643413299
-1.0079844011154477
-1.0130768540664419
-1000000
-2.571367663743404
-1.0074384643413299
-1.0121996573047545
-1.0074384643413294
-1.0074384643413299
-1.0673163315306833
-1.009365006276861
-1000000
-1.0074384643413299
-1.0255683763325423
-1000000
-1.0074384643413299
-1000000
-1.0121028424874632
-1.0949612513365077
-1000000
-1.0074384643413299
-1.010542903024201
-1.0074384643413299
## Generation 13 
-1000000
-1.0074384643413299
-1.0074384643413299
-1.11671776719551
-1.0074384643413303
-1.0074384643413299
-1.0074384643413286
-5.499487504955845
-1.0074384643413299
-1.0074384643413299
-0.8492289045619784
-1.0074384643413286
-1.0074384643413299
-0.8492289045619784
-1.0072343330486648
-1.0074384643413299
-0.8492289045619784
-2.955306776582434
-1.0074384643413294
-1.0074384643413299
-1.007438464341329
-2.19677783589367
-1.0074384643413299
-1000000
-1.0074384643413299
-1.0074384643413299
-1.0074384643413299
-1.0074384643413299
-1.0074384643413294
-1.0074384643413299
-1.0074384643413294
-1.0074384643413299
-1.0074384643413299
-1.0074384643413299
-6.975384120407206
-0.8492289045619784
-1.0074384643413294
-1000000
-1.0061110020701571
-1.007438464341328
-1.0074384643413299
-1.0074384643413299
-1.005136544577014
-1.0074384643413299
-1000000
-0.8492289045619784
-1.0074384643413299
-1.6469591784148503
-1.0074384643413299
-1.0074384643413299
-1.1233862962137096
-1.0074384643413294
-1.0074384643413299
-1.0074384643413299
-1.0074384643413286
-1000000
-1.0074384643413299
-1.0489580915861376
-1.0074384643413299
-3.5079067424826125
-1.0074384643413299
-0.8492289045619784
-1.0074384643413299
-1.0074384643413299
-1.0074384643413299
-1.0074384643413286
-1.0074384643413299
-1.00743846434133
-1.0048124486310521
-1.0074384643413299
-1.005136544577014
-1.1496789054752021
-1.0074384643413299
-1.0074384643413299
-1000000
-1000000
-1.0074384643413299
-1.005136544577014
-0.8492289045619785
-1.0074384643413299
-1000000
-0.8492289045619784
-4.191515178638942
-1.0384693516062808
-1.0074384643413299
-1.6398487779908855
-1.0074384643413299
-1.007438464341329
-1.0074384643413299
-1.0074384643413299
-1.007438464341329
-1.0068460005648943
-1.0242318777815522
-1000000
-1000000
-1.0074384643413299
-1.0074384643413294
-1.0074384643413299
-1.685096159595541
-1.0074384643413299
-1.0208280239579337
-1.0076938144693137
-1.0074384643413299
-1.0074384643413299
-1.0074384643413299
-1.0074384643413299
-1000000
-1.0074384643413299
-0.8492289045619784
-1.0074384643413303
-6.677759432261299
-1000000
-1000000
-1.007438464341329
-0.8492289045619784
-3.9208232536638827
-5.89411322176718
-1.041716291712573
-4.8153980133910785
-1.0074384643413299
-1.0074384643413299
-1000000
-1.0074384643413299
-1.447748898629652
-1.0074384643413299
-1.0074384643413299
-1.0048124486310521
-1.0074384643413299
-1.0074384643413299
-1.0074384643413299
-2.278685980153721
-5.561957306544603
-1000000
-1.0074384643413297
-1000000
-4.2766242914134445
-1.0044137246219236
-1.7913182471863707
-0.8492289045619784
-1.0074384643413299
-1.0074384643413299
-1.0074384643413299
-1.0692449445586336
-1.005136544577014
-1.0074384643413299
-1.0074384643413288
-1.0074384643413299
-0.8492289045619784
-1.0057381100719505
-1.0074384643413299
-1.0074384643413299
-1.7329236126211094
-1.0074384643413299
-0.9424944813601155
-1.0074384643413299
-1.0074384643413299
-1.0074384643413297
-1.0074384643413299
-2.547764856446548
-1.0074384643413299
-1000000
-1.358311379909149
-1.0074384643413299
-0.8492289045619784
-1.0074384643413299
-1.0074384643413299
-1.0074384643413299
-1.0074384643413299
-1.0074384643413299
-1.0074384643413286
-1.0074384643413303
-1.0074384643413299
-1.0074384643413297
-1.0074384643413299
-1.005136544577014
-1.0074384643413299
-1.0074384643413299
-1000000
-1.007438464341329
-1.0074384643413299
-1.0074384643413299
-0.8492289045619784
-1.1208268228877165
-1.0074384643413299
-1.0044137246219236
-1.0074384643413299
-1.0074384643413299
-3.866929123347502
-1.0074384643413286
-1.0074384643413299
-1.0074384643413299
-1.0074384643413299
-1.0074384643413299
-1.007438464341329
-1.0074384643413299
-1.0074384643413299
-1.0074384643413303
-1.0044137246219236
-1.005136544577014
-1.0074384643413299
## Generation 14 
-1.0058643072402491
-1.0074384643413286
-1.0072343330486648
-1.0074384643413299
-0.8492289045619784
-1.007438464341329
-6.139095977213947
-1.0074384643413297
-1.0074384643413299
-0.8492289045619784
-1.0074384643413286
-1.007438464341329
-1.007438464341329
-1000000
-0.8492289045619784
-5.761853760791049
-1.0074384643413279
-0.8492289045619784
-1.0074384643413286
-1.0074384643413299
-1.0074384643413286
-0.8492289045619784
-1000000
-6.001674028939451
-1.0074384643413303
-1.0074384643413299
-1.0074384643413299
-1.0048124486310521
-1.2910191584008641
-0.8492289045619784
-1000000
-1000000
-2.6331274951944215
-1.0074384643413294
-1.0074384643413297
-1.0074384643413299
-1.0074384643413299
-1.0074384643413299
-1000000
-0.8492289045619784
-0.8492289045619784
-0.9058124016494454
-1.007438464341328
-0.8492289045619784
-1000000
-1.007438464341329
-1.007438464341329
-1.0061110020701571
-1.0066733090498394
-1.0044137246219236
-1.005136544577014
-1.0074384643413299
-0.805755006941542
-1.0074384643413294
-1.0074384643413286
-1.0074384643413286
-1.0074384643413294
-1.0050201978946467
-1000000
-5.557364385879424
-1.007438464341328
-1.0044137246219236
-0.8492289045619775
-1.006149289325702
-1.007438464341329
-1000000
-1.0074384643413294
-1.023056748323066
-1.0058318178861692
-1.0074384643413299
-1000000
-0.8492289045619784
-1.0074384643413299
-0.8492289045619784
-1.0074384643413294
-0.8492289045619784
-4.58731862843955
-1.007438464341329
-1.0074384643413299
-1.0074384643413294
-1.0359218910646553
-2.458899933384408
-0.8492289045619784
-1.0074384643413286
-1.007438464341329
-5.264980657532162
-1000000
-1.0074384643413294
-0.8492289045619784
-1.0074384643413286
-1.007438464341329
-1.005136544577014
-1.3643397982491905
-0.8287613107683329
-0.8492289045619784
-3.162333955412966
-1.007438464341329
-1.0074384643413299
-0.8492289045619784
-1.9359605822950603
-1000000
-1.0792812771927656
-1.0625078733874984
-1.0074384643413299
-1.0054756629397867
-1.0074384643413297
-3.466811226897411
-1.0074384643413294
-1.0010734578219953
-0.8492289045619784
-1000000
-1.0044137246219236
-1.005136544577014
-0.8492289045619784
-1.0074384643413294
-1.0899881609373867
-1.007438464341329
-1.0074384643413299
-1000000
-1.0074384643413283
-1.0074384643413299
-0.8492289045619784
-1.0074384643413299
-1000000
-1.265650651818399
-0.8888351623869296
-1.0074384643413299
-6.756988119260904
-0.8492289045619784
-0.8492289045619784
-1000000
-1000000
-1000000
-0.8492289045619784
-0.8492289045619784
-1.005136544577014
-1.069971740709947
-1.140111147056397
-1.0074384643413288
-1.005136544577014
-1000000
-1.0074384643413286
-1.0075319589717047
-1.213447803584351
-0.8492289045619784
-1.007438464341329
-1000000
-0.8492289045619784
-1.0064422613152364
-1000000
-0.8492289045619784
-0.8492289045619784
-1.0057381100719505
-1.0072681396650536
-1000000
-1.0048124486310521
-5.859317990418358
-0.8492289045619784
-1.0061110020701571
-0.8492289045619784
-1.007438464341329
-1.007438464341329
-1.0074384643413299
-1000000
-1.0074384643413299
-0.8492289045619784
-0.8492289045619784
-1.0044137246219236
-1000000
-0.8492289045619784
-1.5399757057262016
-1.0068460005648943
-1.033402432023717
-1.0074384643413299
-1.0074384643413299
-1.007438464341328
-1.006059127931869
-0.8492289045619784
-1.0057381100719505
-2.9747649382389683
-1000000
-1.007438464341329
-1.0048124486310521
-1.0044137246219236
-1000000
-1.0044137246219236
-4.719521391277277
-0.8492289045619784
-5.27934360873333
-1.0074384643413286
-1.007438464341329
-1.033631389165251
-1000000
-1.0074384643413299
-1000000
-1.0050201978946467
-1.0061110020701571
-1.007438464341329
-1000000
-1.0523801536443307
## Generation 15 
-1.0048124486310521
-1000000
-1.005136544577014
-0.8492289045619775
-1000000
-1.610557178597668
-1.0044137246219236
-0.9058124016494454
-0.8492289045619784
-4.134874028424473
-0.8492289045619779
-0.8492289045619784
-1.0048124486310521
-0.8492289045619784
-1.0048124486310521
-1.005136544577014
-0.8492289045619784
-0.896579068287221
-0.8492289045619784
-1000000
-1.0048124486310521
-0.8492289045619784
-0.8492289045619784
-1000000
-1000000
-2.6374121896662586
-0.8492289045619784
-3.6001478940874243
-0.8492289045619784
-0.8492289045619784
-1.5205118520789547
-0.8492289045619784
-0.8187770917422256
-1000000
-1.0622991306460023
-0.9236581691177933
-0.5653353267067331
-1000000
-1000000
-0.8492289045619784
-1.0044137246219251
-1.342653450494446
-1000000
-0.8492289045619784
-0.8865709112886014
-0.5959927034830277
-0.8492289045619784
-0.8492289045619775
-3.8472299084279307
-0.8492289045619784
-1.0044137246219236
-0.8492289045619784
-1.0050809971224954
-0.8492289045619784
-4.499287964617705
-0.8492289045619784
-0.8492289045619784
-1000000
-0.8492289045619775
-1.0048124486310521
-0.8492289045619784
-0.8492289045619784
-0.8492289045619784
-1.0885948488071109
-0.8492289045619784
-0.8492289045619781
-0.8492289045619784
-1.0044137246219236
-0.8492289045619775
-0.8492289045619784
-0.8492289045619776
-1.7202011549939922
-1.0050201978946467
-1.0044137246219236
-0.8492289045619784
-1.0044137246219236
-0.8492289045619784
-2.660847795813283
-4.213645616374225
-1.0044137246219236
-0.8492289045619784
-1000000
-0.8492289045619784
-0.8492289045619784
-5.041914967175656
-0.8492289045619784
-1000000
-1.0044137246219236
-0.8492289045619784
-1000000
-1.0803366088021653
-4.365264076612385
-1.0048124486310521
-1.9616163131425206
-0.8840948844003367
-0.8492289045619784
-1000000
-1.0433168196320142
-1000000
-0.8492289045619779
-0.8280227358886224
-0.8024874050051539
-0.8492289045619784
-1.0044137246219236
-0.8492289045619784
-1.0044137246219236
-1.0048124486310521
-0.8492289045619785
-0.8492289045619784
-7.616203295347508
-0.8492289045619784
-0.6432530292746399
-1.0044137246219236
-1000000
-0.8492289045619784
-4.609826860988817
-0.8492289045619784
-0.48712834398850263
-0.8492289045619784
-0.8492289045619784
-0.8492289045619784
-0.8492289045619784
-1.0050201978946467
-2.3890369914110283
-3.8580326719418196
-0.8311991009286016
-0.8492289045619777
-0.8492289045619779
-0.8492289045619784
-0.8492289045619784
-0.8492289045619784
-0.8492289045619784
-1.005136544577014
-0.8492289045619784
-1000000
-1.0687721172583415
-0.8492289045619784
-0.8492289045619783
-1000000
-0.8492289045619784
-0.8492289045619784
-1.0048124486310521
-0.805755006941542
-0.8492289045619784
-1.0048124486310521
-1.0048124486310521
-1.0047352956767632
-0.8492289045619784
-1000000
-0.8492289045619784
-1.005136544577014
-1000000
-3.4990737766788467
-0.8492289045619784
-1.778349236871048
-0.8618282150692405
-1.0044137246219236
-1.005136544577014
-1000000
-1.005136544577014
-0.8492289045619784
-1.0044137246219236
-7.931472768899589
-1.0048124486310521
-1.0044137246219236
-1.005136544577014
-0.8492289045619784
-1000000
-3.943696732483167
-0.8492289045619784
-0.8492289045619784
-0.8492289045619784
-1000000
-1.3589341989073882
-0.8492289045619785
-1.0044137246219236
-0.8492289045619784
-0.8492289045619784
-0.805755006941542
-0.8492289045619784
-1000000
-0.8438640532283218
-0.8492289045619784
-0.8492289045619784
-1.0050201978946467
-0.8492289045619784
-1.005136544577014
-0.8492289045619784
-0.8492289045619784
-1000000
-0.8492289045619784
-1.6371975111504864
-6.57017099536979
-0.8492289045619784
-0.8492289045619784
-0.8492289045619784
-0.8492289045619784
-5.227670996311362
-0.8492289045619784
-0.8492289045619784
## Generation 16 
-0.8492289045619784
-0.8492289045619784
-0.8470588856802735
-0.918566155447284
-0.8492289045619784
-0.8492289045619776
-0.8492289045619784
-1000000
-0.8492289045619779
-0.8492289045619784
-0.8492289045619784
-0.8492289045619779
-0.8492289045619779
-0.8492289045619775
-0.805755006941542
-0.7064376812259741
-0.8492289045619784
-0.8492289045619775
-0.8492289045619785
-0.8493733087731159
-0.8025665534161522
-0.8492289045619785
-0.8492289045619784
-0.8492289045619781
-0.8492289045619782
-0.8608504432702929
-0.8492289045619794
-0.8440021791524809
-0.8492289045619785
-0.8492289045619784
-0.8492289045619784
-0.8492289045619775
-0.8492289045619794
-0.6432530292746399
-0.805755006941542
-0.8492289045619784
-0.8492289045619784
-0.8492289045619777
-0.805755006941542
-0.8492289045619784
-0.8262861661037963
-0.8492289045619785
-0.8492289045619784
-0.8492289045619784
-1.178549918248341
-0.805755006941542
-0.8492289045619781
-0.8492289045619784
-0.8492289045619784
-0.8492289045619784
-0.8492289045619784
-0.8492289045619779
-0.8492289045619779
-0.8492289045619784
-0.8492289045619779
-0.8492289045619775
-1000000
-0.8492289045619784
-0.8492289045619784
-0.8492289045619775
-0.8492289045619783
-0.8492289045619784
-0.8492289045619784
-0.8492289045619775
-0.8492289045619775
-0.8492289045619784
-0.8492289045619784
-0.8492289045619784
-0.8492289045619777
-1000000
-0.8492289045619784
-1000000
-0.8492289045619773
-1.2833279744191144
-1000000
-0.8492289045619784
-0.6432530292746399
-0.8492289045619784
-0.8492289045619784
-0.8492289045619775
-0.8492289045619777
-0.8492289045619784
-1.6327027460429235
-0.8492289045619775
-1000000
-0.8492289045619784
-0.8492289045619784
-0.8492289045619784
-0.8492289045619781
-0.8492289045619777
-0.8492289045619784
-0.8492289045619784
-0.8492289045619784
-0.8492289045619775
-1.0015013897563803
-0.8492289045619779
-0.8492289045619784
-0.8492289045619794
-0.8492289045619779
-0.805755006941542
-0.8492289045619784
-1.3565747408624456
-0.8492289045619784
-0.8492289045619784
-0.5653353267067331
-0.8492289045619784
-0.9628441194966162
-0.8492289045619784
-0.8492289045619779
-0.8492289045619784
-0.8492289045619784
-0.805755006941542
-0.8378249463085049
-0.8492289045619785
-0.8492289045619784
-0.8492289045619784
-0.8492289045619784
-0.6027215339647898
-0.8329663071901029
-1000000
-0.8492289045619784
-0.8492289045619784
-0.8492289045619784
-0.48712834398850263
-0.8492289045619784
-0.8492289045619784
-0.8492289045619777
-0.8492289045619786
-0.8492289045619784
-0.7635547817233764
-0.8492289045619784
-0.8492289045619784
-0.6432530292746399
-0.7729497564705593
-0.8492289045619784
-0.8492289045619786
-0.8492289045619784
-0.8492289045619784
-0.8492289045619784
-0.8492289045619784
-0.8492289045619775
-0.8001496766867553
-0.8492289045619784
-0.8492289045619779
-0.8492289045619775
-0.8492289045619784
-0.8492289045619784
-0.8492289045619784
-0.8492289045619784
-0.8492289045619784
-0.8492289045619784
-0.8492289045619784
-0.8492289045619784
-0.8492289045619795
-0.8492289045619784
-0.8492289045619784
-0.8492289045619784
-1000000
-0.8492289045619784
-0.8492289045619784
-0.8492289045619784
-0.8492289045619784
-0.8492289045619775
-0.8492289045619791
-0.8492289045619784
-0.8492289045619784
-0.8492289045619779
-1000000
-1000000
-0.5959927034830277
-0.8486316499180782
-0.8345524650929719
-1000000
-1000000
-0.8492289045619784
-0.8492289045619775
-1000000
-0.8492289045619789
-0.8492289045619775
-0.8492289045619785
-1000000
-1.1792571315318137
-0.8492289045619784
-0.8492289045619784
-0.8492289045619784
-0.8492289045619779
-0.8492289045619784
-0.8492289045619784
-3.065697638429004
-0.8492289045619784
-0.8492289045619784
-0.8726791537787785
-0.8492289045619784
-0.5355504114873664
-1.5821909987444331
-0.8492289045619775
-0.8492289045619775
-0.8492289045619775
-0.8492289045619784
-0.8492289045619789
## Generation 17 
-0.8624192197541409
-0.8492289045619775
-0.8492289045619777
-1.4900916684514487
-0.8492289045619775
-0.1296840385205252
-0.8492289045619775
-0.7662050694939897
-0.8492289045619775
-0.8378249463085049
-0.8426781292499926
-0.8492289045619785
-0.5959927034830277
-0.8492289045619775
-0.8262861661037963
-0.8492289045619779
-0.6253642129729935
-0.8492289045619775
-0.827224590467804
-1000000
-0.5355504114873664
-0.8492289045619779
-0.8345524650929719
-0.8491019779505627
-0.8286759513864591
-0.8492289045619777
-0.8492289045619784
-0.8492289045619784
-0.5653353267067331
-0.6555244398575559
-0.805755006941542
-0.8280227358886224
-0.8308798640321234
-0.8287613107683329
-0.8492289045619779
-0.5653353267067331
-0.805755006941542
-0.8492289045619775
-0.8053019585884956
-0.8492289045619775
-0.6432530292746399
-0.8492289045619776
-0.6432530292746399
-0.8492289045619779
-1.6770985978755022
-1.0647964720284522
-0.8973835099402865
-0.8492289045619775
-0.8492289045619779
-0.8472137898808747
-0.8492289045619779
-0.8311991009286016
-0.8038327102916103
-0.8492289045619781
-0.8438640532283218
-0.8447029047103309
-0.7358761554292697
-0.805755006941542
-0.7262885848405375
-0.8487174846533039
-0.8492289045619775
-0.8492289045619784
-0.5653353267067331
-0.8492289045619777
-0.847525412487013
-0.8492289045619775
-3.2536364134859137
-0.8492289045619775
-0.8492289045619785
-1.2464762763076902
-0.8492289045619779
-0.8492289045619779
-0.805755006941542
-0.8492289045619775
-0.8492289045619775
-0.8492289045619775
-0.8486316499180782
-0.8492289045619783
-0.805755006941542
-0.5959927034830277
-0.8492289045619777
-0.8492289045619783
-0.805755006941542
-0.8287613107683329
-0.8358216240867806
-2.3609701761748174
-0.8492289045619775
-1000000
-0.8492289045619775
-0.8492289045619775
-0.8492289045619779
-0.8225439785855351
-0.8266344377627324
-0.8492289045619775
-0.8492289045619784
-0.5412634884646311
-0.7822781270163871
-0.8492289045619784
-0.805755006941542
-0.8492289045619775
-0.48712834398850263
-0.8492289045619784
-0.8422394679332184
-0.805755006941542
-0.5959927034830277
-0.7064376812259741
-0.8010200729986726
-0.9286231863872013
-0.7193422597798311
-0.8492289045619777
-0.8239088128988216
-0.8369724379908141
-0.805755006941542
-1.422112131400598
-0.8006348701424293
-1000000
-0.8024874050051539
-0.8492289045619779
-0.8492289045619779
-0.9981887771116222
-0.8492289045619774
-0.5850710347006488
-0.8492289045619784
-0.8492289045619776
-0.689306021490997
-0.5959927034830277
-1.7353043429957813
-0.8492289045619779
-0.8492289045619777
-0.7635547817233764
-0.8280227358886224
-0.8492289045619775
-0.8492289045619777
-0.8492289045619777
-0.8492289045619779
-0.9259426106016243
-0.8438640532283218
-1.4939670023165004
-0.6832434112046673
-0.8482038019753791
-0.8345524650929719
-1000000
-0.7070635168300184
-0.8492289045619777
-0.5959927034830277
-0.8492289045619784
-0.8280227358886224
-0.8492289045619775
-0.8492289045619775
-0.8492289045619775
-1000000
-0.6432530292746399
-0.8470588856802735
-2.982406768596902
-0.8492289045619784
-0.8492289045619775
-1.1677599626360942
-0.8492289045619779
-0.8492289045619775
-1.0762368173387085
-0.5653353267067331
-0.8492289045619779
-0.8492458331194467
-0.8349488271010511
-0.8492289045619773
-1000000
-0.8358630529787542
-0.8489099979319279
-0.8492289045619777
-0.8492289045619775
-0.7024275051147082
-2.737723915826776
-0.8492289045619775
-0.8345524650929719
-0.8492289045619779
-0.8447649091526344
-0.8629166945371027
-0.8492289045619777
-0.7178439535173851
-1000000
-0.7289300615395403
-0.8456094419116515
-0.6550092361375948
-0.6432530292746399
-0.8492289045619779
-0.8440021791524809
-0.8438397222421091
-0.8492289045619775
-0.8371963760699961
-0.8479327974312135
-0.8329663071901029
-0.9246270725358412
-0.8440021791524809
-0.8492289045619775
-1000000
-0.7064376812259741
-0.6128725903490638
-1000000
-0.5959927034830277
-0.8492289045619773
## Generation 18 
-0.7827293263443054
-0.8024874050051539
-0.5959927034830277
-0.7246352673577284
-0.6736009784281602
-0.7695394388634093
-0.6432530292746399
-0.7532725709695969
-0.5959927034830277
-0.6027215339647898
-0.8131775455578485
-0.8287613107683329
-0.7635547817233764
-0.7024275051147082
-0.7197513385228311
-0.805755006941542
-0.5653353267067331
-0.805755006941542
-0.7936553904781414
-0.5412634884646311
-0.6428749186254609
-0.7662413206106946
-0.6724239567896773
-1000000
-0.805755006941542
-1000000
-0.8239088128988216
-0.8123559378915676
-0.827224590467804
-0.5816456236018044
-0.8025665534161522
-1000000
-1.4510688327042949
-0.8329663071901029
-0.8038327102916103
-0.7811579360618663
-0.805755006941542
-1.934343496551122
-1000000
-0.785073306196365
-0.7824802743793295
-0.8311991009286016
-0.701253324060043
-0.7662050694939897
-0.8280227358886224
-0.8280227358886224
-0.805755006941542
-1.3722416424923565
-0.5959927034830277
-0.7729497564705593
-0.8186284297735694
-0.805755006941542
-1000000
-0.779836673760863
-1000000
-0.5653353267067331
-0.6432530292746399
-0.7193422597798311
-0.8057550069415421
-0.5653353267067331
-0.7064376812259741
-0.5355504114873664
-0.7265996076223435
-0.5358178711498649
-1000000
-0.805755006941542
-0.5959927034830277
-0.33318436091315706
-0.8076533246529554
-1000000
-0.7635547817233764
-0.5959927034830277
-0.805755006941542
-0.6832434112046673
-0.6555244398575559
-1.0593835621123722
-0.48712834398850263
-0.7064376812259741
-0.6681110560954794
-0.805755006941542
-0.8038327102916103
-0.7980650935132724
-0.7611093451445642
-0.8266064956008545
-0.805755006941542
-0.8025176702681917
-0.7247940942157439
-0.8284722570814026
-1000000
-0.662375310594348
-0.802049145414309
-0.6253642129729935
-0.8329663071901029
-0.48712834398850263
-0.805755006941542
-0.8035066489953554
-0.5932169337732544
-0.6432530292746399
-1.117890386974692
-1.390814905051696
-0.786340729576738
-0.5959927034830277
-0.8287613107683329
-2.2291278457830637
-0.8114781604776694
-0.805755006941542
-0.5653353267067331
-0.7615490413874808
-0.805755006941542
-0.6065980652389735
-0.5959927034830277
-0.7635547817233764
-0.8187770917422256
-0.7979554117518205
-0.5442719939111801
-0.6964006877343232
-0.8287613107683329
-0.7152909393604713
-0.8038327102916103
-0.6253642129729935
-0.8247627756659472
-0.7635547817233764
-0.8001496766867553
-0.799566188992705
-0.805755006941542
-0.8025665534161522
-0.8004814336541684
-0.8266344377627324
-0.5653353267067331
-0.8311991009286016
-0.7193422597798311
-0.7813501776201769
-0.8311991009286016
-0.7064376812259741
-0.48712834398850263
-0.5959927034830277
-0.929636112734198
-0.805755006941542
-0.5959927034830277
-0.5355504114873664
-0.805755006941542
-0.8150572507664552
-0.8096599246201636
-0.6744128949371758
-0.8024874050051539
-0.5925414840767285
-0.6128725903490638
-0.6232764189501748
-0.5672749858511789
-0.8286759513864591
-0.6432530292746399
-0.8266344377627324
-0.8329663071901029
-1000000
-0.5653353267067331
-0.805755006941542
-1000000
-0.7588885552505129
-0.8572765518533859
-1.286778721329667
-0.8001496766867553
-0.8053019585884956
-0.8053019585884956
-0.8187770917422256
-0.7076605778638813
-0.805755006941542
-0.7635547817233764
-0.8311991009286016
-0.6432530292746399
-0.8345524650929719
-0.6506807158103294
-0.805755006941542
-1.671438791874584
-0.805755006941542
-0.896656551876576
-1.2662927347171251
-0.8226677909521195
-0.32137803506571894
-2.704624970569714
-1000000
-0.805755006941542
-0.5653353267067331
-1000000
-0.7064376812259741
-0.805755006941542
-0.41694789631597307
-1000000
-1.0328838528833688
-0.7289300615395403
-0.5693165376635548
-1000000
-0.8345524650929719
-0.805755006941542
-2.6142471581516835
-0.687423475007814
-0.804198009716205
-0.6800275092633864
-0.8010200729986726
-0.5412634884646311
-0.9087999871918245
## Generation 19 
-0.6681110560954794
-1000000
-0.6813024520284938
-0.5014528555077572
-1000000
-1000000
-0.5355504114873664
-0.6832434112046673
-0.5358178711498649
-0.6432530292746399
-0.5959927034830277
-0.6027215339647898
-0.6440375441215915
-0.5959927034830277
-0.6832434112046673
-0.5475488046933674
-0.5412634884646311
-0.6800275092633864
-0.6432530292746399
-0.33318436091315706
-0.42721166999033705
-0.6353229453195742
-0.5108592882501802
-0.7024275051147082
-0.6432530292746399
-0.6432530292746399
-0.5412634884646311
-0.6205617999422683
-0.583432279311622
-0.6256798655997633
-0.6432530292746399
-0.6474074195031088
-0.6425073559591306
-0.5750300835884572
-0.5412855205867765
-0.6128725903490638
-0.6619484888039506
-0.7088946264073338
-0.6832434112046673
-0.7584339108091086
-0.7017871874732425
-1.5807859477187747
-0.1296840385205252
-0.5947156271056504
-0.5358178711498649
-1000000
-0.6128725903490638
-0.5653353267067331
-0.5341792697416103
-0.6410068988327677
-0.1296840385205252
-0.6432530292746399
-0.6555244398575559
-0.6506807158103294
-0.687423475007814
-0.5412634884646311
-0.626854177838339
-0.5959927034830277
-0.6981088405642856
-0.9158708318459748
-0.5930238561873901
-0.5980839486541348
-0.5653353267067331
-0.46772730292573705
-0.689306021490997
-0.6506807158103294
-0.6724239567896773
-0.6014605777957438
-0.5526319272912081
-0.6305413260058393
-0.6800275092633864
-0.6432530292746399
-0.5498135373997693
-0.5653353267067331
-0.6528731578498399
-0.6027215339647898
-0.5412634884646311
-0.7840991343761644
-0.5653353267067331
-0.6432530292746399
-0.5375863196526456
-0.6450582318524802
-0.6736009784281602
-0.6432530292746399
-0.5442719939111801
-0.6432530292746399
-0.5355504114873664
-0.6744128949371758
-0.55347649157946
-1.268859647869748
-0.6432530292746399
-1000000
-0.48712834398850263
-0.6069342723370011
-1.2948512691186704
-2.192298356378265
-0.6555244398575559
-0.5365735383868929
-0.7387891657929273
-0.5614346758266174
-0.5412634884646311
-1.7646703218191926
-0.6432530292746399
-0.6065980652389735
-0.6261398205033718
-1000000
-0.6555244398575559
-1000000
-0.5442719939111801
-0.5355504114873664
-0.6065980652389735
-0.4890447410076301
-0.7064376812259741
-0.5340140097218127
-0.6550092361375948
-0.5653353267067331
-0.6432530292746399
-0.6681110560954794
-0.6964006877343232
-0.5419344558832403
-0.5653353267067334
-0.7312204253656068
-0.5355504114873664
-0.5959927034830277
-0.5744906076053231
-0.7024275051147082
-0.7024275051147082
-0.5529316265370086
-0.7958573987626615
-1000000
-0.6040901405758611
-0.5816456236018044
-0.8019856863812435
-0.5454760468309556
-0.1296840385205252
-0.5653353267067331
-0.6724239567896773
-0.48712834398850263
-0.7024275051147082
-0.5653353267067331
-0.7246802135747573
-1000000
-0.5959927034830277
-1.799228854333177
-0.5959927034830277
-1000000
-0.5959927034830277
-0.5653353267067331
-0.6444667946444887
-0.5467508436740851
-0.5619258555043023
-0.7064376812259741
-0.5941910846669927
-0.48712834398850263
-0.6232764189501748
-0.6557477802991959
-0.5653353267067331
-0.5355504114873664
-0.5653353267067331
-0.6755777034699304
-0.688344301302656
-0.6670016254564464
-1000000
-1000000
-0.5653353267067331
-0.48712834398850263
-1000000
-0.5653353267067331
-0.6432530292746399
-0.6065980652389735
-0.6197221728116409
-0.5481053581688575
-0.610115264468447
-0.6744128949371758
-1.832733708259291
-0.6228700255977034
-0.35780884966382476
-0.7647857929627747
-0.7064376812259741
-0.6190933405536191
-0.5959927034830277
-0.6544683548757569
-0.6550092361375948
-0.6065980652389735
-0.604517685128814
-0.5355504114873664
-0.5412634884646311
-0.7207579428232511
-0.5653353267067331
-1000000
-0.5653353267067331
-0.6132910755751985
-0.6833494205007038
-0.584025408623324
-0.5653353267067331
-0.5818762998437883
-0.5959927034830277
-0.5653353267067331
-0.44038419862338196
-0.6128725903490638
## Generation 20 
-0.4871283439885018
-0.48712834398850263
-0.5653353267067331
-0.5621957641225487
-0.5341751412123961
-0.55347649157946
-1000000
-0.5653353267067331
-0.48712834398850263
-1000000
-0.6774036490280663
-0.5355504114873664
-0.5653353267067335
-1000000
-0.8286849629071155
-1000000
-0.5355504114873664
-0.32137803506571894
-0.5653353267067331
-0.5355504114873664
-0.5469476051966525
-0.3753829404378006
-0.4842225049103702
-0.49287163825157615
-0.5653353267067331
-0.5619258555043023
-0.48712834398850263
-0.39074501088696706
-0.5108592882501802
-0.4740872099409906
-0.5355504114873664
-0.5454563903161986
-0.443012913541661
-0.5475488046933674
-0.5651241371458305
-0.1296840385205252
-1000000
-0.34488304356479216
-0.5653353267067331
-0.5607900704732048
-0.5653353267067331
-0.534837694509736
-0.6737400593566998
-1000000
-0.46297193258062
-0.5355504114873664
-0.5358178711498649
-1.4426386716585182
-0.33318436091315706
-1.4814593551906345
-0.5454760468309556
-0.5619258555043023
-0.5653353267067331
-0.41694789631597307
-0.5355504114873664
-0.4779582145725325
-0.3419031549869442
-0.5653353267067331
-0.32137803506571894
-0.5349157092359997
-0.32137803506571894
-0.5653353267067331
-0.5653353267067331
-0.5653353267067331
-0.5653353267067331
-0.4124685286568568
-0.5433688424337404
-0.5653353267067331
-0.5340140097218127
-0.4086159329991701
-0.5653353267067331
-0.5355504114873664
-0.5355504114873664
-0.5653353267067331
-0.5619258555043023
-0.42325686177493704
-1.6846615751238494
-0.5412634884646311
-1000000
-0.5475488046933674
-0.5529316265370086
-0.565848644326263
-0.49534201196630284
-1000000
-0.5498135373997693
-0.5653353267067331
-0.5653353267067334
-0.5498135373997693
-1.617706938513764
-0.5653353267067331
-0.5340140097218127
-0.53796468739499
-0.578097441320917
-0.48712834398850263
-0.5355504114873664
-0.4914179900693533
-0.5014528555077572
-0.5412634884646311
-0.7655056440498575
-0.5412634884646311
-0.5412634884646311
-0.5348171310599104
-0.4890447410076301
-0.5358178711498649
-0.5662121266187109
-0.5388631691023066
-0.5286072925500472
-0.48712834398850263
-0.4442637562184535
-0.46944717481076953
-0.7994107731170695
-2.830288913834585
-0.5475488046933674
-0.5375863196526456
-0.5526319272912081
-0.5412634884646311
-0.5341908295792778
-0.64433060316183
-0.5435536771180437
-0.5653353267067331
-0.5498135373997693
-0.48517268822269133
-0.5435504141786696
-0.5515541604399627
-0.5653353267067331
-0.5653353267067331
-1000000
-1000000
-1000000
-0.6820776167794952
-0.42721166999033705
-0.4890447410076301
-0.5412634884646311
-0.5412634884646311
-0.5653353267067331
-0.5653353267067331
-0.5529316265370086
-0.5653353267067331
-0.48902002299029224
-1000000
-0.5355504114873664
-0.5358178711498649
-1.0629951137268283
-0.5653353267067331
-0.5682167799454279
-0.1296840385205252
-0.48712834398850263
-0.5404718019874004
-0.5355504114873664
-1000000
-0.5315541789917753
-0.5442719939111801
-0.5653353267067331
-0.5412634884646311
-0.4592885382965681
-0.5741597657616553
-1.7925707411885836
-0.4743184810479248
-0.5355504114873664
-0.8410732916639736
-0.48712834398850263
-0.48712834398850263
-2.2674005169934417
-0.5653353267067331
-0.48712834398850263
-0.5341792697416103
-0.5353582916401426
-0.5412634884646311
-0.2940702623050396
-0.48712834398850263
-0.4316067966041258
-0.1296840385205252
-1000000
-0.5342286611983135
-0.5653353267067331
-1000000
-0.5348317965557171
-0.549650282997106
-0.6172028639011716
-0.5372598164857876
-0.48712834398850263
-0.42721166999033705
-0.5365735383868929
-0.1671161375863663
-0.48712834398850263
-0.5108592882501802
-1000000
-0.5467508436740851
-0.5412634884646311
-0.5653353267067331
-0.5653353267067331
-1000000
-0.5412634884646311
-0.5653353267067331
-0.42721166999033705
-0.5653353267067331
-0.5653353267067331
-0.567029986057716
-0.5653353267067331
-0.5412634884646311
## Generation 21 
-0.5108592882501802
-0.46772730292573705
-0.48712834398850263
-0.3429213315579957
-0.48712834398850263
-1000000
-0.6463428546646282
-0.5341751412123961
-0.48712834398850263
-0.47165590515184586
-0.49534201196630284
-0.4840686501156297
-0.3968363244700469
-0.45788901942980514
-0.6596070348383818
-0.4871283439885018
-0.5014528555077572
-0.5014528555077572
-0.443012913541661
-0.4356096236921434
-0.5340140097218127
-0.48712834398850263
-1000000
-0.48712834398850263
-0.42721166999033705
-0.4316067966041258
-0.2713209339805697
-0.5349157092359997
-0.15030786978926758
-0.35780884966382476
-1000000
-0.5340140097218127
-1000000
-0.437241853501584
-0.5607407734657689
-0.518747278495872
-0.48712834398850263
-1000000
-0.5431019432014997
-0.373203192549382
-0.42721166999033705
-0.4842225049103702
-0.48712834398850263
-0.5340140097218127
-0.48712834398850263
-0.5353582916401426
-1000000
-0.5052335797553625
-0.4779582145725325
-0.443012913541661
-0.4961450952454088
-1000000
-3.804921693556578
-1000000
-0.5353582916401426
-0.48712834398850263
-0.514034669247798
-0.5355504114873664
-0.48712834398850263
-0.5355504114873664
-0.5108592882501802
-0.46944717481076953
-1000000
-0.4767771154944839
-0.48712834398850263
-0.46144324893141053
-0.4124685286568568
-1.3496529016296592
-0.48712834398850263
-0.5353582916401426
-0.4316067966041258
-0.33318436091315706
-0.5315541789917753
-0.48712834398850263
-0.32137803506571894
-0.4316381722760898
-0.5108592882501802
-0.4457143027829368
-1000000
-0.3119761967992735
-0.32137803506571894
-0.33318436091315706
-0.33318436091315706
-0.42325686177493704
-0.268962541719842
-0.4629360486337818
-0.3943337229415652
-0.3419031549869442
-0.48712834398850263
-0.48712834398850263
-0.1296840385205252
-0.4779582145725325
-0.42721166999033705
-0.40305064790586026
-0.5341792697416103
-0.5245915636973667
-0.48712834398850263
-0.4377279348621771
-0.4743184810479248
-0.18040776853105422
-0.3719053705271847
-0.48712834398850263
-1000000
-0.4330478600960991
-0.5633043885124966
-1000000
-0.28974528621581136
-0.4456196419049916
-0.5355504114873664
-0.40039992225986926
-0.532281965710271
-0.31839295159448355
-0.44470724717775745
-0.48902002299029224
-0.519493767481241
-0.42721166999033705
-0.5355504114873664
-0.36655177365201547
-0.1296840385205252
-0.6232188140012911
-0.4890447410076301
-0.48712834398850263
-0.4890447410076301
-0.48712834398850263
-0.2940702623050396
-0.5108592882501802
-0.1671161375863663
-0.48712834398850263
-0.1296840385205252
-0.3397719147986764
-0.5739042988028683
-0.492490471225978
-0.32137803506571894
-0.48712834398850263
-0.38898253357140716
-0.32137803506571894
-0.5248627762571622
-0.33318436091315706
-0.4890447410076301
-0.41694789631597307
-0.5014528555077572
-0.7601856196126637
-0.5108592882501802
-0.35092376012879317
-0.5108592882501802
-0.4442637562184535
-0.48712834398850263
-0.45258648079427477
-0.48712834398850263
-0.48712834398850263
-0.49287163825157615
-0.3142311393553149
-0.5286072925500472
-0.33318436091315706
-0.5340140097218127
-0.4811563269326834
-0.5355504114873664
-0.48712834398850263
-0.48712834398850263
-0.38794476137475553
-0.48712834398850263
-0.5353582916401426
-1000000
-0.48517268822269133
-0.48712834398850263
-0.2315447651190226
-0.49534201196630284
-0.4272116699903361
-1000000
-0.32137803506571894
-0.3819666122505111
-0.48517268822269133
-0.4368757774426658
-0.4988815711530807
-0.3794169975238527
-0.5066550372114091
-0.4915450292534416
-0.5108592882501802
-0.5355504114873664
-0.4890447410076301
-0.1671161375863663
-0.27982209031076
-0.41694789631597307
-0.4740872099409906
-0.48712834398850263
-0.4561071849205032
-0.48351243241249847
-0.48712834398850263
-0.41694789631597307
-0.48712834398850263
-0.48712834398850263
-0.32137803506571894
-0.42721166999033705
-0.20739600423617816
-1000000
-0.5428815184348674
-0.46297193258062
-0.39074501088696706
-0.48712834398850263
-0.5364478001738427
## Generation 22 
-0.33318436091315706
-0.39074501088696706
-0.32137803506571894
-0.3925382033917156
-0.31839295159448355
-0.3419031549869442
-1000000
-0.1296840385205252
-0.4124685286568568
-0.32137803506571894
-0.33318436091315706
-0.41694789631597307
-0.32137803506571894
-0.33318436091315706
-0.3292692957417383
-1000000
-0.32137803506571894
-0.2940702623050396
-1000000
-0.34484752348112396
-0.3819666122505111
-0.38898253357140716
-0.3357881269387373
-0.32428231729282786
-0.42721166999033705
-0.3796988068928672
-0.33318436091315706
-1000000
-0.32137803506571894
-0.255343106187112
-0.3899604760334909
-0.42325686177493704
-0.395762893329109
-0.3578717222840926
-0.33318436091315706
-0.32137803506571894
-0.5077957216228717
-0.5295389953144559
-1000000
-0.1296840385205252
-0.437241853501584
-0.3556732546612471
-0.4377279348621771
-0.3119761967992735
-0.5765690164411056
-0.1296840385205252
-0.37134117345451706
-0.4647196861365431
-0.6798043541028256
-0.4714273127453123
-0.27982209031076
-0.2940702623050396
-0.46009445231985496
-0.1296840385205252
-0.349744166697178
-0.44038419862338196
-0.33318436091315706
-1000000
-0.3372774275599673
-0.39074501088696706
-0.4559962302212502
-1000000
-0.22671096946925795
-1.4305408554865993
-0.33318436091315706
-1000000
-0.1671161375863663
-0.3397719147986764
-0.29981461768876844
-0.3376041272633203
-0.4272116699903361
-0.263095130547195
-0.33318436091315706
-0.34076835155387364
-0.32137803506571894
-0.312928652690471
-1000000
-0.4316067966041258
-0.41694789631597307
-0.1881152477893272
-0.37078576292245236
-0.4247220427937632
-0.3850336166648681
-0.443012913541661
-0.42721166999033705
-0.1296840385205252
-0.1296840385205252
-1000000
-0.32137803506571894
-1000000
-0.2979764950729658
-0.544193546645257
-0.4124685286568568
-0.4124685286568568
-0.37920040611267747
-1000000
-0.1296840385205252
-1.4351496542342774
-0.2940702623050396
-0.4316067966041258
-0.5055629594984484
-0.20739600423617816
-0.443012913541661
-0.4316067966041258
-1.1287617661486664
-0.3943337229415652
-0.38898253357140716
-1.3056554186361704
-0.2315447651190226
-1000000
-0.42721166999033705
-0.4258641855447372
-0.3419031549869442
-0.4124685286568568
-0.5285923306072187
-0.1296840385205252
-1000000
-0.41694789631597307
-0.33318436091315706
-0.3119761967992735
-0.4124685286568568
-0.5062432736594921
-0.32137803506571894
-0.3364664291854274
-0.373203192549382
-1000000
-0.8601518685011612
-0.3347993803915629
-0.1671161375863663
-0.32137803506571894
-0.268962541719842
-0.42768051409397556
-0.38231407687893454
-0.38898253357140716
-0.42721166999033705
-0.48575040452891066
-0.12922931431861798
-1000000
-0.1296840385205252
-0.35780884966382476
-0.4272116699903361
-0.36174237972387
-0.31839295159448355
-1000000
-0.39339428472509624
-0.4316067966041258
-0.43588151963485894
-0.4330478600960991
-0.1296840385205252
-0.3170077073856406
-0.34488304356479216
-0.1296840385205252
-0.308903063305987
-0.19897668192658163
-0.356420666963745
-0.27982209031076
-0.3285457512467403
-0.1296840385205252
-1000000
-0.33318436091315706
-0.35904902705953623
-0.3142311393553149
-0.3753829404378006
-0.2207573499504508
-0.48017799074065237
-0.2194157517774036
-0.42721166999033705
-0.31512884654107765
-0.4368757774426658
-0.42721166999033705
-1000000
-0.1272789906586283
-1000000
-0.44038419862338196
-0.1296840385205252
-0.32137803506571894
-0.42721166999033705
-0.27982209031076
-0.39074501088696706
-0.3123391064146812
-0.1671161375863663
-0.38794476137475553
-0.1296840385205252
-0.33768702281348717
-0.3429213315579957
-0.33318436091315706
-0.39074501088696706
-0.27854544251534485
-1000000
-0.3142311393553149
-0.27982209031076
-0.31022686691840173
-0.2940702623050396
-1000000
-0.38794476137475553
-0.4406768507282603
-0.9957489386684163
-1.1752942115582936
-0.4318076254636478
-0.4316067966041258
## Generation 23 
-0.6981908171580817
-0.29579777856100775
-0.263095130547195
-0.19010931167562126
-0.32137803506571866
-0.27982209031076
-0.1296840385205252
-0.2315447651190226
-0.18041812772382335
-0.2728103416172395
-0.1661509779482037
-0.30102728100726783
-0.32137803506571894
-0.27982209031076
-0.32137803506571894
-0.1296840385205252
-0.1296840385205252
-0.1296840385205252
-0.32137803506571894
-0.32137803506571905
-0.3767964763740653
-0.2940702623050396
-0.268962541719842
-0.06411014537655514
-0.32137803506571894
-0.19897668192658163
-0.32137803506571894
-0.31839295159448355
-1000000
-0.3497798414196444
-1000000
-1000000
-0.23840826057654885
-0.27982209031076
-0.1296840385205252
-0.32137803506571894
-0.31839295159448355
-0.32137803506571894
-0.14891868588797272
-0.12968403852052515
-0.31022686691840173
-0.34986201712889925
-1000000
-0.2979764950729658
-0.18040776853105422
-0.26442779404553446
-0.1296840385205252
-0.17772018583425947
-0.1296840385205252
-0.24546321864316079
-0.26957692943027095
-0.2910608179885251
-0.3015780647165699
-0.32137803506571894
-1000000
-1000000
-0.14919839933176546
-0.1296840385205252
-0.29981461768876844
-0.1296840385205252
-0.32137803506571894
-0.06167673639547389
-0.1296840385205252
-0.268962541719842
-0.1296840385205252
-0.268962541719842
-0.32137803506571894
-1000000
-0.32137803506571894
-0.32428231729282786
-0.32137803506571894
-0.30690197739879227
-0.32137803506571894
-0.27982209031076
-0.30832666045226664
-0.12017208580466505
-0.2940702623050396
-0.1227567754485299
-0.31756529307850134
-0.4639647605783031
-0.548456700906977
-2.425700983190012
-0.1309678837873995
-1000000
-1000000
-0.2130402210035063
-1000000
-0.38787769407110373
-0.2940702623050396
-0.18316681622761907
-0.39027734104892503
-0.3104868023286024
-0.23018111735821237
-0.1296840385205252
-0.18887085175037793
-1000000
-0.3517451043363688
-1000000
-0.32137803506571894
-0.31449097369646484
-0.312928652690471
-0.1296840385205252
-0.32137803506571894
-0.32137803506571894
-0.21472172183870503
-0.5147411449261472
-0.2511575131971514
-0.26071415168528816
-0.27906162219591557
-1.3151990514498992
-0.39318240054566106
-0.20739600423617816
-0.32137803506571894
-0.20739600423617816
-0.3789604340982242
-0.1296840385205252
-0.19897668192658163
-0.34738216373077285
-0.32137803506571894
-0.1296840385205252
-0.3011477364079037
-0.24776129696212168
-0.20739600423617816
-0.1671161375863663
-0.268962541719842
-0.1296840385205252
-0.30346219250376083
-0.1296840385205252
-0.32137803506571894
-1000000
-0.3213780350657187
-0.2517808218473549
-0.1296840385205252
-0.2940702623050396
-0.17645805727512665
-0.2493689695262991
-1000000
-0.15030786978926758
-0.6688555171691063
-0.3310592616477302
-0.407293465544976
-0.49796628741687937
-0.1296840385205252
-0.00998385524397592
-1.361946504484846
-1000000
-0.1296840385205252
-0.12968403852052443
-0.3213780350657188
-1000000
-0.712622405964831
-0.27982209031076
-0.31924053571571165
-1000000
-0.15489604864884154
-0.33537704613551805
-0.058371755173355556
-0.3119761967992735
-0.38328718752465524
-0.1296840385205252
-0.3669280528765461
-0.18040776853105422
-0.1296840385205252
-0.2713209339805697
-0.4423995079104593
-0.1296840385205252
-0.31472746379370353
-0.1296840385205252
-0.2711793514452911
-0.2940702623050396
-0.3170077073856406
-0.32137803506571894
-0.2979764950729658
-0.1296840385205252
-0.32137803506571894
-0.20739600423617816
-0.3657094643340256
-0.2903710675580386
-0.13423691301309268
-1000000
-0.32137803506571894
-0.1272789906586283
-0.17222186573211104
-1000000
-0.3087331636738782
-0.129684038520525
-0.31848648512880523
-1000000
-0.32137803506571894
-0.1296840385205252
-0.5232216658816268
-1000000
-0.31839295159448355
-0.32137803506571894
-1000000
-0.1296840385205252
-0.32137803506571894
-0.2831378088992893
-0.24292629771706956
-0.16931786505395427
