-0.1360742775750926 1.3345716475811478
1.0743754436680475 2.1371951750719225
3.666101831646603 1.9141469264556168
0 0
2.350419448427417 -3.2444346818316308
0 0
3.135711664552551 -1.4422362902132135
-0.9443270241102313 -1.1477601989102844
-0.019300641752036274 1.657731740815303
4.972731552992924 3.7558162687113095
1.6240214717001524 0.45657870462547356
3.559637849529146 1.5257295710635914
0.7013984367438455 -1.9117833780389304
2.970812454810202 -5.607764337188835
1.4056632624886154 -3.5745186426441076
1.0119650266233347 -2.784792531185108
2.786539707121654 6.641134468744668
3.908038273259817 -1.7021144996945814
0 0
0 0
0 0
0 0
0 0
0 0
0 0
0 0
0 0
0 0
2.956007651049882 -2.396280732327755
4.385852279661933 1.7471211709593009
1.9440910784844299 -1.6463706649067396
0 0
0 0
2.4053977194944123 0.3087079319788601
0 0
2.252034701873506 -1.6688742470184685
-0.25660266545675847 -2.2004521752900095
-0.7157004657432836 -1.9501033086809783
-0.7766935100403514 -2.1637159646789947
0 0
0.051952560899050426 0.20521604587559283
2.03594680414902 -3.254918662898916
2.045892005801715 1.3150673725853574
-0.24486328640056781 -5.957575422078826
2.059497553459831 1.3965814054525802
-1.2930827962718117 -2.0583791189266196
1.8421008164066546 -0.7386701807629705
-1.4004765974759712 2.196318462196042
0 0
1.8502305758661222 0.13075271762585716
-1.9682023957622086 -4.563450789696041
-3.3973368620913047 2.601896880452863
-0.9206538547622345 -1.697392309100616
1.8821248523366507 5.096766593996786
0.43724974361148294 0.7319156961599845
-2.81117068261354 -3.6728666893570288
0 0
0 0
0 0
1.4192325643496175 0.9508780266225415
0 0
0 0
-0.3539041407542467 1.7150853532361552
3.0227311763680182 -2.3242430932745086
2.265506428878047 -2.235125198836
0 0
2.42587909680606 -0.9176488362520421
0 0
0.6301737377397943 1.3316162599910628
0 0
0 0
0.45387685713406 -1.7212255808245067
2.388626534797038 -1.8288607950334699
-2.460824470826458 -3.888666974267449
3.133659911383053 1.1732202819446202
-2.958831919118203 -4.165113233547037
2.7952380438901274 -0.8454971335803065
0 0
0 0
3.5594846290122595 2.498503639870513
4.460026152451896 0.6630238729277307
0 0
0 0
0.5803027419779644 3.5029620462750013
0.12470317727775537 -1.4873403530093152
0.9385212696406919 -1.270408142961117
-0.07519874528078639 2.05368149608659
3.1626865584958828 -2.118576713862747
0.23562921275103477 1.510300318438572
0 0
-0.8221887688528778 -5.845860688740953
0 0
4.687113692260985 3.537214644417055
3.653765781477299 1.5460103602976452
0 0
0.33687018541639585 -0.25657421563530836
0 0
0 0
0 0
0.08485353775756033 -2.156309573406592
0 0
0 0
-0.9265800756551329 -1.7353396331781772
-2.460824470826458 -3.888666974267449
-1.025484585850747 -7.47152982417686
0 0
1.023609263539036 -5.327029224071357
0.8149786065988895 -2.736466849661119
0 0
0 0
4.39053573937217 -2.68561745099355
1.0019069288329687 2.0715783384576136
0 0
0.6737696615829195 -0.09647290408789344
4.593710967244869 -0.033401363229497494
0 0
0.09521757134267772 3.0660463069535715
0.3298679364413062 -4.210551092038459
0 0
0 0
0.18962572192337807 -5.949675697060529
-1.4004765974759712 2.196318462196042
2.2416190554582966 2.00348485168021
0.0596160389830781 -1.467489350423259
3.559637849529146 1.5257295710635914
0 0
1.6987664828990554 2.5039024116235353
1.2062156817380902 2.1735844627116188
0.7013984367438455 -1.9117833780389304
0 0
0 0
2.42587909680606 -0.9176488362520421
1.171873607750936 -1.4018896803265988
-1.5956685745836068 2.360532681943661
0.828194081012251 -1.9620621180283786
0 0
1.0743754436680475 2.1371951750719225
-3.240053298869287 1.6847585201385138
0 0
2.7952380438901274 -0.8454971335803065
0.11248686320413781 3.1418128271005665
2.959579408193519 -5.657288217113738
2.265506428878047 -2.235125198836
-1.0433781963925968 4.169838292457145
3.5594846290122595 2.498503639870513
-2.4307920580174196 -3.2705470452117367
2.8003357358371224 0.8285570299546321
3.5255915696110147 0.2560160454335296
-3.3973368620913047 2.601896880452863
0 0
-0.019300641752036274 1.657731740815303
-0.8504996931064034 4.908735958327142
-2.872321851418744 3.5019136242847395
-0.9078632221185037 -1.22371786692376
0 0
1.6240214717001524 0.45657870462547356
4.460026152451896 0.6630238729277307
0 0
-2.81117068261354 -3.6728666893570288
0 0
0.39922453961062493 -3.122374905420237
4.776449475445418 -2.8046141819539083
3.133659911383053 1.1732202819446202
1.9440910784844299 -1.6463706649067396
-0.3539041407542467 1.7150853532361552
-1.0058490717937747 -1.6147877693055748
2.7952380438901274 -0.8454971335803065
-0.7157004657432836 -1.9501033086809783
-2.958831919118203 -4.165113233547037
0 0
0 0
3.6211040713186065 -4.261200623112233
1.0119650266233347 -2.784792531185108
2.4838700647904774 -0.3500538598457804
2.045892005801715 1.3150673725853574
-1.9682023957622086 -4.563450789696041
3.1626865584958828 -2.118576713862747
0.25287728392819997 -0.334097596380884
1.9506396638298922 1.1698270837606535
0 0
-3.965207364608445 1.6115992630596097
-0.25660266545675847 -2.2004521752900095
0.06363717806835945 -3.9221122727340756
4.687113692260985 3.537214644417055
0 0
4.796271029076451 4.468503331747138
0 0
0.661817950823557 1.6833131391121685
-0.24486328640056781 -5.957575422078826
0 0
0 0
0 0
0 0
0 0
4.200220832025123 -2.252456084801329
0.5286825301509422 3.6541503199223957
3.653765781477299 1.5460103602976452
3.559637849529146 1.5257295710635914
0 0
1.1907710484575635 0.5850835758922728
4.3383923796621175 1.8405304073067024
4.598240859356921 0.18804941577522916
0.15628697006255043 -5.784692215866364
0 0
0 0
-1.9682023957622086 -4.563450789696041
0 0
0.3458977816913833 -0.24426742429626302
3.208503364784577 -0.9227743717473973
-3.3973368620913047 2.601896880452863
0.4950003123801773 2.937427486091098
2.7952380438901274 -0.8454971335803065
6.312434309073033 1.5899298340800734
2.350419448427417 -3.2444346818316308
0.06495592011533327 -3.627500332513447
-0.45782316446954424 -2.3005512071857823
-0.7766935100403514 -2.1637159646789947
0.9095778350766061 1.053921873991763
3.1900283734581003 1.869467233524432
0 0
0 0
1.0119650266233347 -2.784792531185108
-0.2683573731181442 0.37334932691448164
2.03594680414902 -3.254918662898916
-2.765037162473547 4.339364066639349
-0.24486328640056781 -5.957575422078826
-1.504877763237864 -5.3495889009187625
-0.8128645711078988 -1.2443304190226303
4.54329921152315 -0.25441905300664885
2.0385258533302375 0.8196984015798909
0 0
3.2981240421048286 -0.7429415125362022
3.666101831646603 1.9141469264556168
2.059497553459831 1.3965814054525802
1.9440910784844299 -1.6463706649067396
0 0
-1.3242549779272728 5.839074526484129
4.312949645832387 1.8556788883200994
1.4036280148302522 0.9717709137354726
0 0
1.6388036152946686 8.485808379335797
0 0
1.0415511190809985 -2.796677391941694
0 0
-1.9568416242145648 1.8148870973324547
2.350419448427417 -3.2444346818316308
-0.38665650892448955 1.7289239703564023
0.5588127037698762 2.010298202458996
1.0743754436680475 2.1371951750719225
1.9623415947517997 2.2596995373511763
1.8502305758661222 0.13075271762585716
-1.9682023957622086 -4.563450789696041
1.6153851291359795 -2.2500668802763175
0 0
0 0
2.5167151626235427 1.1775242942544897
0.14329427992265442 4.520185804947314
0 0
0 0
1.4192325643496175 0.9508780266225415
1.4192325643496175 0.9508780266225415
0.8018174503785008 4.221359921503677
3.935105662654776 -2.97096023002279
0.5803027419779644 3.5029620462750013
0 0
3.1276201145331344 0.18298574542633916
5.265472630915979 0.4410515298920225
0 0
-0.1990750001256002 -0.9206832651158294
0 0
0 0
2.388626534797038 -1.8288607950334699
-2.81117068261354 -3.6728666893570288
-2.7299783909192747 -3.7046735211203803
2.421673059146188 -2.979702397659773
-5.8715458484531045 -4.302778982976607
-2.3202950648413747 4.2777787668654845
-3.13770322523801 0.09916695945888032
0 0
0 0
0 0
0.051952560899050426 0.20521604587559283
4.385852279661933 1.7471211709593009
0 0
1.0119650266233347 -2.784792531185108
0 0
0 0
0.23258450006664821 0.2881882395493143
0 0
2.571817210369164 6.787836901581876
0 0
2.970812454810202 -5.607764337188835
0 0
0 0
0 0
0 0
0 0
-0.5603282351217534 -1.1904013533896836
0 0
2.7952380438901274 -0.8454971335803065
