## Generation 0 
-2.2924442373250153
-3.744247265470032
-5.980691299728525
-1000000
-5.42701628723624
-1000000
-5.334377172475631
-1.5594226195058656
-2.582875233585709
-7.919920527026749
-3.652669673110507
-5.765190694325294
-3.309451495125444
-7.493730534409625
-4.937177916996194
-4.102072983668924
-8.18630743374574
-6.148342053624975
-1000000
-1000000
-1000000
-1000000
-1000000
-1000000
-1000000
-1000000
-1000000
-1000000
-5.504922632098494
-6.620539383137729
-4.273919840339303
-1000000
-1000000
-4.416200816787347
-1000000
-4.5678157097564664
-2.8073874050139596
-2.335022100156767
-2.4855875651813495
-1000000
-2.0621888705123457
-5.184916788918445
-4.254250147446525
-6.210733434400669
-4.293012929004787
-2.176386116974653
-3.912463714768622
-2.276673691497571
-1000000
-3.8524500983790717
-4.56356156938993
-2.9533739490063757
-2.0114991305574916
-6.406865308621016
-2.5447763946994626
-3.761375758166176
-1000000
-1000000
-1000000
-3.5489886377139106
-1000000
-1000000
-2.3772146194046515
-5.534431716689032
-4.8156338886248005
-1000000
-4.520009421032168
-1000000
-2.9480528751310935
-1000000
-1000000
-2.997353687849132
-4.75444788272362
-3.915876661703078
-5.266014614080336
-4.274052748550087
-4.869206639737497
-1000000
-1000000
-6.095111957845384
-6.493961698873387
-1000000
-1000000
-4.35071319876433
-2.593558350456774
-3.2013815926616207
-2.8146878259475088
-5.580474871710789
-2.697970538901688
-1000000
-5.963331827794186
-1000000
-7.565010044534165
-5.861332233029558
-1000000
-2.35091313995582
-1000000
-1000000
-1000000
-2.999380811145049
## Generation 1 
-1000000
-1000000
-2.040498462743727
-3.915876661703078
-7.534815074438045
-1000000
-6.125312508980203
-3.9258572789778885
-1000000
-1000000
-6.931918070005884
-3.6473116156618968
-1000000
-2.6755095261322452
-6.593795566335891
-1000000
-3.7135665643215208
-4.812174674710336
-1000000
-1000000
-6.339802970306031
-2.276673691497571
-4.690978976987534
-2.5289411265670108
-5.765190694325294
-1000000
-4.466587151500752
-3.8735369385568794
-3.309451495125444
-1000000
-1000000
-4.520009421032168
-3.467863443008267
-2.3949109470089667
-3.442146062396937
-1000000
-3.744247265470032
-2.091923386555042
-1000000
-4.869206639737497
-3.7859726078966434
-7.52345252378661
-4.8156338886248005
-4.278162766933839
-6.095111957845384
-3.298796715803219
-4.871317063037693
-5.531519358157914
-2.9533739490063757
-1000000
-2.582875233585709
-5.041531480028897
-3.6089256634646416
-1.640197597678345
-1000000
-3.652669673110507
-6.493961698873387
-1000000
-3.761375758166176
-1000000
-3.937702812740932
-7.3339026583996505
-5.266014614080336
-4.273919840339303
-2.3772146194046515
-1.8962794118884942
-4.869206639737497
-2.335022100156767
-4.274052748550087
-1000000
-1000000
-7.053697025745201
-4.102072983668924
-4.497513586718454
-4.254250147446525
-4.56356156938993
-5.580474871710789
-2.2775155894849957
-4.120200135833928
-1000000
-2.5415137557380145
-2.8073874050139596
-4.431880310053194
-7.565010044534165
-1000000
-8.133684400473083
-1000000
-3.1494154898384212
-6.210733434400669
-1000000
-1000000
-1000000
-1000000
-1000000
-6.596688319136871
-4.443765283954534
-5.861332233029558
-5.765190694325294
-1000000
-3.2439702024608468
-6.600209855662119
-6.600920013214868
-6.173510956462816
-1000000
-1000000
-4.56356156938993
-1000000
-2.3585807123600593
-5.289614337749593
-2.9533739490063757
-3.8540247527514206
-4.869206639737497
-8.463122415512633
-5.42701628723624
-4.1740629624389385
-2.7696290814711437
-2.4855875651813495
-3.094575010376608
-5.516457400771044
-1000000
-1000000
-4.102072983668924
-1.7714332917560824
-5.184916788918445
-4.406286686406862
-6.210733434400669
-5.372452646433429
-1.719781590271238
-6.548243552743918
-4.120873273660493
-1000000
-5.349960790190783
-5.980691299728525
-4.293012929004787
-4.273919840339303
-1000000
-5.878045819887076
-6.580036274016443
-3.5396359095420533
-1000000
-9.2330837536268
-1000000
-4.131880642586457
-1000000
-1.8154001821813999
-5.42701628723624
-2.36475269647138
-3.2540469135806838
-3.744247265470032
-4.561402515959905
-3.8524500983790717
-4.56356156938993
-4.258381217985772
-1000000
-1000000
-4.667684578442822
-5.00257834337418
-1000000
-1000000
-3.5489886377139106
-3.5489886377139106
-5.066562997942788
-6.637174392409307
-4.35071319876433
-1000000
-5.130884116991343
-7.278847367723083
-1000000
-2.022619225122947
-1000000
-1000000
-4.75444788272362
-3.761375758166176
-3.775907089601063
-5.3319620235518
-5.788158103664729
-4.289752919086007
-1.1420169502092732
-1000000
-1000000
-1000000
-2.0621888705123457
-6.620539383137729
-1000000
-4.102072983668924
-1000000
-1000000
-2.2511077298415505
-1000000
-8.183901417264527
-1000000
-7.493730534409625
-1000000
-1000000
-1000000
-1000000
-1000000
-1.8680765971286177
-1000000
-4.869206639737497
