## Generation 0 
{'pos_end_effector': array([-0.13607428,  1.33457165]), 'dist_end_effector': -2.2924442373250153, 'collision': False}
{'pos_end_effector': array([1.07437544, 2.13719518]), 'dist_end_effector': -3.744247265470032, 'collision': False}
{'pos_end_effector': array([3.66610183, 1.91414693]), 'dist_end_effector': -5.980691299728525, 'collision': False}
{'pos_end_effector': [0, 0], 'dist_end_effector': -1000000, 'collision': True}
{'pos_end_effector': array([ 2.35041945, -3.24443468]), 'dist_end_effector': -5.42701628723624, 'collision': False}
{'pos_end_effector': [0, 0], 'dist_end_effector': -1000000, 'collision': True}
{'pos_end_effector': array([ 3.13571166, -1.44223629]), 'dist_end_effector': -5.334377172475631, 'collision': False}
{'pos_end_effector': array([-0.94432702, -1.1477602 ]), 'dist_end_effector': -1.5594226195058656, 'collision': False}
{'pos_end_effector': array([-0.01930064,  1.65773174]), 'dist_end_effector': -2.582875233585709, 'collision': False}
{'pos_end_effector': array([4.97273155, 3.75581627]), 'dist_end_effector': -7.919920527026749, 'collision': False}
{'pos_end_effector': array([1.62402147, 0.4565787 ]), 'dist_end_effector': -3.652669673110507, 'collision': False}
{'pos_end_effector': array([3.55963785, 1.52572957]), 'dist_end_effector': -5.765190694325294, 'collision': False}
{'pos_end_effector': array([ 0.70139844, -1.91178338]), 'dist_end_effector': -3.309451495125444, 'collision': False}
{'pos_end_effector': array([ 2.97081245, -5.60776434]), 'dist_end_effector': -7.493730534409625, 'collision': False}
{'pos_end_effector': array([ 1.40566326, -3.57451864]), 'dist_end_effector': -4.937177916996194, 'collision': False}
{'pos_end_effector': array([ 1.01196503, -2.78479253]), 'dist_end_effector': -4.102072983668924, 'collision': False}
{'pos_end_effector': array([2.78653971, 6.64113447]), 'dist_end_effector': -8.18630743374574, 'collision': False}
{'pos_end_effector': array([ 3.90803827, -1.7021145 ]), 'dist_end_effector': -6.148342053624975, 'collision': False}
{'pos_end_effector': [0, 0], 'dist_end_effector': -1000000, 'collision': True}
{'pos_end_effector': [0, 0], 'dist_end_effector': -1000000, 'collision': True}
{'pos_end_effector': [0, 0], 'dist_end_effector': -1000000, 'collision': True}
{'pos_end_effector': [0, 0], 'dist_end_effector': -1000000, 'collision': True}
{'pos_end_effector': [0, 0], 'dist_end_effector': -1000000, 'collision': True}
{'pos_end_effector': [0, 0], 'dist_end_effector': -1000000, 'collision': True}
{'pos_end_effector': [0, 0], 'dist_end_effector': -1000000, 'collision': True}
{'pos_end_effector': [0, 0], 'dist_end_effector': -1000000, 'collision': True}
{'pos_end_effector': [0, 0], 'dist_end_effector': -1000000, 'collision': True}
{'pos_end_effector': [0, 0], 'dist_end_effector': -1000000, 'collision': True}
{'pos_end_effector': array([ 2.95600765, -2.39628073]), 'dist_end_effector': -5.504922632098494, 'collision': False}
{'pos_end_effector': array([4.38585228, 1.74712117]), 'dist_end_effector': -6.620539383137729, 'collision': False}
{'pos_end_effector': array([ 1.94409108, -1.64637066]), 'dist_end_effector': -4.273919840339303, 'collision': False}
{'pos_end_effector': [0, 0], 'dist_end_effector': -1000000, 'collision': True}
{'pos_end_effector': [0, 0], 'dist_end_effector': -1000000, 'collision': True}
{'pos_end_effector': array([2.40539772, 0.30870793]), 'dist_end_effector': -4.416200816787347, 'collision': False}
{'pos_end_effector': [0, 0], 'dist_end_effector': -1000000, 'collision': True}
{'pos_end_effector': array([ 2.2520347 , -1.66887425]), 'dist_end_effector': -4.5678157097564664, 'collision': False}
{'pos_end_effector': array([-0.25660267, -2.20045218]), 'dist_end_effector': -2.8073874050139596, 'collision': False}
{'pos_end_effector': array([-0.71570047, -1.95010331]), 'dist_end_effector': -2.335022100156767, 'collision': False}
{'pos_end_effector': array([-0.77669351, -2.16371596]), 'dist_end_effector': -2.4855875651813495, 'collision': False}
{'pos_end_effector': [0, 0], 'dist_end_effector': -1000000, 'collision': True}
{'pos_end_effector': array([0.05195256, 0.20521605]), 'dist_end_effector': -2.0621888705123457, 'collision': False}
{'pos_end_effector': array([ 2.0359468 , -3.25491866]), 'dist_end_effector': -5.184916788918445, 'collision': False}
{'pos_end_effector': array([2.04589201, 1.31506737]), 'dist_end_effector': -4.254250147446525, 'collision': False}
{'pos_end_effector': array([-0.24486329, -5.95757542]), 'dist_end_effector': -6.210733434400669, 'collision': False}
{'pos_end_effector': array([2.05949755, 1.39658141]), 'dist_end_effector': -4.293012929004787, 'collision': False}
{'pos_end_effector': array([-1.2930828 , -2.05837912]), 'dist_end_effector': -2.176386116974653, 'collision': False}
{'pos_end_effector': array([ 1.84210082, -0.73867018]), 'dist_end_effector': -3.912463714768622, 'collision': False}
{'pos_end_effector': array([-1.4004766 ,  2.19631846]), 'dist_end_effector': -2.276673691497571, 'collision': False}
{'pos_end_effector': [0, 0], 'dist_end_effector': -1000000, 'collision': True}
{'pos_end_effector': array([1.85023058, 0.13075272]), 'dist_end_effector': -3.8524500983790717, 'collision': False}
{'pos_end_effector': array([-1.9682024 , -4.56345079]), 'dist_end_effector': -4.56356156938993, 'collision': False}
{'pos_end_effector': array([-3.39733686,  2.60189688]), 'dist_end_effector': -2.9533739490063757, 'collision': False}
{'pos_end_effector': array([-0.92065385, -1.69739231]), 'dist_end_effector': -2.0114991305574916, 'collision': False}
{'pos_end_effector': array([1.88212485, 5.09676659]), 'dist_end_effector': -6.406865308621016, 'collision': False}
{'pos_end_effector': array([0.43724974, 0.7319157 ]), 'dist_end_effector': -2.5447763946994626, 'collision': False}
{'pos_end_effector': array([-2.81117068, -3.67286669]), 'dist_end_effector': -3.761375758166176, 'collision': False}
{'pos_end_effector': [0, 0], 'dist_end_effector': -1000000, 'collision': True}
{'pos_end_effector': [0, 0], 'dist_end_effector': -1000000, 'collision': True}
{'pos_end_effector': [0, 0], 'dist_end_effector': -1000000, 'collision': True}
{'pos_end_effector': array([1.41923256, 0.95087803]), 'dist_end_effector': -3.5489886377139106, 'collision': False}
{'pos_end_effector': [0, 0], 'dist_end_effector': -1000000, 'collision': True}
{'pos_end_effector': [0, 0], 'dist_end_effector': -1000000, 'collision': True}
{'pos_end_effector': array([-0.35390414,  1.71508535]), 'dist_end_effector': -2.3772146194046515, 'collision': False}
{'pos_end_effector': array([ 3.02273118, -2.32424309]), 'dist_end_effector': -5.534431716689032, 'collision': False}
{'pos_end_effector': array([ 2.26550643, -2.2351252 ]), 'dist_end_effector': -4.8156338886248005, 'collision': False}
{'pos_end_effector': [0, 0], 'dist_end_effector': -1000000, 'collision': True}
{'pos_end_effector': array([ 2.4258791 , -0.91764884]), 'dist_end_effector': -4.520009421032168, 'collision': False}
{'pos_end_effector': [0, 0], 'dist_end_effector': -1000000, 'collision': True}
{'pos_end_effector': array([0.63017374, 1.33161626]), 'dist_end_effector': -2.9480528751310935, 'collision': False}
{'pos_end_effector': [0, 0], 'dist_end_effector': -1000000, 'collision': True}
{'pos_end_effector': [0, 0], 'dist_end_effector': -1000000, 'collision': True}
{'pos_end_effector': array([ 0.45387686, -1.72122558]), 'dist_end_effector': -2.997353687849132, 'collision': False}
{'pos_end_effector': array([ 2.38862653, -1.8288608 ]), 'dist_end_effector': -4.75444788272362, 'collision': False}
{'pos_end_effector': array([-2.46082447, -3.88866697]), 'dist_end_effector': -3.915876661703078, 'collision': False}
{'pos_end_effector': array([3.13365991, 1.17322028]), 'dist_end_effector': -5.266014614080336, 'collision': False}
{'pos_end_effector': array([-2.95883192, -4.16511323]), 'dist_end_effector': -4.274052748550087, 'collision': False}
{'pos_end_effector': array([ 2.79523804, -0.84549713]), 'dist_end_effector': -4.869206639737497, 'collision': False}
{'pos_end_effector': [0, 0], 'dist_end_effector': -1000000, 'collision': True}
{'pos_end_effector': [0, 0], 'dist_end_effector': -1000000, 'collision': True}
{'pos_end_effector': array([3.55948463, 2.49850364]), 'dist_end_effector': -6.095111957845384, 'collision': False}
{'pos_end_effector': array([4.46002615, 0.66302387]), 'dist_end_effector': -6.493961698873387, 'collision': False}
{'pos_end_effector': [0, 0], 'dist_end_effector': -1000000, 'collision': True}
{'pos_end_effector': [0, 0], 'dist_end_effector': -1000000, 'collision': True}
{'pos_end_effector': array([0.58030274, 3.50296205]), 'dist_end_effector': -4.35071319876433, 'collision': False}
{'pos_end_effector': array([ 0.12470318, -1.48734035]), 'dist_end_effector': -2.593558350456774, 'collision': False}
{'pos_end_effector': array([ 0.93852127, -1.27040814]), 'dist_end_effector': -3.2013815926616207, 'collision': False}
{'pos_end_effector': array([-0.07519875,  2.0536815 ]), 'dist_end_effector': -2.8146878259475088, 'collision': False}
{'pos_end_effector': array([ 3.16268656, -2.11857671]), 'dist_end_effector': -5.580474871710789, 'collision': False}
{'pos_end_effector': array([0.23562921, 1.51030032]), 'dist_end_effector': -2.697970538901688, 'collision': False}
{'pos_end_effector': [0, 0], 'dist_end_effector': -1000000, 'collision': True}
{'pos_end_effector': array([-0.82218877, -5.84586069]), 'dist_end_effector': -5.963331827794186, 'collision': False}
{'pos_end_effector': [0, 0], 'dist_end_effector': -1000000, 'collision': True}
{'pos_end_effector': array([4.68711369, 3.53721464]), 'dist_end_effector': -7.565010044534165, 'collision': False}
{'pos_end_effector': array([3.65376578, 1.54601036]), 'dist_end_effector': -5.861332233029558, 'collision': False}
{'pos_end_effector': [0, 0], 'dist_end_effector': -1000000, 'collision': True}
{'pos_end_effector': array([ 0.33687019, -0.25657422]), 'dist_end_effector': -2.35091313995582, 'collision': False}
{'pos_end_effector': [0, 0], 'dist_end_effector': -1000000, 'collision': True}
{'pos_end_effector': [0, 0], 'dist_end_effector': -1000000, 'collision': True}
{'pos_end_effector': [0, 0], 'dist_end_effector': -1000000, 'collision': True}
{'pos_end_effector': array([ 0.08485354, -2.15630957]), 'dist_end_effector': -2.999380811145049, 'collision': False}
## Generation 1 
{'pos_end_effector': [0, 0], 'dist_end_effector': -1000000, 'collision': True}
{'pos_end_effector': [0, 0], 'dist_end_effector': -1000000, 'collision': True}
{'pos_end_effector': array([-0.92658008, -1.73533963]), 'dist_end_effector': -2.040498462743727, 'collision': False}
{'pos_end_effector': array([-2.46082447, -3.88866697]), 'dist_end_effector': -3.915876661703078, 'collision': False}
{'pos_end_effector': array([-1.02548459, -7.47152982]), 'dist_end_effector': -7.534815074438045, 'collision': False}
{'pos_end_effector': [0, 0], 'dist_end_effector': -1000000, 'collision': True}
{'pos_end_effector': array([ 1.02360926, -5.32702922]), 'dist_end_effector': -6.125312508980203, 'collision': False}
{'pos_end_effector': array([ 0.81497861, -2.73646685]), 'dist_end_effector': -3.9258572789778885, 'collision': False}
{'pos_end_effector': [0, 0], 'dist_end_effector': -1000000, 'collision': True}
{'pos_end_effector': [0, 0], 'dist_end_effector': -1000000, 'collision': True}
{'pos_end_effector': array([ 4.39053574, -2.68561745]), 'dist_end_effector': -6.931918070005884, 'collision': False}
{'pos_end_effector': array([1.00190693, 2.07157834]), 'dist_end_effector': -3.6473116156618968, 'collision': False}
{'pos_end_effector': [0, 0], 'dist_end_effector': -1000000, 'collision': True}
{'pos_end_effector': array([ 0.67376966, -0.0964729 ]), 'dist_end_effector': -2.6755095261322452, 'collision': False}
{'pos_end_effector': array([ 4.59371097, -0.03340136]), 'dist_end_effector': -6.593795566335891, 'collision': False}
{'pos_end_effector': [0, 0], 'dist_end_effector': -1000000, 'collision': True}
{'pos_end_effector': array([0.09521757, 3.06604631]), 'dist_end_effector': -3.7135665643215208, 'collision': False}
{'pos_end_effector': array([ 0.32986794, -4.21055109]), 'dist_end_effector': -4.812174674710336, 'collision': False}
{'pos_end_effector': [0, 0], 'dist_end_effector': -1000000, 'collision': True}
{'pos_end_effector': [0, 0], 'dist_end_effector': -1000000, 'collision': True}
{'pos_end_effector': array([ 0.18962572, -5.9496757 ]), 'dist_end_effector': -6.339802970306031, 'collision': False}
{'pos_end_effector': array([-1.4004766 ,  2.19631846]), 'dist_end_effector': -2.276673691497571, 'collision': False}
{'pos_end_effector': array([2.24161906, 2.00348485]), 'dist_end_effector': -4.690978976987534, 'collision': False}
{'pos_end_effector': array([ 0.05961604, -1.46748935]), 'dist_end_effector': -2.5289411265670108, 'collision': False}
{'pos_end_effector': array([3.55963785, 1.52572957]), 'dist_end_effector': -5.765190694325294, 'collision': False}
{'pos_end_effector': [0, 0], 'dist_end_effector': -1000000, 'collision': True}
{'pos_end_effector': array([1.69876648, 2.50390241]), 'dist_end_effector': -4.466587151500752, 'collision': False}
{'pos_end_effector': array([1.20621568, 2.17358446]), 'dist_end_effector': -3.8735369385568794, 'collision': False}
{'pos_end_effector': array([ 0.70139844, -1.91178338]), 'dist_end_effector': -3.309451495125444, 'collision': False}
{'pos_end_effector': [0, 0], 'dist_end_effector': -1000000, 'collision': True}
{'pos_end_effector': [0, 0], 'dist_end_effector': -1000000, 'collision': True}
{'pos_end_effector': array([ 2.4258791 , -0.91764884]), 'dist_end_effector': -4.520009421032168, 'collision': False}
{'pos_end_effector': array([ 1.17187361, -1.40188968]), 'dist_end_effector': -3.467863443008267, 'collision': False}
{'pos_end_effector': array([-1.59566857,  2.36053268]), 'dist_end_effector': -2.3949109470089667, 'collision': False}
{'pos_end_effector': array([ 0.82819408, -1.96206212]), 'dist_end_effector': -3.442146062396937, 'collision': False}
{'pos_end_effector': [0, 0], 'dist_end_effector': -1000000, 'collision': True}
{'pos_end_effector': array([1.07437544, 2.13719518]), 'dist_end_effector': -3.744247265470032, 'collision': False}
{'pos_end_effector': array([-3.2400533 ,  1.68475852]), 'dist_end_effector': -2.091923386555042, 'collision': False}
{'pos_end_effector': [0, 0], 'dist_end_effector': -1000000, 'collision': True}
{'pos_end_effector': array([ 2.79523804, -0.84549713]), 'dist_end_effector': -4.869206639737497, 'collision': False}
{'pos_end_effector': array([0.11248686, 3.14181283]), 'dist_end_effector': -3.7859726078966434, 'collision': False}
{'pos_end_effector': array([ 2.95957941, -5.65728822]), 'dist_end_effector': -7.52345252378661, 'collision': False}
{'pos_end_effector': array([ 2.26550643, -2.2351252 ]), 'dist_end_effector': -4.8156338886248005, 'collision': False}
{'pos_end_effector': array([-1.0433782 ,  4.16983829]), 'dist_end_effector': -4.278162766933839, 'collision': False}
{'pos_end_effector': array([3.55948463, 2.49850364]), 'dist_end_effector': -6.095111957845384, 'collision': False}
{'pos_end_effector': array([-2.43079206, -3.27054705]), 'dist_end_effector': -3.298796715803219, 'collision': False}
{'pos_end_effector': array([2.80033574, 0.82855703]), 'dist_end_effector': -4.871317063037693, 'collision': False}
{'pos_end_effector': array([3.52559157, 0.25601605]), 'dist_end_effector': -5.531519358157914, 'collision': False}
{'pos_end_effector': array([-3.39733686,  2.60189688]), 'dist_end_effector': -2.9533739490063757, 'collision': False}
{'pos_end_effector': [0, 0], 'dist_end_effector': -1000000, 'collision': True}
{'pos_end_effector': array([-0.01930064,  1.65773174]), 'dist_end_effector': -2.582875233585709, 'collision': False}
{'pos_end_effector': array([-0.85049969,  4.90873596]), 'dist_end_effector': -5.041531480028897, 'collision': False}
{'pos_end_effector': array([-2.87232185,  3.50191362]), 'dist_end_effector': -3.6089256634646416, 'collision': False}
{'pos_end_effector': array([-0.90786322, -1.22371787]), 'dist_end_effector': -1.640197597678345, 'collision': False}
{'pos_end_effector': [0, 0], 'dist_end_effector': -1000000, 'collision': True}
{'pos_end_effector': array([1.62402147, 0.4565787 ]), 'dist_end_effector': -3.652669673110507, 'collision': False}
{'pos_end_effector': array([4.46002615, 0.66302387]), 'dist_end_effector': -6.493961698873387, 'collision': False}
{'pos_end_effector': [0, 0], 'dist_end_effector': -1000000, 'collision': True}
{'pos_end_effector': array([-2.81117068, -3.67286669]), 'dist_end_effector': -3.761375758166176, 'collision': False}
{'pos_end_effector': [0, 0], 'dist_end_effector': -1000000, 'collision': True}
{'pos_end_effector': array([ 0.39922454, -3.12237491]), 'dist_end_effector': -3.937702812740932, 'collision': False}
{'pos_end_effector': array([ 4.77644948, -2.80461418]), 'dist_end_effector': -7.3339026583996505, 'collision': False}
{'pos_end_effector': array([3.13365991, 1.17322028]), 'dist_end_effector': -5.266014614080336, 'collision': False}
{'pos_end_effector': array([ 1.94409108, -1.64637066]), 'dist_end_effector': -4.273919840339303, 'collision': False}
{'pos_end_effector': array([-0.35390414,  1.71508535]), 'dist_end_effector': -2.3772146194046515, 'collision': False}
{'pos_end_effector': array([-1.00584907, -1.61478777]), 'dist_end_effector': -1.8962794118884942, 'collision': False}
{'pos_end_effector': array([ 2.79523804, -0.84549713]), 'dist_end_effector': -4.869206639737497, 'collision': False}
{'pos_end_effector': array([-0.71570047, -1.95010331]), 'dist_end_effector': -2.335022100156767, 'collision': False}
{'pos_end_effector': array([-2.95883192, -4.16511323]), 'dist_end_effector': -4.274052748550087, 'collision': False}
{'pos_end_effector': [0, 0], 'dist_end_effector': -1000000, 'collision': True}
{'pos_end_effector': [0, 0], 'dist_end_effector': -1000000, 'collision': True}
{'pos_end_effector': array([ 3.62110407, -4.26120062]), 'dist_end_effector': -7.053697025745201, 'collision': False}
{'pos_end_effector': array([ 1.01196503, -2.78479253]), 'dist_end_effector': -4.102072983668924, 'collision': False}
{'pos_end_effector': array([ 2.48387006, -0.35005386]), 'dist_end_effector': -4.497513586718454, 'collision': False}
{'pos_end_effector': array([2.04589201, 1.31506737]), 'dist_end_effector': -4.254250147446525, 'collision': False}
{'pos_end_effector': array([-1.9682024 , -4.56345079]), 'dist_end_effector': -4.56356156938993, 'collision': False}
{'pos_end_effector': array([ 3.16268656, -2.11857671]), 'dist_end_effector': -5.580474871710789, 'collision': False}
{'pos_end_effector': array([ 0.25287728, -0.3340976 ]), 'dist_end_effector': -2.2775155894849957, 'collision': False}
{'pos_end_effector': array([1.95063966, 1.16982708]), 'dist_end_effector': -4.120200135833928, 'collision': False}
{'pos_end_effector': [0, 0], 'dist_end_effector': -1000000, 'collision': True}
{'pos_end_effector': array([-3.96520736,  1.61159926]), 'dist_end_effector': -2.5415137557380145, 'collision': False}
{'pos_end_effector': array([-0.25660267, -2.20045218]), 'dist_end_effector': -2.8073874050139596, 'collision': False}
{'pos_end_effector': array([ 0.06363718, -3.92211227]), 'dist_end_effector': -4.431880310053194, 'collision': False}
{'pos_end_effector': array([4.68711369, 3.53721464]), 'dist_end_effector': -7.565010044534165, 'collision': False}
{'pos_end_effector': [0, 0], 'dist_end_effector': -1000000, 'collision': True}
{'pos_end_effector': array([4.79627103, 4.46850333]), 'dist_end_effector': -8.133684400473083, 'collision': False}
{'pos_end_effector': [0, 0], 'dist_end_effector': -1000000, 'collision': True}
{'pos_end_effector': array([0.66181795, 1.68331314]), 'dist_end_effector': -3.1494154898384212, 'collision': False}
{'pos_end_effector': array([-0.24486329, -5.95757542]), 'dist_end_effector': -6.210733434400669, 'collision': False}
{'pos_end_effector': [0, 0], 'dist_end_effector': -1000000, 'collision': True}
{'pos_end_effector': [0, 0], 'dist_end_effector': -1000000, 'collision': True}
{'pos_end_effector': [0, 0], 'dist_end_effector': -1000000, 'collision': True}
{'pos_end_effector': [0, 0], 'dist_end_effector': -1000000, 'collision': True}
{'pos_end_effector': [0, 0], 'dist_end_effector': -1000000, 'collision': True}
{'pos_end_effector': array([ 4.20022083, -2.25245608]), 'dist_end_effector': -6.596688319136871, 'collision': False}
{'pos_end_effector': array([0.52868253, 3.65415032]), 'dist_end_effector': -4.443765283954534, 'collision': False}
{'pos_end_effector': array([3.65376578, 1.54601036]), 'dist_end_effector': -5.861332233029558, 'collision': False}
{'pos_end_effector': array([3.55963785, 1.52572957]), 'dist_end_effector': -5.765190694325294, 'collision': False}
{'pos_end_effector': [0, 0], 'dist_end_effector': -1000000, 'collision': True}
{'pos_end_effector': array([1.19077105, 0.58508358]), 'dist_end_effector': -3.2439702024608468, 'collision': False}
{'pos_end_effector': array([4.33839238, 1.84053041]), 'dist_end_effector': -6.600209855662119, 'collision': False}
{'pos_end_effector': array([4.59824086, 0.18804942]), 'dist_end_effector': -6.600920013214868, 'collision': False}
{'pos_end_effector': array([ 0.15628697, -5.78469222]), 'dist_end_effector': -6.173510956462816, 'collision': False}
{'pos_end_effector': [0, 0], 'dist_end_effector': -1000000, 'collision': True}
{'pos_end_effector': [0, 0], 'dist_end_effector': -1000000, 'collision': True}
{'pos_end_effector': array([-1.9682024 , -4.56345079]), 'dist_end_effector': -4.56356156938993, 'collision': False}
{'pos_end_effector': [0, 0], 'dist_end_effector': -1000000, 'collision': True}
{'pos_end_effector': array([ 0.34589778, -0.24426742]), 'dist_end_effector': -2.3585807123600593, 'collision': False}
{'pos_end_effector': array([ 3.20850336, -0.92277437]), 'dist_end_effector': -5.289614337749593, 'collision': False}
{'pos_end_effector': array([-3.39733686,  2.60189688]), 'dist_end_effector': -2.9533739490063757, 'collision': False}
{'pos_end_effector': array([0.49500031, 2.93742749]), 'dist_end_effector': -3.8540247527514206, 'collision': False}
{'pos_end_effector': array([ 2.79523804, -0.84549713]), 'dist_end_effector': -4.869206639737497, 'collision': False}
{'pos_end_effector': array([6.31243431, 1.58992983]), 'dist_end_effector': -8.463122415512633, 'collision': False}
{'pos_end_effector': array([ 2.35041945, -3.24443468]), 'dist_end_effector': -5.42701628723624, 'collision': False}
{'pos_end_effector': array([ 0.06495592, -3.62750033]), 'dist_end_effector': -4.1740629624389385, 'collision': False}
{'pos_end_effector': array([-0.45782316, -2.30055121]), 'dist_end_effector': -2.7696290814711437, 'collision': False}
{'pos_end_effector': array([-0.77669351, -2.16371596]), 'dist_end_effector': -2.4855875651813495, 'collision': False}
{'pos_end_effector': array([0.90957784, 1.05392187]), 'dist_end_effector': -3.094575010376608, 'collision': False}
{'pos_end_effector': array([3.19002837, 1.86946723]), 'dist_end_effector': -5.516457400771044, 'collision': False}
{'pos_end_effector': [0, 0], 'dist_end_effector': -1000000, 'collision': True}
{'pos_end_effector': [0, 0], 'dist_end_effector': -1000000, 'collision': True}
{'pos_end_effector': array([ 1.01196503, -2.78479253]), 'dist_end_effector': -4.102072983668924, 'collision': False}
{'pos_end_effector': array([-0.26835737,  0.37334933]), 'dist_end_effector': -1.7714332917560824, 'collision': False}
{'pos_end_effector': array([ 2.0359468 , -3.25491866]), 'dist_end_effector': -5.184916788918445, 'collision': False}
{'pos_end_effector': array([-2.76503716,  4.33936407]), 'dist_end_effector': -4.406286686406862, 'collision': False}
{'pos_end_effector': array([-0.24486329, -5.95757542]), 'dist_end_effector': -6.210733434400669, 'collision': False}
{'pos_end_effector': array([-1.50487776, -5.3495889 ]), 'dist_end_effector': -5.372452646433429, 'collision': False}
{'pos_end_effector': array([-0.81286457, -1.24433042]), 'dist_end_effector': -1.719781590271238, 'collision': False}
{'pos_end_effector': array([ 4.54329921, -0.25441905]), 'dist_end_effector': -6.548243552743918, 'collision': False}
{'pos_end_effector': array([2.03852585, 0.8196984 ]), 'dist_end_effector': -4.120873273660493, 'collision': False}
{'pos_end_effector': [0, 0], 'dist_end_effector': -1000000, 'collision': True}
{'pos_end_effector': array([ 3.29812404, -0.74294151]), 'dist_end_effector': -5.349960790190783, 'collision': False}
{'pos_end_effector': array([3.66610183, 1.91414693]), 'dist_end_effector': -5.980691299728525, 'collision': False}
{'pos_end_effector': array([2.05949755, 1.39658141]), 'dist_end_effector': -4.293012929004787, 'collision': False}
{'pos_end_effector': array([ 1.94409108, -1.64637066]), 'dist_end_effector': -4.273919840339303, 'collision': False}
{'pos_end_effector': [0, 0], 'dist_end_effector': -1000000, 'collision': True}
{'pos_end_effector': array([-1.32425498,  5.83907453]), 'dist_end_effector': -5.878045819887076, 'collision': False}
{'pos_end_effector': array([4.31294965, 1.85567889]), 'dist_end_effector': -6.580036274016443, 'collision': False}
{'pos_end_effector': array([1.40362801, 0.97177091]), 'dist_end_effector': -3.5396359095420533, 'collision': False}
{'pos_end_effector': [0, 0], 'dist_end_effector': -1000000, 'collision': True}
{'pos_end_effector': array([1.63880362, 8.48580838]), 'dist_end_effector': -9.2330837536268, 'collision': False}
{'pos_end_effector': [0, 0], 'dist_end_effector': -1000000, 'collision': True}
{'pos_end_effector': array([ 1.04155112, -2.79667739]), 'dist_end_effector': -4.131880642586457, 'collision': False}
{'pos_end_effector': [0, 0], 'dist_end_effector': -1000000, 'collision': True}
{'pos_end_effector': array([-1.95684162,  1.8148871 ]), 'dist_end_effector': -1.8154001821813999, 'collision': False}
{'pos_end_effector': array([ 2.35041945, -3.24443468]), 'dist_end_effector': -5.42701628723624, 'collision': False}
{'pos_end_effector': array([-0.38665651,  1.72892397]), 'dist_end_effector': -2.36475269647138, 'collision': False}
{'pos_end_effector': array([0.5588127, 2.0102982]), 'dist_end_effector': -3.2540469135806838, 'collision': False}
{'pos_end_effector': array([1.07437544, 2.13719518]), 'dist_end_effector': -3.744247265470032, 'collision': False}
{'pos_end_effector': array([1.96234159, 2.25969954]), 'dist_end_effector': -4.561402515959905, 'collision': False}
{'pos_end_effector': array([1.85023058, 0.13075272]), 'dist_end_effector': -3.8524500983790717, 'collision': False}
{'pos_end_effector': array([-1.9682024 , -4.56345079]), 'dist_end_effector': -4.56356156938993, 'collision': False}
{'pos_end_effector': array([ 1.61538513, -2.25006688]), 'dist_end_effector': -4.258381217985772, 'collision': False}
{'pos_end_effector': [0, 0], 'dist_end_effector': -1000000, 'collision': True}
{'pos_end_effector': [0, 0], 'dist_end_effector': -1000000, 'collision': True}
{'pos_end_effector': array([2.51671516, 1.17752429]), 'dist_end_effector': -4.667684578442822, 'collision': False}
{'pos_end_effector': array([0.14329428, 4.5201858 ]), 'dist_end_effector': -5.00257834337418, 'collision': False}
{'pos_end_effector': [0, 0], 'dist_end_effector': -1000000, 'collision': True}
{'pos_end_effector': [0, 0], 'dist_end_effector': -1000000, 'collision': True}
{'pos_end_effector': array([1.41923256, 0.95087803]), 'dist_end_effector': -3.5489886377139106, 'collision': False}
{'pos_end_effector': array([1.41923256, 0.95087803]), 'dist_end_effector': -3.5489886377139106, 'collision': False}
{'pos_end_effector': array([0.80181745, 4.22135992]), 'dist_end_effector': -5.066562997942788, 'collision': False}
{'pos_end_effector': array([ 3.93510566, -2.97096023]), 'dist_end_effector': -6.637174392409307, 'collision': False}
{'pos_end_effector': array([0.58030274, 3.50296205]), 'dist_end_effector': -4.35071319876433, 'collision': False}
{'pos_end_effector': [0, 0], 'dist_end_effector': -1000000, 'collision': True}
{'pos_end_effector': array([3.12762011, 0.18298575]), 'dist_end_effector': -5.130884116991343, 'collision': False}
{'pos_end_effector': array([5.26547263, 0.44105153]), 'dist_end_effector': -7.278847367723083, 'collision': False}
{'pos_end_effector': [0, 0], 'dist_end_effector': -1000000, 'collision': True}
{'pos_end_effector': array([-0.199075  , -0.92068327]), 'dist_end_effector': -2.022619225122947, 'collision': False}
{'pos_end_effector': [0, 0], 'dist_end_effector': -1000000, 'collision': True}
{'pos_end_effector': [0, 0], 'dist_end_effector': -1000000, 'collision': True}
{'pos_end_effector': array([ 2.38862653, -1.8288608 ]), 'dist_end_effector': -4.75444788272362, 'collision': False}
{'pos_end_effector': array([-2.81117068, -3.67286669]), 'dist_end_effector': -3.761375758166176, 'collision': False}
{'pos_end_effector': array([-2.72997839, -3.70467352]), 'dist_end_effector': -3.775907089601063, 'collision': False}
{'pos_end_effector': array([ 2.42167306, -2.9797024 ]), 'dist_end_effector': -5.3319620235518, 'collision': False}
{'pos_end_effector': array([-5.87154585, -4.30277898]), 'dist_end_effector': -5.788158103664729, 'collision': False}
{'pos_end_effector': array([-2.32029506,  4.27777877]), 'dist_end_effector': -4.289752919086007, 'collision': False}
{'pos_end_effector': array([-3.13770323,  0.09916696]), 'dist_end_effector': -1.1420169502092732, 'collision': False}
{'pos_end_effector': [0, 0], 'dist_end_effector': -1000000, 'collision': True}
{'pos_end_effector': [0, 0], 'dist_end_effector': -1000000, 'collision': True}
{'pos_end_effector': [0, 0], 'dist_end_effector': -1000000, 'collision': True}
{'pos_end_effector': array([0.05195256, 0.20521605]), 'dist_end_effector': -2.0621888705123457, 'collision': False}
{'pos_end_effector': array([4.38585228, 1.74712117]), 'dist_end_effector': -6.620539383137729, 'collision': False}
{'pos_end_effector': [0, 0], 'dist_end_effector': -1000000, 'collision': True}
{'pos_end_effector': array([ 1.01196503, -2.78479253]), 'dist_end_effector': -4.102072983668924, 'collision': False}
{'pos_end_effector': [0, 0], 'dist_end_effector': -1000000, 'collision': True}
{'pos_end_effector': [0, 0], 'dist_end_effector': -1000000, 'collision': True}
{'pos_end_effector': array([0.2325845 , 0.28818824]), 'dist_end_effector': -2.2511077298415505, 'collision': False}
{'pos_end_effector': [0, 0], 'dist_end_effector': -1000000, 'collision': True}
{'pos_end_effector': array([2.57181721, 6.7878369 ]), 'dist_end_effector': -8.183901417264527, 'collision': False}
{'pos_end_effector': [0, 0], 'dist_end_effector': -1000000, 'collision': True}
{'pos_end_effector': array([ 2.97081245, -5.60776434]), 'dist_end_effector': -7.493730534409625, 'collision': False}
{'pos_end_effector': [0, 0], 'dist_end_effector': -1000000, 'collision': True}
{'pos_end_effector': [0, 0], 'dist_end_effector': -1000000, 'collision': True}
{'pos_end_effector': [0, 0], 'dist_end_effector': -1000000, 'collision': True}
{'pos_end_effector': [0, 0], 'dist_end_effector': -1000000, 'collision': True}
{'pos_end_effector': [0, 0], 'dist_end_effector': -1000000, 'collision': True}
{'pos_end_effector': array([-0.56032824, -1.19040135]), 'dist_end_effector': -1.8680765971286177, 'collision': False}
{'pos_end_effector': [0, 0], 'dist_end_effector': -1000000, 'collision': True}
{'pos_end_effector': array([ 2.79523804, -0.84549713]), 'dist_end_effector': -4.869206639737497, 'collision': False}
