0.3458943855871513 -1.1302101869438634
1.1601938671114727 2.8271702715148797
0 0
3.383435016670702 -1.9469704369950414
1.1139202097224843 -2.315017622953534
0 0
1.3112249476125515 1.5759688898043676
0 0
0.32164395875384244 1.3767071115502336
1.348507705689479 -3.0724467958837787
0 0
-1.5716079397924134 -3.478870477459024
0 0
-1.166367132652959 -2.309290794135562
-2.2574856455943864 -1.8555016800208675
0 0
0.0612925855083023 0.3139848696726884
0 0
0 0
0 0
2.1338635620418094 1.2377344948492064
4.217989856735161 -1.2535563708048962
0 0
1.6815088412422594 -1.5588355609051936
3.3395638269981367 -2.6504816294859777
0 0
0 0
0 0
1.7732654517127915 0.8976364062967662
0 0
0.035025601021279495 -1.6480163666495593
5.041778888015764 0.4291511157801602
0.7092784685344342 1.5296460068190516
2.4563534100219453 -2.714859894110637
0 0
-1.182733226475071 -2.772348696815872
1.303242809264541 -1.06989052336149
-2.486250733140408 1.6088319908756135
4.142314235272855 1.366499353247482
1.7768874865031072 -1.551063964909022
0 0
2.595625068161394 -0.9553560909573627
5.734467354111073 -0.8329259958557578
-3.917457157386852 1.583418850009948
0 0
0 0
-0.4734912560869582 -1.865108140636325
0.7761803587359706 2.502996403366608
3.545729179827123 2.9616637234468426
0 0
4.031158583151049 -0.7871173577325509
0 0
0 0
0 0
0 0
-0.6424397923100623 1.5554612836177162
0 0
0 0
-1.4879865622835116 4.520867270804601
0.5106621563241965 -4.6110172275310495
-2.1708776366190623 1.5795346833385255
-4.7117989933168865 1.7745718279819809
2.286913503639848 0.25843547900988506
1.624348928751345 -1.4115648049650185
0 0
2.2850759631416904 2.698464894109585
1.8138045004692205 1.3155188612265984
0.8259370012632677 -2.972942115725737
1.225590342388108 0.23358398074067543
0 0
-0.778639679961717 -3.3873299773760914
0 0
1.340574542294646 2.0043983785610293
3.188035726774366 0.03703414860511797
-0.43178498240678487 2.1739573198594884
1.838305114180854 -3.456112048840474
-0.045184288033746085 0.14765150805182514
-0.006180477637928172 3.409348823345737
0 0
0 0
1.093550731701352 0.6084436266126129
-1.2807576703171897 -1.492919944718837
1.4317197121915353 -0.48266539171185746
0 0
0 0
3.297409104704366 -2.8403166399550863
1.2652941273267433 -1.3363018672059683
-0.2360456891027335 -3.4871784638149763
0 0
0 0
0 0
-0.9066125473440017 -1.9400425874116716
1.03803105676508 -2.850335570001259
1.8197183015093958 2.379447976003071
0 0
0.8875219017988404 0.8612856852186569
0 0
0 0
0 0
-0.3171349456009786 -1.463363156593052
0 0
0 0
1.838305114180854 -3.456112048840474
3.0103445887941094 0.2411472905037486
0 0
-0.8820056481190188 -1.2050462354937508
0.32164395875384244 1.3767071115502336
4.110051912722149 2.795646623997357
0 0
0.0612925855083023 0.3139848696726884
-0.006180477637928172 3.409348823345737
3.783459729801901 1.7209829119212605
0 0
0 0
0 0
2.4208493046473016 -2.741655014602381
-0.4734912560869582 -1.865108140636325
3.383435016670702 -1.9469704369950414
0 0
0 0
0 0
4.217989856735161 -1.2535563708048962
4.059206471156174 -0.4500853079713913
0 0
0 0
0 0
1.340574542294646 2.0043983785610293
1.340574542294646 2.0043983785610293
0 0
1.8197183015093958 2.379447976003071
0 0
0 0
-4.7117989933168865 1.7745718279819809
0 0
0.7092784685344342 1.5296460068190516
0 0
0.3937241028703138 1.4386469816833516
-1.4879865622835116 4.520867270804601
3.297409104704366 -2.8403166399550863
0 0
2.144521262915747 1.6399165015115726
-2.764999765891026 -4.614652334632475
0 0
0 0
2.7790871075698536 -1.8773421344083114
0 0
0.23740438930329388 1.3937060174711742
0 0
4.217989856735161 -1.2535563708048962
4.380996244244766 0.37592525168357804
0 0
4.142314235272855 1.366499353247482
3.696631502663348 0.9000752910773451
-3.917457157386852 1.583418850009948
2.927656159848937 -3.1038793898497095
1.2652941273267433 -1.3363018672059683
1.1139202097224843 -2.315017622953534
4.926511664372835 0.8456976265395462
0 0
2.3584820133495175 3.3667100559821095
5.41489157475958 0.7266474114247237
0 0
-0.5908019809927584 0.6817472290241007
2.3802910452974664 2.3315930572949175
1.974401186173301 -1.3028907198089938
0 0
-0.23746760258895971 1.7648025833786962
0 0
0.5116078331865402 3.4865779467660727
4.068611459341199 1.560527597626297
0 0
0 0
2.6078650844988087 -3.0855736279100308
0 0
2.595625068161394 -0.9553560909573627
-1.4879865622835116 4.520867270804601
0.08330840266665518 1.4113245612689378
1.1139202097224843 -2.315017622953534
0 0
0 0
-0.006180477637928172 3.409348823345737
1.6996028925494862 -3.7965130306694266
0.7808722159967736 3.310339426335541
0 0
3.410645699217159 1.552490920284872
0 0
-1.4454120129225436 -4.150627766106595
0 0
0 0
3.7013728284180756 -2.273761291545817
0 0
0 0
2.4563534100219453 -2.714859894110637
0 0
0 0
0.8259370012632677 -2.972942115725737
0 0
0 0
0 0
-4.7117989933168865 1.7745718279819809
3.383435016670702 -1.9469704369950414
0 0
0 0
1.7732654517127915 0.8976364062967662
3.3197939949314925 -4.96754877568395
-1.3152009133378115 -2.630494596667836
-0.16267603329489935 0.23598128318019918
-0.14904348156475922 -0.975416582826819
0 0
-0.2297172792650376 -3.956227056883531
1.1099918904168409 1.4558169279501363
1.1139202097224843 -2.315017622953534
5.6518726417403755 -0.06392425964130666
-0.2360456891027335 -3.4871784638149763
1.7732654517127915 0.8976364062967662
1.624348928751345 -1.4115648049650185
1.5563897471039299 -3.0985725554981247
1.838305114180854 -3.456112048840474
0 0
0 0
0.8259370012632677 -2.972942115725737
3.6043383448486006 -2.3858098034666733
0 0
0 0
1.303242809264541 -1.06989052336149
-4.7117989933168865 1.7745718279819809
0.32164395875384244 1.3767071115502336
0 0
0 0
1.7768874865031072 -1.551063964909022
0 0
1.7768874865031072 -1.551063964909022
2.3606937256643152 2.5215279164640343
0 0
0.8259370012632677 -2.972942115725737
-4.7117989933168865 1.7745718279819809
0 0
3.9527911360322223 -2.1745743568811515
1.7229877970181158 0.9907242459303215
-1.7454324132717325 2.7540399136238185
-2.2535177039773 4.643665299011292
0.7296195716063114 1.498572320130329
0 0
0 0
0 0
0 0
0 0
0.2960547026928009 -4.663726105699787
0 0
-2.1615054410709584 1.5763688197289247
0.6345802485116112 -3.7409852821688316
-0.43178498240678487 2.1739573198594884
-1.0825292408210259 -3.093752135671295
-4.756575678652834 -1.4593535467727135
-0.778639679961717 -3.3873299773760914
-1.2807576703171897 -1.492919944718837
1.3774816992219727 -2.496429100352159
1.8197183015093958 2.379447976003071
0.8875219017988404 0.8612856852186569
-2.1708776366190623 1.5795346833385255
3.297409104704366 -2.8403166399550863
2.1746197639575824 2.7938110620484644
0.2544355894587924 -1.1437333545695543
3.188035726774366 0.03703414860511797
-2.3713309712944275 1.5576057613791043
1.6815088412422594 -1.5588355609051936
1.03803105676508 -2.850335570001259
1.7732654517127915 0.8976364062967662
-0.006180477637928172 3.409348823345737
0 0
0 0
-1.166367132652959 -2.309290794135562
-1.182733226475071 -2.772348696815872
1.1320965730673673 5.24001176342483
1.348507705689479 -3.0724467958837787
0 0
0 0
0 0
0 0
0 0
-1.519305815472527 3.6807105976594174
0 0
0 0
0 0
1.241730910623872 1.3558654028870578
0.8536230234287326 -1.2455749326650645
2.5752432166764363 2.863818380990286
-0.7658716068632586 -3.3903220571336865
0.2870270719099243 1.0263072539698759
2.6215384535213615 -0.019710076977636604
0 0
-0.35306407609704893 -1.6113701198950732
0 0
-0.23674290461951597 -3.213493450955281
-4.532302682543821 2.8379369149608777
2.4174035551079633 2.6416946580175145
-2.0044150627153505 2.859685577517709
4.144185208783908 1.2984816353228297
0.34044949304131966 -1.131862242209848
1.9789216646457755 1.7076350165809049
