## Generation 0 
-2.603957667666854
-4.240249641455852
-1000000
-5.724689202153157
-3.8801811384397444
-1000000
-3.6671362935297283
-1000000
-2.6991393336045473
-4.544494819955053
-1000000
-3.50514757980101
-1000000
-2.4551512640569633
-1.8732819708328534
-1000000
-2.085069212629374
-1000000
-1000000
-1000000
-4.315184194135473
-6.343090842266639
-1000000
-3.997933923176762
-5.961207489328788
-1000000
-1000000
-1000000
-3.87856716932925
-1000000
-2.618642232447349
-7.054843767786774
-3.111270918168612
-5.218194128208019
-1000000
-2.890301416088729
-3.4721864565337817
-1.6807082287965316
-6.29248318609286
-4.082974223399292
-1000000
-4.693876332802426
-7.779187037626892
-2.4867362556131467
-1000000
-1000000
-2.4101571155239783
-3.7379363798087253
-6.287015519844614
-1000000
-6.082304463767038
-1000000
-1000000
-1000000
-1000000
-2.06456521387357
-1000000
-1000000
-4.549769075528394
-5.250228979367146
-1.5887507616255774
-3.2408268933748663
-4.294696297120525
-3.8895270092849277
-1000000
-5.063949920233862
-4.034314643411221
-4.101744111785211
-3.2340368787269718
-1000000
-3.600795107610919
-1000000
-3.8957734960602064
-5.188167906925346
-2.6805575483424224
-5.165006935492652
-1.960384002072071
-3.9495538592353796
-1000000
-1000000
-3.1528177518492058
-1.657141964391359
-3.4654965103719717
-1000000
-1000000
-6.010818732736038
-3.528150849701962
-3.907934038520613
-1000000
-1000000
-1000000
-2.2269399099653646
-4.1658187146686485
-4.500224502554393
-1000000
-3.0132367588575852
-1000000
-1000000
-1000000
-2.230127018667637
## Generation 1 
-1000000
-1000000
-5.165006935492652
-5.016144427164724
-1000000
-1.6437906802617648
-2.6991393336045473
-6.719254007881188
-1000000
-2.085069212629374
-3.9495538592353796
-6.034085566957537
-1000000
-1000000
-1000000
-5.201978546043314
-2.4101571155239783
-5.724689202153157
-1000000
-1000000
-1000000
-6.343090842266639
-6.075899920551075
-1000000
-1000000
-1000000
-3.8957734960602064
-3.8957734960602064
-1000000
-4.500224502554393
-1000000
-1000000
-3.2408268933748663
-1000000
-3.111270918168612
-1000000
-2.7927800161432166
-4.549769075528394
-6.010818732736038
-1000000
-4.457172044098219
-4.6776319662134895
-1000000
-1000000
-5.134597070010961
-1000000
-2.6359808163962435
-1000000
-6.343090842266639
-6.392060142389085
-1000000
-6.29248318609286
-5.767299715355917
-2.4867362556131467
-5.823732694452157
-3.528150849701962
-3.8801811384397444
-6.977948718085248
-1000000
-5.507367979510931
-7.450411634666293
-1000000
-1.5654450935935038
-4.962184582050433
-4.182509894360101
-1000000
-2.494203001005257
-1000000
-4.29702218828336
-6.26604272467086
-1000000
-1000000
-5.545555450105704
-1000000
-4.693876332802426
-4.549769075528394
-2.5163487273950027
-3.8801811384397444
-1000000
-1000000
-3.9495538592353796
-5.3009973358419336
-4.323378007907049
-1000000
-5.628971037412088
-1000000
-4.187514619459334
-1000000
-1000000
-6.138048756694267
-1000000
-1000000
-5.218194128208019
-1000000
-1000000
-4.101744111785211
-1000000
-1000000
-1000000
-3.2408268933748663
-5.724689202153157
-1000000
-1000000
-3.87856716932925
-7.278512827996408
-2.7181706370631056
-1.8524164015254074
-2.0922422286129914
-1000000
-4.334239660765208
-3.433868443339769
-3.8801811384397444
-7.652139650867953
-3.907934038520613
-3.87856716932925
-3.8895270092849277
-4.716890916164178
-5.165006935492652
-1000000
-1000000
-4.101744111785211
-6.091034124174485
-1000000
-1000000
-3.4721864565337817
-3.2408268933748663
-2.6991393336045473
-1000000
-1000000
-4.082974223399292
-1000000
-4.082974223399292
-5.037236623641537
-1000000
-4.101744111785211
-3.2408268933748663
-1000000
-6.337546523918296
-3.8525540448149465
-2.765780270022502
-4.650580462208084
-3.1139271032503344
-1000000
-1000000
-1000000
-1000000
-1000000
-5.198288986459239
-1000000
-1.5846206685857305
-4.575585641997242
-2.6805575483424224
-3.2269265363375013
-3.1190418795871326
-3.600795107610919
-1.657141964391359
-4.199945342699644
-4.500224502554393
-3.0132367588575852
-1.5887507616255774
-6.010818732736038
-5.023229083373526
-2.5279647571462185
-5.188167906925346
-1.6012565060363821
-3.997933923176762
-4.1658187146686485
-3.87856716932925
-3.9495538592353796
-1000000
-1000000
-2.4551512640569633
-2.890301416088729
-6.1047319534809175
-4.544494819955053
-1000000
-1000000
-1000000
-1000000
-1000000
-3.7119667836284416
-1000000
-1000000
-1000000
-3.5138568962950614
-3.1136186781181348
-5.3976204211709415
-3.6079573919093706
-2.506750766869349
-4.621580483396463
-1000000
-2.304107549732158
-1000000
-3.665462555223024
-3.8034777256237873
-5.1470384528269015
-2.8596889857188272
-6.279893823713073
-2.599772290955051
-4.329877014793928
